Running HiGHS 1.7.1 (git hash: 43329e528): Copyright (c) 2024 HiGHS under MIT licence terms
Coefficient ranges:
  Matrix [1e+00, 1e+00]
  Cost   [1e-06, 1e+01]
  Bound  [1e+00, 1e+00]
  RHS    [1e+00, 1e+00]
Presolving model
369 rows, 637 cols, 1274 nonzeros  0s
179 rows, 339 cols, 678 nonzeros  0s
170 rows, 327 cols, 644 nonzeros  0s
Presolve : Reductions: rows 170(-408); columns 327(-603); elements 644(-1216)
Solving the presolved LP
Using EKK dual simplex solver - serial
  Iteration        Objective     Infeasibilities num(sum)
          0     0.0000000000e+00 Ph1: 0(0) 0s
         48     7.4198806267e-05 Pr: 0(0) 0s
         48     7.4198806267e-05 Pr: 0(0) 0s
Solving the original LP from the solution after postsolve
Model   status      : Optimal
Simplex   iterations: 48
Objective value     :  7.4198806267e-05
HiGHS run time      :          0.00

******************************************************************************
This program contains Ipopt, a library for large-scale nonlinear optimization.
 Ipopt is released as open source code under the Eclipse Public License (EPL).
         For more information visit https://github.com/coin-or/Ipopt
******************************************************************************

This is Ipopt version 3.14.14, running with linear solver MUMPS 5.6.2.

Number of nonzeros in equality constraint Jacobian...:    12792
Number of nonzeros in inequality constraint Jacobian.:     6400
Number of nonzeros in Lagrangian Hessian.............:    15236

Total number of variables............................:     5640
                     variables with only lower bounds:       40
                variables with lower and upper bounds:      800
                     variables with only upper bounds:        0
Total number of equality constraints.................:     3204
Total number of inequality constraints...............:     3200
        inequality constraints with only lower bounds:        0
   inequality constraints with lower and upper bounds:        0
        inequality constraints with only upper bounds:     3200

iter    objective    inf_pr   inf_du lg(mu)  ||d||  lg(rg) alpha_du alpha_pr  ls
   0  8.4373094e-01 6.00e-01 1.00e+00  -1.0 0.00e+00    -  0.00e+00 0.00e+00   0
   1  2.0288875e+01 5.65e-01 2.42e+01  -1.0 1.81e+01    -  6.79e-02 5.76e-02f  1
   2  3.5136866e+01 3.80e-01 2.37e+02  -1.0 1.13e+01    -  7.35e-02 3.27e-01f  1
   3  3.4741496e+01 3.19e-01 1.73e+02  -1.0 2.76e+00   0.0 8.15e-03 1.62e-01h  1
   4  3.4246446e+01 2.81e-01 1.18e+02  -1.0 2.46e+00   0.4 1.61e-01 1.19e-01h  1
   5  3.1364312e+01 1.21e-01 1.30e+02  -1.0 1.98e+00  -0.1 4.92e-01 5.68e-01h  1
   6  3.1201708e+01 9.14e-02 1.03e+02  -1.0 6.12e-01   0.4 3.68e-01 2.47e-01h  1
   7  3.1410950e+01 7.45e-02 9.23e+01  -1.0 4.61e-01   0.8 3.16e-01 1.85e-01h  1
   8  3.2034092e+01 6.51e-03 4.85e+01  -1.0 5.56e-01   0.3 1.00e+00 9.13e-01h  1
   9  3.3453870e+01 1.27e-03 2.51e+01  -1.0 1.15e-01   0.7 1.00e+00 9.40e-01h  1
iter    objective    inf_pr   inf_du lg(mu)  ||d||  lg(rg) alpha_du alpha_pr  ls
  10  3.3726533e+01 4.14e-03 1.76e+01  -1.0 1.81e-01   0.3 1.00e+00 1.00e+00f  1
  11  3.3943710e+01 6.64e-04 6.12e-01  -1.0 6.06e-02   0.7 1.00e+00 1.00e+00f  1
  12  2.7363413e+01 1.79e-03 1.47e+00  -1.7 1.55e-01   0.2 9.88e-01 1.00e+00f  1
  13  2.5969506e+01 1.95e-03 6.80e+00  -1.7 7.53e-01  -0.3 5.23e-01 1.20e-01f  1
  14  1.7076340e+01 1.40e-02 1.59e+01  -1.7 1.08e+00  -0.7 3.88e-01 8.80e-01f  1
  15  1.4637127e+01 8.16e-02 1.44e+01  -1.7 1.52e+00  -1.2 6.15e-01 1.00e+00f  1
  16  1.4746498e+01 6.34e-02 1.09e+01  -1.7 1.10e+00  -0.8 2.15e-01 2.02e-01h  2
  17  1.4208616e+01 6.70e-02 1.92e+01  -1.7 5.01e-01  -0.4 1.00e+00 4.31e-01h  1
  18  1.4964861e+01 9.13e-02 2.47e+01  -1.7 4.61e-01   0.1 6.72e-02 8.38e-01h  1
  19  1.5170845e+01 4.97e-03 7.52e+01  -1.7 3.30e-01   0.5 3.44e-01 1.00e+00f  1
iter    objective    inf_pr   inf_du lg(mu)  ||d||  lg(rg) alpha_du alpha_pr  ls
  20  1.5035344e+01 2.17e-03 4.09e+01  -1.7 6.00e-02   0.0 1.00e+00 5.63e-01h  1
  21  1.5042258e+01 2.90e-04 9.19e-02  -1.7 3.90e-02   0.4 1.00e+00 1.00e+00f  1
  22  9.9962291e+00 8.28e-04 3.08e+00  -2.5 5.65e-02  -0.0 8.76e-01 1.00e+00f  1
  23  8.2703643e+00 1.58e-03 1.19e+00  -2.5 8.48e-02  -0.5 9.46e-01 6.95e-01f  1
  24  6.8626894e+00 3.44e-03 6.34e-01  -2.5 9.47e-02  -1.0 1.00e+00 1.00e+00f  1
  25  6.7563803e+00 6.11e-04 1.39e-01  -2.5 9.23e-02  -1.5 1.00e+00 1.00e+00h  1
  26  6.7217134e+00 2.32e-04 2.00e-01  -2.5 9.53e-02  -1.9 1.00e+00 1.00e+00h  1
  27  6.7131197e+00 2.32e-03 6.80e+00  -2.5 5.52e-01  -2.4 3.65e-01 1.00e+00h  1
  28  6.7097474e+00 1.79e-03 4.81e-01  -2.5 1.21e-01  -1.1 1.00e+00 1.75e-01h  1
  29  6.7148911e+00 5.00e-04 4.50e-02  -2.5 9.37e-02  -1.6 1.00e+00 1.00e+00f  1
iter    objective    inf_pr   inf_du lg(mu)  ||d||  lg(rg) alpha_du alpha_pr  ls
  30  6.7151766e+00 3.44e-04 3.08e-01  -2.5 1.31e-01  -2.0 1.00e+00 1.00e+00h  1
  31  6.7093782e+00 3.97e-05 1.47e+00  -2.5 4.51e-01  -2.5 1.00e+00 1.00e+00h  1
  32  6.7045892e+00 1.96e-04 1.65e+00  -2.5 3.90e-01  -2.1 7.10e-01 1.00e+00h  1
  33  6.7006792e+00 4.94e-04 3.18e-01  -2.5 6.69e-02  -0.8 1.00e+00 1.00e+00h  1
  34  6.6770659e+00 2.03e-04 2.40e-01  -2.5 2.22e-01  -1.2 9.43e-01 1.00e+00h  1
  35  6.5480362e+00 5.82e-03 4.28e+00  -2.5 2.24e+00  -1.7 3.12e-01 3.82e-01f  1
  36  6.5204022e+00 6.67e-03 3.92e+00  -2.5 2.30e+00    -  2.20e-01 1.56e-01h  1
  37  6.5240952e+00 6.79e-03 3.45e+00  -2.5 1.31e+00    -  3.48e-01 9.67e-02h  2
  38  6.5609218e+00 2.65e-04 1.92e-02  -2.5 3.79e-02  -0.4 1.00e+00 1.00e+00h  1
  39  5.2031026e+00 1.01e-03 3.29e-01  -3.8 9.82e-02    -  7.86e-01 1.00e+00f  1
iter    objective    inf_pr   inf_du lg(mu)  ||d||  lg(rg) alpha_du alpha_pr  ls
  40  4.8762169e+00 5.75e-04 1.25e-01  -3.8 5.26e-02    -  9.03e-01 6.38e-01h  1
  41  4.7597572e+00 3.98e-04 4.59e-01  -3.8 4.21e-02    -  1.00e+00 4.98e-01h  1
  42  4.6510385e+00 1.64e-04 3.36e-02  -3.8 2.89e-02    -  1.00e+00 1.00e+00f  1
  43  4.6495219e+00 2.57e-06 1.05e-03  -3.8 4.09e-03    -  1.00e+00 1.00e+00h  1
  44  4.5941914e+00 4.28e-05 1.65e-01  -5.7 2.97e-02    -  8.16e-01 5.43e-01f  1
  45  4.5599933e+00 7.33e-05 3.26e-02  -5.7 2.83e-02    -  6.11e-01 7.03e-01h  1
  46  4.5568083e+00 6.20e-05 6.41e-02  -5.7 5.22e-02    -  3.83e-01 1.89e-01h  1
  47  4.5502633e+00 6.92e-05 3.37e-02  -5.7 2.45e-02    -  4.98e-01 5.19e-01h  1
  48  4.5484110e+00 5.49e-05 2.43e-02  -5.7 2.35e-02    -  3.65e-01 2.83e-01f  1
  49  4.5449741e+00 3.18e-05 3.87e-02  -5.7 1.52e-02    -  9.72e-01 8.17e-01f  1
iter    objective    inf_pr   inf_du lg(mu)  ||d||  lg(rg) alpha_du alpha_pr  ls
  50  4.5441017e+00 1.06e-05 6.39e-02  -5.7 5.47e-03    -  1.00e+00 7.46e-01f  1
  51  4.5437598e+00 3.15e-07 9.46e-05  -5.7 1.17e-03    -  1.00e+00 1.00e+00f  1
  52  4.5437510e+00 1.67e-10 1.18e-08  -5.7 2.49e-05    -  1.00e+00 1.00e+00h  1
  53  4.5431262e+00 3.28e-06 4.42e-02  -8.6 7.19e-03    -  8.65e-01 6.61e-01f  1
  54  4.5428613e+00 1.61e-06 3.35e-02  -8.6 3.05e-03    -  9.43e-01 7.19e-01h  1
  55  4.5427756e+00 5.50e-07 1.66e-02  -8.6 8.34e-04    -  9.79e-01 6.89e-01h  1
  56  4.5427528e+00 2.88e-07 1.40e-02  -8.6 1.84e-04    -  9.38e-01 4.80e-01f  1
  57  4.5427376e+00 1.07e-07 5.40e-03  -8.6 1.06e-04    -  1.00e+00 6.29e-01f  1
  58  4.5427296e+00 9.59e-10 2.47e-07  -8.6 6.10e-05    -  1.00e+00 1.00e+00f  1
  59  4.5427288e+00 3.94e-11 9.77e-09  -8.6 1.24e-05    -  1.00e+00 1.00e+00h  1

Number of Iterations....: 59

                                   (scaled)                 (unscaled)
Objective...............:   4.5427288400568564e+00    4.5427288400568564e+00
Dual infeasibility......:   9.7715161909736441e-09    9.7715161909736441e-09
Constraint violation....:   3.9388368997352648e-11    3.9388368997352648e-11
Variable bound violation:   7.6819220443330796e-09    7.6819220443330796e-09
Complementarity.........:   2.9012424444683766e-09    2.9012424444683766e-09
Overall NLP error.......:   9.7715161909736441e-09    9.7715161909736441e-09


Number of objective function evaluations             = 64
Number of objective gradient evaluations             = 60
Number of equality constraint evaluations            = 64
Number of inequality constraint evaluations          = 64
Number of equality constraint Jacobian evaluations   = 60
Number of inequality constraint Jacobian evaluations = 60
Number of Lagrangian Hessian evaluations             = 59
Total seconds in IPOPT                               = 2.076

EXIT: Optimal Solution Found.
constructing product automaton vertices
constructing product automaton edges
removing redundant constraints
576 modes
928 transitions
[2, 34, 66, 98, 130, 162, 194, 226, 258, 290, 322, 354, 386, 418, 450, 482, 514, 546]
[1, 33, 65, 97, 129, 161, 193, 225, 257, 289, 321, 353, 385, 417, 449, 481, 513, 545]
formulating SOS
formulating SDP
Problem
  Name                   :                 
  Objective sense        : maximize        
  Type                   : CONIC (conic optimization problem)
  Constraints            : 28351           
  Affine conic cons.     : 0               
  Disjunctive cons.      : 0               
  Cones                  : 0               
  Scalar variables       : 18398           
  Matrix variables       : 1506 (scalarized: 22590)
  Integer variables      : 0               

Optimizer started.
Presolve started.
Linear dependency checker started.
Linear dependency checker terminated.
Eliminator started.
Freed constraints in eliminator : 992
Eliminator terminated.
Eliminator started.
Freed constraints in eliminator : 0
Eliminator terminated.
Eliminator - tries                  : 2                 time                   : 0.00            
Lin. dep.  - tries                  : 1                 time                   : 0.01            
Lin. dep.  - primal attempts        : 1                 successes              : 1               
Lin. dep.  - dual attempts          : 0                 successes              : 0               
Lin. dep.  - primal deps.           : 0                 dual deps.             : 0               
Presolve terminated. Time: 0.07    
Optimizer  - threads                : 4               
Optimizer  - solved problem         : the primal      
Optimizer  - Constraints            : 22590           
Optimizer  - Cones                  : 1               
Optimizer  - Scalar variables       : 10975             conic                  : 5230            
Optimizer  - Semi-definite variables: 1506              scalarized             : 22590           
Factor     - setup time             : 0.23            
Factor     - dense det. time        : 0.00              GP order time          : 0.00            
Factor     - nonzeros before factor : 2.28e+05          after factor           : 5.28e+05        
Factor     - dense dim.             : 2                 flops                  : 2.54e+07        
ITE PFEAS    DFEAS    GFEAS    PRSTATUS   POBJ              DOBJ              MU       TIME  
0   1.0e+00  1.0e+00  1.0e+00  0.00e+00   -0.000000000e+00  -0.000000000e+00  1.0e+00  0.37  
1   8.4e-01  8.4e-01  7.6e-01  1.05e+00   1.701694507e-01   1.817682214e-01   8.4e-01  0.49  
2   3.5e-01  3.5e-01  1.8e-01  1.08e+00   -1.020803263e+00  -9.801267332e-01  3.5e-01  0.62  
3   1.0e-01  1.0e-01  2.6e-02  1.19e+00   2.466519927e-01   2.669823950e-01   1.0e-01  0.74  
4   3.3e-02  3.3e-02  4.2e-03  1.25e+00   2.022758683e+00   2.029393994e+00   3.3e-02  0.86  
5   8.2e-03  8.2e-03  5.1e-04  1.14e+00   2.278770630e+00   2.280472062e+00   8.2e-03  0.98  
6   2.1e-03  2.1e-03  6.6e-05  1.04e+00   2.438044390e+00   2.438485670e+00   2.1e-03  1.10  
7   5.5e-04  5.5e-04  8.5e-06  1.01e+00   2.469234984e+00   2.469353396e+00   5.5e-04  1.23  
8   1.8e-04  1.8e-04  1.6e-06  1.00e+00   2.471993122e+00   2.472032692e+00   1.8e-04  1.39  
9   4.7e-05  4.7e-05  2.1e-07  1.00e+00   2.472327408e+00   2.472337866e+00   4.7e-05  1.55  
10  6.2e-06  6.2e-06  1.0e-08  1.00e+00   2.472356740e+00   2.472358139e+00   6.2e-06  1.70  
11  1.1e-06  1.1e-06  7.2e-10  1.00e+00   2.472337092e+00   2.472337332e+00   1.1e-06  1.82  
12  2.6e-07  2.6e-07  8.6e-11  1.00e+00   2.472333379e+00   2.472333437e+00   2.6e-07  1.95  
13  5.0e-08  4.8e-08  6.9e-12  1.00e+00   2.472332447e+00   2.472332458e+00   4.8e-08  2.07  
14  2.5e-08  1.2e-08  8.2e-13  1.00e+00   2.472332257e+00   2.472332260e+00   1.2e-08  2.19  
Optimizer terminated. Time: 2.22    

