Running HiGHS 1.7.0 (git hash: 50670fd4c): Copyright (c) 2024 HiGHS under MIT licence terms
Coefficient ranges:
  Matrix [1e+00, 1e+00]
  Cost   [1e-06, 1e+01]
  Bound  [1e+00, 1e+00]
  RHS    [1e+00, 1e+00]
Presolving model
8 rows, 16 cols, 32 nonzeros  0s
7 rows, 16 cols, 28 nonzeros  0s
Presolve : Reductions: rows 7(-4); columns 16(-6); elements 28(-16)
Solving the presolved LP
Using EKK dual simplex solver - serial
  Iteration        Objective     Infeasibilities num(sum)
          0     2.0000010001e-06 Pr: 1(1) 0s
          6     7.8306334741e-01 Pr: 0(0) 0s
Solving the original LP from the solution after postsolve
Model   status      : Optimal
Simplex   iterations: 6
Objective value     :  7.8306334741e-01
HiGHS run time      :          0.00

******************************************************************************
This program contains Ipopt, a library for large-scale nonlinear optimization.
 Ipopt is released as open source code under the Eclipse Public License (EPL).
         For more information visit https://github.com/coin-or/Ipopt
******************************************************************************

This is Ipopt version 3.14.14, running with linear solver MUMPS 5.6.2.

Number of nonzeros in equality constraint Jacobian...:     3184
Number of nonzeros in inequality constraint Jacobian.:     2080
Number of nonzeros in Lagrangian Hessian.............:     5297

Total number of variables............................:     1305
                     variables with only lower bounds:        5
                variables with lower and upper bounds:      100
                     variables with only upper bounds:        0
Total number of equality constraints.................:      808
Total number of inequality constraints...............:      800
        inequality constraints with only lower bounds:        0
   inequality constraints with lower and upper bounds:        0
        inequality constraints with only upper bounds:      800

iter    objective    inf_pr   inf_du lg(mu)  ||d||  lg(rg) alpha_du alpha_pr  ls
   0  7.0178925e+00 1.00e+02 1.00e+00  -1.0 0.00e+00    -  0.00e+00 0.00e+00   0
   1  7.2617197e+00 9.89e+01 1.94e+00  -1.0 1.00e+02    -  5.41e-03 1.12e-02f  1
   2  7.3503244e+00 9.88e+01 2.90e+00  -1.0 9.89e+01    -  1.15e-03 4.54e-04h  1
   3  7.6978295e+00 9.87e+01 6.10e+00  -1.0 9.88e+01    -  2.62e-03 1.64e-03f  1
   4  9.0117001e+00 9.82e+01 3.69e+00  -1.0 9.87e+01    -  4.05e-03 4.96e-03f  1
   5  9.5727537e+00 9.80e+01 1.72e+01  -1.0 9.82e+01    -  7.28e-03 1.94e-03h  1
   6  1.3077435e+01 9.69e+01 9.09e+00  -1.0 9.80e+01    -  7.03e-03 1.07e-02f  1
   7  1.8089944e+01 9.53e+01 7.08e+00  -1.0 9.69e+01    -  2.70e-02 1.67e-02h  1
   8  3.1921385e+01 9.11e+01 6.22e+00  -1.0 9.53e+01    -  2.75e-02 4.38e-02h  1
   9  5.2090595e+01 8.56e+01 5.83e+00  -1.0 9.11e+01    -  6.05e-02 6.08e-02h  1
iter    objective    inf_pr   inf_du lg(mu)  ||d||  lg(rg) alpha_du alpha_pr  ls
  10  1.3476605e+02 6.16e+01 1.70e+01  -1.0 8.56e+01    -  7.46e-02 2.80e-01h  1
  11  2.6674401e+02 3.18e+00 2.66e+01  -1.0 6.16e+01    -  1.45e-01 1.00e+00h  1
  12  2.1657591e+02 4.03e+00 2.36e+01  -1.0 2.90e+01    -  2.06e-01 6.20e-01f  1
  13  1.9152971e+02 3.72e-01 2.21e+01  -1.0 7.02e+00    -  1.96e-01 1.00e+00f  1
  14  1.7746367e+02 3.25e-01 1.66e+01  -1.0 7.67e+00    -  2.77e-01 1.00e+00f  1
  15  1.5702582e+02 4.34e-01 1.43e+01  -1.0 8.93e+00    -  1.81e-01 1.00e+00f  1
  16  1.2165405e+02 2.37e+00 1.07e+01  -1.0 1.84e+01    -  2.87e-01 1.00e+00f  1
  17  1.2926543e+02 4.99e-01 6.28e+00  -1.0 8.56e+00    -  4.93e-01 1.00e+00h  1
  18  1.3122542e+02 1.55e-01 4.08e+00  -1.0 1.05e+01    -  4.73e-01 1.00e+00h  1
  19  1.2532129e+02 1.28e-01 2.04e+00  -1.0 1.34e+01    -  6.13e-01 1.00e+00f  1
iter    objective    inf_pr   inf_du lg(mu)  ||d||  lg(rg) alpha_du alpha_pr  ls
  20  1.2445865e+02 5.72e-03 6.83e-02  -1.0 4.37e+00    -  1.00e+00 1.00e+00h  1
  21  1.1998544e+02 7.71e-02 7.46e+00  -2.5 7.37e+00    -  7.48e-01 1.00e+00f  1
  22  1.1807701e+02 3.25e-02 1.66e+00  -2.5 3.70e+00    -  7.36e-01 7.87e-01f  1
  23  1.1735972e+02 1.82e-03 3.80e-01  -2.5 6.14e-01    -  9.32e-01 1.00e+00h  1
  24  1.1721893e+02 1.23e-04 5.41e-04  -2.5 1.52e-01    -  1.00e+00 1.00e+00h  1
  25  1.1699407e+02 1.20e-04 7.20e-02  -3.8 2.55e-01    -  8.89e-01 8.43e-01f  1
  26  1.1690668e+02 4.82e-05 1.98e-04  -3.8 2.50e-01    -  1.00e+00 1.00e+00f  1
  27  1.1688326e+02 2.39e-05 2.70e-02  -5.7 1.45e-01    -  8.70e-01 8.03e-01h  1
  28  1.1687605e+02 3.30e-06 1.55e-02  -5.7 6.11e-02    -  1.00e+00 9.39e-01h  1
  29  1.1687514e+02 6.73e-07 3.41e-02  -5.7 6.96e-03    -  1.00e+00 7.95e-01f  1
iter    objective    inf_pr   inf_du lg(mu)  ||d||  lg(rg) alpha_du alpha_pr  ls
  30  1.1687475e+02 1.29e-09 6.96e-06  -5.7 1.52e-03    -  1.00e+00 1.00e+00f  1
  31  1.1687459e+02 4.71e-10 7.10e-02  -8.6 1.59e-03    -  9.98e-01 6.20e-01h  1
  32  1.1687451e+02 1.56e-10 4.37e-02  -8.6 6.13e-04    -  1.00e+00 8.17e-01f  1
  33  1.1687449e+02 2.63e-11 6.26e-03  -8.6 1.12e-04    -  1.00e+00 8.57e-01f  1
  34  1.1687449e+02 3.30e-13 3.93e-07  -8.6 1.75e-05    -  1.00e+00 1.00e+00f  1
  35  1.1687449e+02 1.29e-14 2.30e-09  -8.6 3.05e-06    -  1.00e+00 1.00e+00h  1

Number of Iterations....: 35

                                   (scaled)                 (unscaled)
Objective...............:   1.1687448548068882e+02    1.1687448548068882e+02
Dual infeasibility......:   2.3015054306796401e-09    2.3015054306796401e-09
Constraint violation....:   1.2878587085651816e-14    1.2878587085651816e-14
Variable bound violation:   6.4850762757773369e-09    6.4850762757773369e-09
Complementarity.........:   8.8491288746252223e-09    8.8491288746252223e-09
Overall NLP error.......:   8.8491288746252223e-09    8.8491288746252223e-09


Number of objective function evaluations             = 36
Number of objective gradient evaluations             = 36
Number of equality constraint evaluations            = 36
Number of inequality constraint evaluations          = 36
Number of equality constraint Jacobian evaluations   = 36
Number of inequality constraint Jacobian evaluations = 36
Number of Lagrangian Hessian evaluations             = 35
Total seconds in IPOPT                               = 0.587

EXIT: Optimal Solution Found.
constructing product automaton vertices
constructing product automaton edges
removing redundant constraints
removing redundant constraints
9 modes
20 transitions
formulating GMP
formulating SDP
MOSEK warning 705 (MSK_RES_WRN_ZEROS_IN_SPARSE_ROW): 1 (nearly) zero elements are specified in sparse row ''(2042) of matrix 'A'.
MOSEK warning 705 (MSK_RES_WRN_ZEROS_IN_SPARSE_ROW): 1 (nearly) zero elements are specified in sparse row ''(2058) of matrix 'A'.
MOSEK warning 705 (MSK_RES_WRN_ZEROS_IN_SPARSE_ROW): 1 (nearly) zero elements are specified in sparse row ''(2070) of matrix 'A'.
MOSEK warning 705 (MSK_RES_WRN_ZEROS_IN_SPARSE_ROW): 1 (nearly) zero elements are specified in sparse row ''(2098) of matrix 'A'.
MOSEK warning 705 (MSK_RES_WRN_ZEROS_IN_SPARSE_ROW): 1 (nearly) zero elements are specified in sparse row ''(2110) of matrix 'A'.
MOSEK warning 705 (MSK_RES_WRN_ZEROS_IN_SPARSE_ROW): 1 (nearly) zero elements are specified in sparse row ''(2114) of matrix 'A'.
MOSEK warning 705 (MSK_RES_WRN_ZEROS_IN_SPARSE_ROW): 1 (nearly) zero elements are specified in sparse row ''(2130) of matrix 'A'.
MOSEK warning 705 (MSK_RES_WRN_ZEROS_IN_SPARSE_ROW): 1 (nearly) zero elements are specified in sparse row ''(2142) of matrix 'A'.
MOSEK warning 705 (MSK_RES_WRN_ZEROS_IN_SPARSE_ROW): 1 (nearly) zero elements are specified in sparse row ''(2146) of matrix 'A'.
MOSEK warning 705 (MSK_RES_WRN_ZEROS_IN_SPARSE_ROW): 1 (nearly) zero elements are specified in sparse row ''(2150) of matrix 'A'.
Warning number 705 is disabled.
Problem
  Name                   :                 
  Objective sense        : minimize        
  Type                   : CONIC (conic optimization problem)
  Constraints            : 2563            
  Affine conic cons.     : 66 (6006 rows)
  Disjunctive cons.      : 0               
  Cones                  : 0               
  Scalar variables       : 6006            
  Matrix variables       : 0               
  Integer variables      : 0               

Optimizer started.
Presolve started.
Eliminator started.
Freed constraints in eliminator : 1998
Eliminator terminated.
Linear dependency checker started.
Linear dependency checker terminated.
Eliminator started.
Freed constraints in eliminator : 0
Eliminator terminated.
Eliminator - tries                  : 2                 time                   : 0.00            
Lin. dep.  - tries                  : 1                 time                   : 0.00            
Lin. dep.  - primal attempts        : 1                 successes              : 1               
Lin. dep.  - dual attempts          : 0                 successes              : 0               
Lin. dep.  - primal deps.           : 1                 dual deps.             : 0               
Presolve terminated. Time: 0.01    
GP based matrix reordering started.
GP based matrix reordering terminated.
Optimizer  - threads                : 8               
Optimizer  - solved problem         : the primal      
Optimizer  - Constraints            : 6280            
Optimizer  - Cones                  : 1               
Optimizer  - Scalar variables       : 4291              conic                  : 3763            
Optimizer  - Semi-definite variables: 66                scalarized             : 6006            
Factor     - setup time             : 0.17            
Factor     - dense det. time        : 0.06              GP order time          : 0.05            
Factor     - nonzeros before factor : 2.98e+05          after factor           : 9.45e+05        
Factor     - dense dim.             : 2                 flops                  : 2.05e+08        
Factor     - GP saved nzs           : 1.04e+05          GP saved flops         : 6.12e+07        
ITE PFEAS    DFEAS    GFEAS    PRSTATUS   POBJ              DOBJ              MU       TIME  
0   1.4e+04  1.0e+02  1.0e+00  0.00e+00   4.000000000e-02   4.000000000e-02   1.0e+00  0.18  
1   9.5e+03  6.7e+01  8.2e-01  -1.00e+00  3.078817941e+03   3.079308400e+03   6.7e-01  0.19  
2   2.1e+03  1.5e+01  3.8e-01  -1.00e+00  5.592021835e+04   5.592579089e+04   1.5e-01  0.20  
3   1.3e+03  9.5e+00  3.1e-01  -9.95e-01  6.765629029e+04   6.766559067e+04   9.5e-02  0.21  
4   2.3e+02  1.6e+00  1.2e-01  -9.79e-01  7.206877940e+04   7.212347811e+04   1.6e-02  0.23  
5   2.1e+02  1.5e+00  1.2e-01  -8.59e-01  7.013077068e+04   7.018877095e+04   1.5e-02  0.24  
6   5.8e+01  4.1e-01  5.0e-02  -8.31e-01  7.960202325e+04   7.975194477e+04   4.1e-03  0.25  
7   1.7e+01  1.2e-01  1.7e-02  -4.77e-01  5.749994423e+04   5.770145741e+04   1.2e-03  0.26  
8   4.6e+00  3.3e-02  3.3e-03  9.82e-02   2.548457951e+04   2.558698347e+04   3.3e-04  0.27  
9   1.2e+00  8.3e-03  4.3e-04  7.03e-01   9.378709315e+03   9.405936319e+03   8.3e-05  0.28  
10  2.6e-01  1.8e-03  5.4e-05  8.44e-01   3.545312322e+03   3.554141515e+03   1.8e-05  0.29  
11  5.8e-02  4.1e-04  7.1e-06  7.51e-01   1.420041771e+03   1.423032203e+03   4.1e-06  0.31  
12  1.4e-02  9.6e-05  1.0e-06  6.50e-01   6.458281676e+02   6.469486213e+02   9.6e-07  0.32  
13  3.0e-03  2.1e-05  1.4e-07  5.85e-01   3.214337642e+02   3.218718212e+02   2.1e-07  0.33  
14  7.3e-04  5.2e-06  2.2e-08  5.19e-01   1.865327421e+02   1.867212487e+02   5.2e-08  0.34  
15  1.5e-04  1.1e-06  2.6e-09  5.91e-01   1.313950646e+02   1.314542155e+02   1.1e-08  0.35  
16  5.3e-05  3.7e-07  6.3e-10  6.78e-01   1.177217222e+02   1.177501725e+02   3.7e-09  0.36  
17  1.7e-05  1.2e-07  1.4e-10  5.66e-01   1.096084673e+02   1.096222989e+02   1.2e-09  0.37  
18  3.2e-06  2.3e-08  1.2e-11  8.80e-01   1.059833198e+02   1.059859806e+02   2.2e-10  0.39  
19  7.4e-07  5.2e-09  1.3e-12  9.98e-01   1.050099931e+02   1.050106328e+02   5.1e-11  0.40  
20  4.5e-07  3.2e-09  6.4e-13  9.98e-01   1.048807825e+02   1.048811843e+02   3.1e-11  0.41  
21  3.7e-07  1.8e-09  2.8e-13  1.00e+00   1.047921970e+02   1.047924231e+02   1.7e-11  0.42  
22  3.5e-07  1.3e-09  1.7e-13  1.00e+00   1.047621293e+02   1.047622992e+02   1.3e-11  0.44  
23  3.5e-07  1.3e-09  1.7e-13  1.00e+00   1.047621293e+02   1.047622992e+02   1.3e-11  0.46  
24  3.5e-07  1.3e-09  1.7e-13  1.00e+00   1.047621293e+02   1.047622992e+02   1.3e-11  0.48  
Optimizer terminated. Time: 0.50    

