Running HiGHS 1.7.0 (git hash: 50670fd4c): Copyright (c) 2024 HiGHS under MIT licence terms
Coefficient ranges:
  Matrix [1e+00, 1e+00]
  Cost   [1e-06, 1e+01]
  Bound  [1e+00, 1e+00]
  RHS    [1e+00, 1e+00]
Presolving model
29 rows, 90 cols, 180 nonzeros  0s
28 rows, 90 cols, 176 nonzeros  0s
Presolve : Reductions: rows 28(-4); columns 90(-6); elements 176(-16)
Solving the presolved LP
Using EKK dual simplex solver - serial
  Iteration        Objective     Infeasibilities num(sum)
          0     2.0000010001e-06 Pr: 1(1) 0s
         25     4.3072549600e+00 Pr: 0(0) 0s
Solving the original LP from the solution after postsolve
Model   status      : Optimal
Simplex   iterations: 25
Objective value     :  4.3072549600e+00
HiGHS run time      :          0.00

******************************************************************************
This program contains Ipopt, a library for large-scale nonlinear optimization.
 Ipopt is released as open source code under the Eclipse Public License (EPL).
         For more information visit https://github.com/coin-or/Ipopt
******************************************************************************

This is Ipopt version 3.14.14, running with linear solver MUMPS 5.6.2.

Number of nonzeros in equality constraint Jacobian...:     6384
Number of nonzeros in inequality constraint Jacobian.:     4520
Number of nonzeros in Lagrangian Hessian.............:    10602

Total number of variables............................:     2610
                     variables with only lower bounds:       10
                variables with lower and upper bounds:      200
                     variables with only upper bounds:        0
Total number of equality constraints.................:     1608
Total number of inequality constraints...............:     1600
        inequality constraints with only lower bounds:        0
   inequality constraints with lower and upper bounds:        0
        inequality constraints with only upper bounds:     1600

iter    objective    inf_pr   inf_du lg(mu)  ||d||  lg(rg) alpha_du alpha_pr  ls
   0  4.6223739e+00 4.00e+01 1.00e+00  -1.0 0.00e+00    -  0.00e+00 0.00e+00   0
   1  5.4734155e+00 3.94e+01 1.88e+00  -1.0 4.00e+01    -  7.64e-03 1.52e-02f  1
   2  7.9899411e+00 3.88e+01 2.34e+00  -1.0 3.94e+01    -  8.30e-03 1.39e-02f  1
   3  1.1160177e+01 3.81e+01 4.16e+00  -1.0 3.88e+01    -  1.23e-02 1.84e-02f  1
   4  1.6062069e+01 3.73e+01 7.12e+00  -1.0 3.81e+01    -  9.34e-03 2.13e-02f  1
   5  2.4980406e+01 3.54e+01 1.22e+01  -1.0 3.73e+01    -  1.95e-02 5.18e-02f  1
   6  3.1183060e+01 3.38e+01 9.24e+00  -1.0 3.54e+01    -  7.05e-02 4.51e-02f  1
   7  5.0023899e+01 2.80e+01 5.52e+00  -1.0 3.38e+01    -  3.89e-02 1.71e-01f  1
   8  5.7459532e+01 2.51e+01 4.86e+00  -1.0 2.80e+01    -  1.27e-01 1.03e-01h  1
   9  7.0291361e+01 2.01e+01 3.94e+00  -1.0 2.51e+01    -  1.77e-01 2.01e-01h  1
iter    objective    inf_pr   inf_du lg(mu)  ||d||  lg(rg) alpha_du alpha_pr  ls
  10  8.9567797e+01 1.13e+01 4.76e+00  -1.0 2.01e+01    -  3.68e-01 4.36e-01h  1
  11  9.0068838e+01 1.05e+01 1.70e+02  -1.0 1.35e+01    -  2.36e-01 7.00e-02h  1
  12  9.7845681e+01 2.62e-01 2.39e+02  -1.0 1.50e+01    -  1.67e-01 9.94e-01f  1
  13  8.9332779e+01 2.28e-01 2.06e+02  -1.0 5.05e+00    -  3.52e-01 1.00e+00f  1
  14  8.8679412e+01 2.98e-02 1.19e+02  -1.0 2.76e+00    -  6.34e-01 1.00e+00f  1
  15  8.8345897e+01 6.67e-03 9.47e-02  -1.0 1.92e+00    -  1.00e+00 1.00e+00f  1
  16  8.2762859e+01 1.96e-02 6.46e+00  -1.7 1.42e+00    -  9.13e-01 1.00e+00f  1
  17  7.9179257e+01 8.18e-03 4.60e-02  -1.7 1.43e+00    -  1.00e+00 1.00e+00f  1
  18  7.6972425e+01 7.26e-03 1.18e+00  -2.5 1.95e+00    -  8.39e-01 6.35e-01f  1
  19  7.5395803e+01 4.65e-03 8.36e-01  -2.5 1.72e+00    -  1.00e+00 7.07e-01f  1
iter    objective    inf_pr   inf_du lg(mu)  ||d||  lg(rg) alpha_du alpha_pr  ls
  20  7.4637388e+01 1.44e-03 7.74e-03  -2.5 7.77e-01    -  1.00e+00 1.00e+00h  1
  21  7.4184889e+01 1.05e-03 3.01e-01  -3.8 8.00e-01    -  8.58e-01 5.99e-01f  1
  22  7.3863588e+01 4.27e-04 8.43e-02  -3.8 4.91e-01    -  1.00e+00 9.03e-01f  1
  23  7.3803149e+01 4.49e-05 8.42e-04  -3.8 1.88e-01    -  1.00e+00 1.00e+00h  1
  24  7.3768471e+01 2.87e-05 4.10e-02  -5.7 1.70e-01    -  8.88e-01 7.51e-01h  1
  25  7.3756392e+01 1.09e-05 7.99e-03  -5.7 1.12e-01    -  8.31e-01 8.25e-01h  1
  26  7.3754650e+01 4.92e-06 5.95e-02  -5.7 3.40e-02    -  1.00e+00 5.52e-01h  1
  27  7.3753292e+01 3.10e-07 1.19e-02  -5.7 2.10e-02    -  1.00e+00 9.37e-01f  1
  28  7.3753128e+01 2.00e-08 6.72e-07  -5.7 9.06e-04    -  1.00e+00 1.00e+00f  1
  29  7.3752920e+01 1.01e-08 1.01e-01  -8.6 5.34e-03    -  9.29e-01 5.14e-01h  1
iter    objective    inf_pr   inf_du lg(mu)  ||d||  lg(rg) alpha_du alpha_pr  ls
  30  7.3752811e+01 4.27e-09 7.35e-02  -8.6 2.74e-03    -  8.32e-01 5.57e-01f  1
  31  7.3752765e+01 1.69e-09 3.94e-02  -8.6 1.22e-03    -  8.14e-01 5.90e-01f  1
  32  7.3752745e+01 5.27e-10 1.91e-02  -8.6 5.11e-04    -  9.77e-01 6.76e-01f  1
  33  7.3752742e+01 3.86e-10 1.61e-02  -8.6 1.73e-04    -  1.00e+00 2.67e-01f  1
  34  7.3752737e+01 5.90e-12 2.84e-03  -8.6 1.27e-04    -  8.79e-01 1.00e+00f  1
  35  7.3752736e+01 5.55e-15 6.74e-11  -8.6 1.15e-06    -  1.00e+00 1.00e+00h  1

Number of Iterations....: 35

                                   (scaled)                 (unscaled)
Objective...............:   7.3752736196750547e+01    7.3752736196750547e+01
Dual infeasibility......:   6.7439304141103662e-11    6.7439304141103662e-11
Constraint violation....:   5.5511151231257827e-15    5.5511151231257827e-15
Variable bound violation:   6.6896769138584519e-09    6.6896769138584519e-09
Complementarity.........:   3.5853098077493984e-09    3.5853098077493984e-09
Overall NLP error.......:   3.5853098077493984e-09    3.5853098077493984e-09


Number of objective function evaluations             = 36
Number of objective gradient evaluations             = 36
Number of equality constraint evaluations            = 36
Number of inequality constraint evaluations          = 36
Number of equality constraint Jacobian evaluations   = 36
Number of inequality constraint Jacobian evaluations = 36
Number of Lagrangian Hessian evaluations             = 35
Total seconds in IPOPT                               = 0.653

EXIT: Optimal Solution Found.
constructing product automaton vertices
constructing product automaton edges
removing redundant constraints
removing redundant constraints
30 modes
94 transitions
formulating GMP
formulating SDP
Problem
  Name                   :                 
  Objective sense        : minimize        
  Type                   : CONIC (conic optimization problem)
  Constraints            : 9728            
  Affine conic cons.     : 288 (26208 rows)
  Disjunctive cons.      : 0               
  Cones                  : 0               
  Scalar variables       : 26208           
  Matrix variables       : 0               
  Integer variables      : 0               

Optimizer started.
Presolve started.
Linear dependency checker started.
Linear dependency checker terminated.
Eliminator started.
Freed constraints in eliminator : 8134
Eliminator terminated.
Eliminator started.
Freed constraints in eliminator : 0
Eliminator terminated.
Eliminator - tries                  : 2                 time                   : 0.00            
Lin. dep.  - tries                  : 1                 time                   : 0.01            
Lin. dep.  - primal attempts        : 1                 successes              : 1               
Lin. dep.  - dual attempts          : 0                 successes              : 0               
Lin. dep.  - primal deps.           : 1                 dual deps.             : 0               
Presolve terminated. Time: 0.03    
Optimizer  - threads                : 8               
Optimizer  - solved problem         : the primal      
Optimizer  - Constraints            : 27403           
Optimizer  - Cones                  : 1               
Optimizer  - Scalar variables       : 20173             conic                  : 17793           
Optimizer  - Semi-definite variables: 288               scalarized             : 26208           
Factor     - setup time             : 0.17            
Factor     - dense det. time        : 0.00              GP order time          : 0.00            
Factor     - nonzeros before factor : 1.31e+06          after factor           : 6.05e+06        
Factor     - dense dim.             : 2                 flops                  : 2.63e+09        
ITE PFEAS    DFEAS    GFEAS    PRSTATUS   POBJ              DOBJ              MU       TIME  
0   2.3e+03  1.0e+02  1.0e+00  0.00e+00   4.000000000e-02   4.000000000e-02   1.0e+00  0.21  
1   1.9e+03  8.5e+01  9.2e-01  -9.98e-01  3.834667075e+03   3.834847012e+03   8.5e-01  0.31  
2   1.3e+03  6.0e+01  7.7e-01  -9.94e-01  3.243399324e+03   3.244067623e+03   6.0e-01  0.37  
3   3.7e+02  1.7e+01  3.9e-01  -9.81e-01  -5.083627469e+03  -5.078908164e+03  1.7e-01  0.44  
4   7.0e+01  3.1e+00  1.4e-01  -8.97e-01  5.030174579e+03   5.050876472e+03   3.1e-02  0.56  
5   1.6e+01  7.1e-01  3.4e-02  -4.36e-01  8.259938913e+01   1.049532676e+02   7.1e-03  0.68  
6   5.2e+00  2.3e-01  5.3e-03  6.51e-01   1.221202814e+03   1.226404000e+03   2.3e-03  0.76  
7   1.2e+00  5.2e-02  6.3e-04  9.26e-01   7.191453463e+02   7.205595735e+02   5.2e-04  0.87  
8   2.0e-01  8.7e-03  5.1e-05  9.17e-01   2.951304152e+02   2.954678265e+02   8.7e-05  0.99  
9   6.7e-02  3.0e-03  1.1e-05  8.43e-01   1.881151374e+02   1.882502283e+02   3.0e-05  1.06  
10  2.0e-02  8.8e-04  2.0e-06  7.53e-01   1.227532367e+02   1.228043471e+02   8.8e-06  1.15  
11  1.1e-02  4.7e-04  8.4e-07  7.82e-01   1.032071613e+02   1.032390847e+02   4.7e-06  1.21  
12  1.7e-03  7.5e-05  6.3e-08  8.26e-01   7.997947457e+01   7.998640257e+01   7.5e-07  1.33  
13  3.6e-04  1.6e-05  7.3e-09  8.10e-01   7.303470888e+01   7.303682510e+01   1.6e-07  1.44  
14  7.6e-05  3.4e-06  8.6e-10  7.66e-01   6.995719470e+01   6.995784578e+01   3.4e-08  1.56  
15  1.6e-05  7.0e-07  1.2e-10  6.73e-01   6.855327214e+01   6.855355814e+01   7.1e-09  1.67  
16  9.6e-06  4.2e-07  5.6e-11  9.98e-01   6.830434307e+01   6.830451635e+01   4.5e-09  1.99  
17  4.3e-06  1.9e-07  1.6e-11  9.99e-01   6.806277709e+01   6.806284648e+01   2.0e-09  2.07  
18  2.9e-06  1.3e-07  9.1e-12  1.00e+00   6.795258747e+01   6.795263631e+01   1.5e-09  2.14  
19  1.5e-06  6.8e-08  2.9e-12  1.00e+00   6.781380168e+01   6.781381946e+01   7.6e-10  2.25  
20  1.4e-06  6.1e-08  2.5e-12  1.00e+00   6.779279525e+01   6.779281175e+01   7.2e-10  2.31  
21  9.3e-07  3.4e-08  1.1e-12  1.00e+00   6.769763618e+01   6.769764681e+01   4.6e-10  2.47  
22  9.3e-07  3.4e-08  1.1e-12  1.00e+00   6.769763618e+01   6.769764681e+01   4.6e-10  2.58  
Optimizer terminated. Time: 2.70    

