Running HiGHS 1.7.2 (git hash: 5ce7a2753): Copyright (c) 2024 HiGHS under MIT licence terms
Coefficient ranges:
  Matrix [1e+00, 1e+00]
  Cost   [1e-06, 1e+01]
  Bound  [1e+00, 1e+00]
  RHS    [1e+00, 1e+00]
Presolving model
75 rows, 421 cols, 842 nonzeros  0s
74 rows, 421 cols, 832 nonzeros  0s
Presolve : Reductions: rows 74(-99); columns 421(-474); elements 832(-958)
Solving the presolved LP
Using EKK dual simplex solver - serial
  Iteration        Objective     Infeasibilities num(sum)
          0     2.0000010001e-06 Pr: 1(1) 0s
         10     3.3443073456e+00 Pr: 0(0) 0s
Solving the original LP from the solution after postsolve
Model   status      : Optimal
Simplex   iterations: 10
Objective value     :  3.3443073456e+00
HiGHS run time      :          0.00

******************************************************************************
This program contains Ipopt, a library for large-scale nonlinear optimization.
 Ipopt is released as open source code under the Eclipse Public License (EPL).
         For more information visit https://github.com/coin-or/Ipopt
******************************************************************************

This is Ipopt version 3.14.16, running with linear solver MUMPS 5.7.3.

Number of nonzeros in equality constraint Jacobian...:     4464
Number of nonzeros in inequality constraint Jacobian.:     1440
Number of nonzeros in Lagrangian Hessian.............:     7419

Total number of variables............................:     1827
                     variables with only lower bounds:        7
                variables with lower and upper bounds:      140
                     variables with only upper bounds:        0
Total number of equality constraints.................:     1128
Total number of inequality constraints...............:      720
        inequality constraints with only lower bounds:        0
   inequality constraints with lower and upper bounds:        0
        inequality constraints with only upper bounds:      720

iter    objective    inf_pr   inf_du lg(mu)  ||d||  lg(rg) alpha_du alpha_pr  ls
   0  1.4279959e-01 1.50e-01 1.00e+00  -1.0 0.00e+00    -  0.00e+00 0.00e+00   0
   1  1.4791348e+01 1.40e-01 4.57e+01  -1.0 7.61e+00    -  3.92e-01 1.17e-01h  1
   2  1.4512703e+01 1.37e-01 4.48e+01  -1.0 5.16e+01    -  1.81e-02 1.67e-02f  1
   3  1.2072292e+01 8.75e-02 5.04e+01  -1.0 4.09e+00    -  4.52e-02 3.34e-01f  1
   4  1.0679615e+01 3.04e-02 7.74e+01  -1.0 8.94e-01   0.0 9.49e-01 6.69e-01h  1
   5  9.4400069e+00 2.29e-02 2.46e+01  -1.0 9.11e-01  -0.5 5.71e-01 1.00e+00h  1
   6  9.4941329e+00 2.24e-02 2.48e+01  -1.0 1.06e+03  -1.0 5.77e-04 3.87e-04h  3
   7  8.0068064e+00 1.38e-02 2.44e+01  -1.0 3.39e-01  -0.5 1.00e+00 9.09e-01f  1
   8  7.8146805e+00 6.36e-03 1.40e+01  -1.0 2.25e-01  -0.1 1.00e+00 1.00e+00f  1
   9  6.8082187e+00 6.98e-03 2.13e+00  -1.0 4.87e-01  -0.6 1.00e+00 1.00e+00f  1
iter    objective    inf_pr   inf_du lg(mu)  ||d||  lg(rg) alpha_du alpha_pr  ls
  10  5.9194409e+00 2.84e-02 1.21e+00  -1.0 8.58e-01  -1.1 1.00e+00 1.00e+00f  1
  11  6.0404621e+00 2.72e-02 2.73e+00  -1.0 1.98e+00  -1.5 1.91e-01 5.00e-01h  2
  12  6.3014358e+00 7.87e-03 2.52e+00  -1.0 4.31e-01    -  1.00e+00 1.00e+00h  1
  13  6.3755871e+00 9.27e-03 3.72e-01  -1.0 2.24e-01    -  1.00e+00 1.00e+00h  1
  14  5.4768559e+00 1.71e-02 3.74e+00  -1.7 3.44e-01    -  9.74e-01 5.44e-01f  1
  15  4.0670955e+00 1.63e-02 5.10e+01  -1.7 1.87e+00    -  2.16e-01 1.00e+00f  1
  16  3.6573187e+00 1.07e-02 3.28e+01  -1.7 2.17e-01  -0.2 1.00e+00 3.21e-01h  1
  17  4.1114105e+00 4.69e-03 1.38e+00  -1.7 1.70e-01  -0.7 1.00e+00 1.00e+00h  1
  18  3.8897152e+00 4.27e-04 8.99e-01  -1.7 8.70e-02  -1.2 1.00e+00 1.00e+00h  1
  19  3.8129205e+00 1.53e-04 1.73e-01  -1.7 9.32e-02  -1.6 1.00e+00 1.00e+00h  1
iter    objective    inf_pr   inf_du lg(mu)  ||d||  lg(rg) alpha_du alpha_pr  ls
  20  2.9665809e+00 4.93e-04 6.86e-02  -2.5 8.27e-02  -2.1 9.64e-01 1.00e+00f  1
  21  2.6189610e+00 6.17e-04 7.75e-01  -2.5 2.16e-01  -2.6 1.00e+00 1.00e+00f  1
  22  2.5758149e+00 7.38e-05 6.23e+00  -2.5 6.60e-01  -3.1 9.70e-01 1.00e+00h  1
  23  2.5804620e+00 7.66e-05 1.74e+00  -2.5 2.13e-01  -0.8 1.00e+00 3.12e-02h  6
  24  2.5740126e+00 6.78e-06 3.72e-03  -2.5 9.99e-03  -1.3 1.00e+00 1.00e+00h  1
  25  2.3862680e+00 3.83e-05 1.54e-02  -3.8 1.51e-02  -1.8 8.97e-01 9.08e-01f  1
  26  2.3336191e+00 3.54e-04 9.00e+00  -3.8 2.14e+00    -  1.39e-01 6.36e-01f  1
  27  2.3296948e+00 3.43e-04 8.25e+00  -3.8 9.94e-02  -0.5 1.00e+00 3.00e-02h  1
  28  2.3018921e+00 4.71e-04 3.99e+01  -3.8 3.08e+00    -  7.64e-03 7.61e-01f  1
  29  2.2924771e+00 4.63e-04 3.89e+01  -3.8 1.35e-01  -0.0 5.14e-01 1.70e-02h  1
iter    objective    inf_pr   inf_du lg(mu)  ||d||  lg(rg) alpha_du alpha_pr  ls
  30  2.8792684e+00 1.68e-04 9.94e+02  -3.8 9.55e+00    -  7.59e-04 1.00e+00H  1
  31  2.3825195e+00 3.63e-04 9.72e+02  -3.8 1.62e+00  -0.5 1.74e-01 2.14e-02f  1
  32  3.7592118e+00 1.05e-04 2.41e+02  -3.8 2.41e-01  -1.0 7.52e-01 1.00e+00H  1
  33  2.3799423e+00 3.22e-04 4.80e+00  -3.8 1.54e-01  -1.5 1.00e+00 7.71e-01F  1
  34  2.2849604e+00 1.63e-05 2.45e-01  -3.8 7.85e+00    -  4.97e-01 1.00e+00f  1
  35  2.2859727e+00 8.71e-05 2.08e-01  -3.8 3.37e-01    -  2.70e-01 5.00e-01f  2
  36  2.2853636e+00 4.80e-06 8.85e-04  -3.8 5.04e-03  -1.0 1.00e+00 1.00e+00h  1
  37  2.2732093e+00 4.07e-05 5.88e-02  -5.7 1.61e-02  -1.5 8.91e-01 6.89e-01h  1
  38  2.2676654e+00 1.17e-04 1.24e-01  -5.7 3.13e-02  -2.0 1.00e+00 6.45e-01h  1
  39  2.2651848e+00 4.76e-05 1.02e-01  -5.7 1.26e-02  -2.5 1.00e+00 6.55e-01h  1
iter    objective    inf_pr   inf_du lg(mu)  ||d||  lg(rg) alpha_du alpha_pr  ls
  40  2.2638290e+00 1.50e-05 2.80e-02  -5.7 7.53e-02  -2.9 5.30e-01 9.31e-01f  1
  41  2.2635854e+00 3.69e-05 4.52e-02  -5.7 1.58e-01    -  4.45e-01 3.82e-01f  1
  42  2.2636005e+00 3.47e-05 7.39e-02  -5.7 7.36e-03    -  1.00e+00 6.25e-02f  5
  43  2.2638252e+00 2.82e-06 5.15e-04  -5.7 7.56e-03    -  1.00e+00 1.00e+00h  1
  44  2.2638489e+00 2.33e-07 2.07e-04  -5.7 3.57e-03    -  1.00e+00 1.00e+00h  1
  45  2.2638459e+00 2.02e-09 1.85e-06  -5.7 4.02e-04    -  1.00e+00 1.00e+00h  1
  46  2.2637061e+00 9.45e-08 1.92e-02  -8.6 1.03e-03    -  9.83e-01 6.14e-01h  1
  47  2.2636485e+00 9.40e-08 1.07e-02  -8.6 7.99e-04    -  8.74e-01 6.72e-01h  1
  48  2.2636315e+00 4.19e-08 8.25e-03  -8.6 3.05e-04    -  8.83e-01 6.48e-01h  1
  49  2.2636248e+00 1.38e-08 4.02e-03  -8.6 1.41e-04    -  1.00e+00 7.31e-01f  1
iter    objective    inf_pr   inf_du lg(mu)  ||d||  lg(rg) alpha_du alpha_pr  ls
  50  2.2636225e+00 1.93e-09 5.91e-04  -8.6 4.68e-05    -  1.00e+00 8.90e-01f  1
  51  2.2636220e+00 8.94e-12 3.40e-09  -8.6 6.01e-06    -  1.00e+00 1.00e+00f  1

Number of Iterations....: 51

                                   (scaled)                 (unscaled)
Objective...............:   2.2636219870314522e+00    2.2636219870314522e+00
Dual infeasibility......:   3.4012232346930635e-09    3.4012232346930635e-09
Constraint violation....:   8.9398898745244541e-12    8.9398898745244541e-12
Variable bound violation:   0.0000000000000000e+00    0.0000000000000000e+00
Complementarity.........:   4.1502714463553740e-09    4.1502714463553740e-09
Overall NLP error.......:   4.1502714463553740e-09    4.1502714463553740e-09


Number of objective function evaluations             = 79
Number of objective gradient evaluations             = 52
Number of equality constraint evaluations            = 79
Number of inequality constraint evaluations          = 79
Number of equality constraint Jacobian evaluations   = 52
Number of inequality constraint Jacobian evaluations = 52
Number of Lagrangian Hessian evaluations             = 51
Total seconds in IPOPT                               = 0.731

EXIT: Optimal Solution Found.
constructing product automaton vertices
constructing product automaton edges
removing redundant constraints
171 modes
892 transitions
[1, 20, 39, 58, 77, 96, 115, 134, 153]
[2, 18, 21, 37, 40, 56, 59, 75, 78, 94, 97, 113, 116, 132, 135, 151, 154, 170]
formulating GMP
formulating SDP
Problem
  Name                   :                 
  Objective sense        : minimize        
  Type                   : CONIC (conic optimization problem)
  Constraints            : 70360           
  Affine conic cons.     : 2685 (244335 rows)
  Disjunctive cons.      : 0               
  Cones                  : 0               
  Scalar variables       : 244335          
  Matrix variables       : 0               
  Integer variables      : 0               

Optimizer started.
Presolve started.
Linear dependency checker started.
Linear dependency checker terminated.
Eliminator started.
Freed constraints in eliminator : 56382
Eliminator terminated.
Eliminator started.
Freed constraints in eliminator : 0
Eliminator terminated.
Eliminator - tries                  : 2                 time                   : 0.00            
Lin. dep.  - tries                  : 1                 time                   : 0.06            
Lin. dep.  - primal attempts        : 1                 successes              : 1               
Lin. dep.  - dual attempts          : 0                 successes              : 0               
Lin. dep.  - primal deps.           : 1                 dual deps.             : 0               
Presolve terminated. Time: 0.40    
GP based matrix reordering started.
GP based matrix reordering terminated.
Optimizer  - threads                : 8               
Optimizer  - solved problem         : the primal      
Optimizer  - Constraints            : 256404          
Optimizer  - Cones                  : 1               
Optimizer  - Scalar variables       : 200388            conic                  : 186969          
Optimizer  - Semi-definite variables: 2685              scalarized             : 244335          
Factor     - setup time             : 9.35            
Factor     - dense det. time        : 4.08              GP order time          : 2.30            
Factor     - nonzeros before factor : 1.19e+07          after factor           : 5.37e+07        
Factor     - dense dim.             : 307               flops                  : 3.60e+10        
Factor     - GP saved nzs           : 4.15e+08          GP saved flops         : 3.20e+12        
ITE PFEAS    DFEAS    GFEAS    PRSTATUS   POBJ              DOBJ              MU       TIME  
0   1.1e+00  1.1e+00  1.0e+00  0.00e+00   4.000000000e-02   4.000000000e-02   1.0e+00  9.90  
1   1.0e+00  9.8e-01  8.3e-01  1.24e+00   -2.381156912e+01  -2.380844313e+01  8.9e-01  10.71 
2   1.8e-01  1.7e-01  4.3e-02  1.16e+00   -9.100998138e+01  -9.105749834e+01  1.5e-01  11.87 
3   2.5e-02  2.4e-02  1.4e-03  1.44e+00   -1.404165238e+01  -1.405065039e+01  2.2e-02  13.03 
4   6.2e-03  5.9e-03  1.8e-04  1.31e+00   -7.538189425e-01  -7.554535932e-01  5.4e-03  14.20 
5   3.3e-03  3.2e-03  6.9e-05  1.15e+00   -2.774647000e-01  -2.782757220e-01  2.9e-03  14.81 
6   1.8e-03  1.8e-03  2.8e-05  1.11e+00   -8.763799823e-02  -8.806527160e-02  1.6e-03  15.43 
7   7.3e-04  7.0e-04  7.2e-06  1.07e+00   8.511047680e-02   8.494963050e-02   6.4e-04  16.04 
8   1.9e-04  1.9e-04  9.7e-07  1.03e+00   1.657344706e-01   1.656926942e-01   1.7e-04  16.84 
9   1.0e-04  9.9e-05  3.8e-07  1.01e+00   1.655301782e-01   1.655079955e-01   9.0e-05  17.46 
10  3.8e-05  3.6e-05  8.5e-08  9.97e-01   1.664872476e-01   1.664791878e-01   3.3e-05  18.15 
11  1.8e-05  1.7e-05  2.8e-08  9.80e-01   1.658401167e-01   1.658362676e-01   1.6e-05  18.83 
12  7.0e-06  6.7e-06  7.0e-09  9.64e-01   1.647518375e-01   1.647503295e-01   6.1e-06  19.49 
13  3.0e-06  2.9e-06  2.1e-09  9.32e-01   1.637782926e-01   1.637776364e-01   2.6e-06  20.16 
14  1.7e-06  1.7e-06  9.3e-10  8.95e-01   1.633256120e-01   1.633252299e-01   1.5e-06  20.79 
15  7.2e-07  6.9e-07  2.7e-10  8.74e-01   1.627938549e-01   1.627936970e-01   6.2e-07  21.45 
16  6.5e-07  4.6e-07  1.6e-10  7.65e-01   1.625838584e-01   1.625837505e-01   4.2e-07  22.06 
17  4.8e-07  3.4e-07  1.1e-10  6.90e-01   1.624194186e-01   1.624193401e-01   3.1e-07  23.23 
18  4.4e-07  3.1e-07  9.5e-11  6.18e-01   1.623600096e-01   1.623599375e-01   2.8e-07  24.22 
19  3.6e-07  2.6e-07  7.9e-11  6.07e-01   1.622663081e-01   1.622662455e-01   2.4e-07  25.19 
20  3.6e-07  2.6e-07  7.9e-11  6.07e-01   1.622663081e-01   1.622662455e-01   2.4e-07  26.47 
21  3.6e-07  2.6e-07  7.9e-11  6.07e-01   1.622663081e-01   1.622662455e-01   2.4e-07  27.75 
22  3.4e-07  2.0e-07  5.3e-11  6.38e-01   1.620865012e-01   1.620864544e-01   1.8e-07  28.72 
23  3.4e-07  2.0e-07  5.3e-11  6.38e-01   1.620865012e-01   1.620864544e-01   1.8e-07  30.03 
24  2.6e-07  1.5e-07  3.6e-11  1.00e+00   1.619040759e-01   1.619040405e-01   1.4e-07  31.07 
25  2.6e-07  1.5e-07  3.5e-11  1.00e+00   1.618938205e-01   1.618937858e-01   1.4e-07  32.17 
26  2.6e-07  1.5e-07  3.5e-11  1.00e+00   1.618938205e-01   1.618937858e-01   1.4e-07  33.53 
Optimizer terminated. Time: 34.91   

