Set parameter Username
Academic license - for non-commercial use only - expires 2025-04-09
Gurobi Optimizer version 11.0.2 build v11.0.2rc0 (linux64 - "Ubuntu 22.04.4 LTS")

CPU model: AMD Ryzen 7 5800X 8-Core Processor, instruction set [SSE2|AVX|AVX2]
Thread count: 8 physical cores, 16 logical processors, using up to 16 threads

Optimize a model with 1208 rows, 1200 columns and 6896 nonzeros
Model fingerprint: 0x9e3c94d4
Model has 180 quadratic objective terms
Model has 3390 general constraints
Variable types: 180 continuous, 1020 integer (1020 binary)
Coefficient statistics:
  Matrix range     [3e-01, 1e+00]
  Objective range  [0e+00, 0e+00]
  QObjective range [6e-01, 6e-01]
  Bounds range     [0e+00, 0e+00]
  RHS range        [9e-01, 1e+00]
  GenCon rhs range [5e-02, 3e+00]
  GenCon coe range [1e-16, 5e+00]
Warning for adding constraints: zero or small (< 1e-13) coefficients, ignored
Presolve added 1670 rows and 1716 columns
Presolve time: 0.03s
Presolved: 2878 rows, 2916 columns, 8778 nonzeros
Presolved model has 2064 SOS constraint(s)
Presolved model has 168 quadratic objective terms
Variable types: 2252 continuous, 664 integer (664 binary)
Found heuristic solution: objective 21.6193202
Found heuristic solution: objective 6.9641865

Root relaxation: objective 3.323499e+00, 2301 iterations, 0.01 seconds (0.01 work units)

    Nodes    |    Current Node    |     Objective Bounds      |     Work
 Expl Unexpl |  Obj  Depth IntInf | Incumbent    BestBd   Gap | It/Node Time

     0     0    3.32350    0   16    6.96419    3.32350  52.3%     -    0s
     0     0    3.32350    0   16    6.96419    3.32350  52.3%     -    0s
     0     2    3.32350    0   16    6.96419    3.32350  52.3%     -    0s
*   18     6               4       6.8481788    3.32350  51.5%  90.1    0s
H   29     5                       4.3276347    3.32350  23.2%  62.2    0s
*   42     3               8       4.3264669    3.32350  23.2%  52.1    0s
H   61     8                       4.0559562    3.32350  18.1%  40.0    0s
*   62     8              12       4.0559543    3.32350  18.1%  39.4    0s
H   66     8                       3.9582274    3.32350  16.0%  37.4    0s
*   85     1              17       3.9582217    3.32350  16.0%  31.0    0s
*   86     1              17       3.9582197    3.32350  16.0%  30.7    0s
*  469    98              70       3.9428257    3.32350  15.7%  42.6    0s
*  472    98              69       3.8755030    3.32350  14.2%  42.4    0s
H  658   146                       3.8171364    3.32350  12.9%  36.0    0s
H  724   160                       3.8171139    3.32350  12.9%  35.1    0s
H  788   178                       3.8151135    3.32350  12.9%  34.6    0s
*  789   178              90       3.8151091    3.32350  12.9%  34.6    0s
H  918   235                       3.8100543    3.32350  12.8%  32.6    0s
H 1270   273                       3.7749860    3.32350  12.0%  28.5    0s
* 1451   307             100       3.7744413    3.32350  11.9%  26.7    0s
* 1518   307             108       3.6820099    3.32350  9.74%  26.0    0s
* 1519   307             107       3.6406943    3.32350  8.71%  26.0    0s
* 1863    99             113       3.6397010    3.61841  0.59%  22.1    0s
* 1927    51             122       3.6396145    3.63530  0.12%  21.5    0s
* 1928    51             124       3.6395682    3.63530  0.12%  21.4    0s
* 2018    12             134       3.6395677    3.63950  0.00%  20.6    0s

Cutting planes:
  Implied bound: 247

Explored 2065 nodes (44097 simplex iterations) in 0.77 seconds (1.11 work units)
Thread count was 16 (of 16 available processors)

Solution count 10: 3.63957 3.63957 3.63961 ... 3.81511

Optimal solution found (tolerance 1.00e-04)
Best objective 3.639567723358e+00, best bound 3.639496856800e+00, gap 0.0019%

User-callback calls 6146, time in user-callback 0.00 sec
partitioning
constructing product automaton vertices
constructing product automaton edges
removing redundant constraints
merging equivalent modes
34 modes
120 transitions
[20, 8, 17, 23, 32, 6, 11, 9, 31, 29, 25, 34, 4, 13, 15, 2, 27, 18]
[5, 16, 12, 24, 28, 30, 1, 19, 22, 14, 3, 7, 33, 21, 10, 26]
