Running HiGHS 1.7.0 (git hash: 50670fd4c): Copyright (c) 2024 HiGHS under MIT licence terms
Coefficient ranges:
  Matrix [1e+00, 1e+00]
  Cost   [1e+01, 1e+01]
  Bound  [1e+00, 1e+00]
  RHS    [1e+00, 1e+00]
Presolving model
150 rows, 474 cols, 948 nonzeros  0s
149 rows, 474 cols, 942 nonzeros  0s
Presolve : Reductions: rows 149(-21); columns 474(-66); elements 942(-138)
Solving the presolved LP
Using EKK dual simplex solver - serial
  Iteration        Objective     Infeasibilities num(sum)
          0     2.7631021116e+01 Pr: 2(2) 0s
         57     1.5197061614e+02 Pr: 0(0) 0s
Solving the original LP from the solution after postsolve
Model   status      : Optimal
Simplex   iterations: 57
Objective value     :  1.5197061614e+02
HiGHS run time      :          0.00

******************************************************************************
This program contains Ipopt, a library for large-scale nonlinear optimization.
 Ipopt is released as open source code under the Eclipse Public License (EPL).
         For more information visit https://github.com/coin-or/Ipopt
******************************************************************************

This is Ipopt version 3.14.14, running with linear solver MUMPS 5.6.2.

Number of nonzeros in equality constraint Jacobian...:     3192
Number of nonzeros in inequality constraint Jacobian.:     1520
Number of nonzeros in Lagrangian Hessian.............:     6406

Total number of variables............................:     1410
                     variables with only lower bounds:       10
                variables with lower and upper bounds:      200
                     variables with only upper bounds:        0
Total number of equality constraints.................:      804
Total number of inequality constraints...............:      760
        inequality constraints with only lower bounds:        0
   inequality constraints with lower and upper bounds:        0
        inequality constraints with only upper bounds:      760

iter    objective    inf_pr   inf_du lg(mu)  ||d||  lg(rg) alpha_du alpha_pr  ls
   0  1.9996080e-03 9.00e-01 1.00e+00  -1.0 0.00e+00    -  0.00e+00 0.00e+00   0
   1  5.0685436e-01 8.21e-01 3.84e+00  -1.7 2.05e+00   0.0 5.89e-02 8.73e-02f  1
   2  1.4717493e+00 6.41e-01 1.97e+01  -1.7 2.33e+00  -0.5 1.94e-02 2.20e-01h  1
   3  1.5397034e+00 6.37e-01 2.00e+01  -1.7 9.49e-01   1.8 2.13e-02 5.56e-03h  1
   4  1.7933052e+00 6.29e-01 2.30e+01  -1.7 6.37e-01   2.2 2.62e-02 1.25e-02h  1
   5  2.6028840e+00 6.06e-01 1.21e+01  -1.7 1.48e+00   1.7 2.28e-02 3.64e-02h  1
   6  3.0358782e+00 5.90e-01 3.56e+01  -1.7 2.03e+00   1.2 8.88e-02 2.74e-02h  1
   7  4.2335400e+00 5.63e-01 1.18e+02  -1.7 5.90e-01   1.7 1.04e-01 4.56e-02h  1
   8  5.9589771e+00 5.06e-01 1.11e+02  -1.7 5.63e-01   1.2 2.51e-01 1.01e-01h  1
   9  7.3727110e+00 4.75e-01 1.53e+02  -1.7 5.06e-01   1.6 1.34e-01 6.13e-02h  1
iter    objective    inf_pr   inf_du lg(mu)  ||d||  lg(rg) alpha_du alpha_pr  ls
  10  8.2320905e+00 4.59e-01 1.46e+02  -1.7 2.79e+00   1.1 4.33e-02 3.29e-02h  1
  11  9.6972860e+00 4.23e-01 1.83e+02  -1.7 4.59e-01   1.6 2.43e-01 7.84e-02h  1
  12  1.3307775e+01 3.03e-01 6.70e+01  -1.7 4.23e-01   1.1 5.22e-01 2.83e-01h  1
  13  1.7845112e+01 2.04e-01 7.45e+01  -1.7 3.03e-01   1.5 8.16e-01 3.28e-01h  1
  14  2.1701811e+01 1.49e-01 1.49e+02  -1.7 2.04e-01   1.9 7.97e-01 2.71e-01h  1
  15  2.5393780e+01 1.09e-01 3.56e+02  -1.7 1.49e-01   2.4 8.44e-01 2.68e-01h  1
  16  2.8198794e+01 4.24e-02 8.63e+01  -1.7 1.93e-01   1.9 7.02e-01 6.10e-01h  1
  17  2.1402392e+01 3.23e-02 1.52e+02  -1.7 1.84e-01   1.4 4.54e-01 1.00e+00f  1
  18  2.0011584e+01 1.87e-03 2.02e+02  -1.7 4.78e-02   1.8 2.60e-01 1.00e+00f  1
  19  1.6601672e+01 1.56e-03 9.34e+01  -1.7 5.31e-02   1.3 4.55e-01 1.00e+00f  1
iter    objective    inf_pr   inf_du lg(mu)  ||d||  lg(rg) alpha_du alpha_pr  ls
  20  1.4137203e+01 3.93e-03 5.12e+01  -1.7 1.09e-01   0.9 3.82e-01 7.73e-01f  1
  21  1.0523885e+01 1.23e-02 3.09e+01  -1.7 1.57e-01   0.4 2.71e-01 1.00e+00f  1
  22  8.0234492e+00 1.38e-02 2.30e+01  -1.7 2.36e-01  -0.1 2.76e-01 1.00e+00f  1
  23  7.6826680e+00 1.57e-02 2.21e+01  -1.7 8.77e+00  -0.6 4.29e-02 2.83e-02f  1
  24  5.9829233e+00 5.21e-02 5.04e+01  -1.7 9.71e-01  -1.0 3.28e-01 1.00e+00f  1
  25  6.7462020e+00 7.44e-03 1.20e+01  -1.7 2.74e-01  -0.6 4.82e-01 1.00e+00h  1
  26  6.6618735e+00 2.42e-03 1.92e+00  -1.7 3.09e-01  -1.1 8.93e-01 1.00e+00h  1
  27  5.8445024e+00 8.22e-03 6.73e+00  -1.7 5.57e-01    -  9.13e-01 8.30e-01F  1
  28  5.9965202e+00 4.84e-03 2.11e+01  -1.7 5.31e+00    -  1.00e+00 2.50e-01h  3
  29  5.9855538e+00 5.19e-03 2.71e+00  -1.7 7.49e-01  -1.6 1.00e+00 1.00e+00h  1
iter    objective    inf_pr   inf_du lg(mu)  ||d||  lg(rg) alpha_du alpha_pr  ls
  30  6.0748709e+00 1.59e-03 8.03e+00  -1.7 6.19e-01    -  1.00e+00 1.00e+00h  1
  31  6.0867354e+00 2.72e-04 1.37e-01  -1.7 1.57e-01    -  1.00e+00 1.00e+00h  1
  32  4.5955648e+00 3.04e-03 3.87e+00  -2.5 3.30e-01    -  9.03e-01 1.00e+00f  1
  33  4.0550108e+00 2.70e-03 4.70e-01  -2.5 1.11e-01    -  1.00e+00 1.00e+00h  1
  34  3.9571743e+00 4.40e-04 2.68e-02  -2.5 4.37e-02    -  1.00e+00 1.00e+00h  1
  35  3.6260387e+00 2.71e-03 2.13e-01  -3.8 1.02e-01    -  8.70e-01 1.00e+00f  1
  36  3.4957452e+00 9.29e-03 1.91e-01  -3.8 2.03e-01    -  5.43e-01 8.09e-01h  1
  37  3.4886745e+00 4.42e-03 1.13e+00  -3.8 6.69e-02    -  5.73e-01 1.00e+00h  1
  38  3.4813601e+00 2.09e-04 5.37e-03  -3.8 1.97e-02    -  1.00e+00 1.00e+00h  1
  39  3.4805984e+00 2.43e-05 3.12e-04  -3.8 5.56e-03    -  1.00e+00 1.00e+00h  1
iter    objective    inf_pr   inf_du lg(mu)  ||d||  lg(rg) alpha_du alpha_pr  ls
  40  3.4646799e+00 1.10e-05 2.82e-01  -5.7 1.82e-02    -  8.57e-01 6.05e-01h  1
  41  3.4569920e+00 1.55e-05 3.71e-01  -5.7 1.39e-02    -  7.68e-01 6.74e-01h  1
  42  3.4540723e+00 1.33e-05 6.75e-01  -5.7 8.15e-03    -  1.00e+00 8.12e-01f  1
  43  3.4535005e+00 6.27e-06 4.71e-01  -5.7 3.91e-03    -  1.00e+00 6.63e-01f  1
  44  3.4531966e+00 1.08e-06 3.80e-05  -5.7 2.02e-03    -  1.00e+00 1.00e+00f  1
  45  3.4531754e+00 5.19e-09 8.96e-08  -5.7 1.25e-04    -  1.00e+00 1.00e+00h  1
  46  3.4530007e+00 3.03e-07 9.79e-02  -8.6 1.50e-03    -  9.84e-01 7.42e-01h  1
  47  3.4529460e+00 1.30e-07 3.62e-02  -8.6 5.39e-04    -  9.34e-01 7.33e-01h  1
  48  3.4529276e+00 2.85e-08 1.24e-02  -8.6 3.10e-04    -  1.00e+00 7.83e-01f  1
  49  3.4529212e+00 3.19e-09 8.03e-08  -8.6 1.36e-04    -  1.00e+00 1.00e+00f  1
iter    objective    inf_pr   inf_du lg(mu)  ||d||  lg(rg) alpha_du alpha_pr  ls
  50  3.4529203e+00 1.96e-10 8.07e-09  -8.6 3.21e-05    -  1.00e+00 1.00e+00h  1

Number of Iterations....: 50

                                   (scaled)                 (unscaled)
Objective...............:   3.4529202542025157e+00    3.4529202542025157e+00
Dual infeasibility......:   8.0724498892296094e-09    8.0724498892296094e-09
Constraint violation....:   1.9647818170608761e-10    1.9647818170608761e-10
Variable bound violation:   9.7351490939499418e-09    9.7351490939499418e-09
Complementarity.........:   5.9359752121244823e-09    5.9359752121244823e-09
Overall NLP error.......:   8.0724498892296094e-09    8.0724498892296094e-09


Number of objective function evaluations             = 58
Number of objective gradient evaluations             = 51
Number of equality constraint evaluations            = 58
Number of inequality constraint evaluations          = 58
Number of equality constraint Jacobian evaluations   = 51
Number of inequality constraint Jacobian evaluations = 51
Number of Lagrangian Hessian evaluations             = 50
Total seconds in IPOPT                               = 1.558

EXIT: Optimal Solution Found.
partitioning
constructing product automaton vertices
constructing product automaton edges
removing redundant constraints
formulating GMP
formulating SDP
Problem
  Name                   :                 
  Objective sense        : maximize        
  Type                   : CONIC (conic optimization problem)
  Constraints            : 45360           
  Affine conic cons.     : 0               
  Disjunctive cons.      : 0               
  Cones                  : 34020           
  Scalar variables       : 121634          
  Matrix variables       : 0               
  Integer variables      : 0               

Optimizer started.
Presolve started.
Linear dependency checker started.
Linear dependency checker terminated.
Eliminator started.
Freed constraints in eliminator : 2160
Eliminator terminated.
Eliminator started.
Freed constraints in eliminator : 22
Eliminator terminated.
Eliminator - tries                  : 2                 time                   : 0.00            
Lin. dep.  - tries                  : 1                 time                   : 0.02            
Lin. dep.  - primal attempts        : 1                 successes              : 1               
Lin. dep.  - dual attempts          : 0                 successes              : 0               
Lin. dep.  - primal deps.           : 0                 dual deps.             : 0               
Presolve terminated. Time: 0.40    
Optimizer  - threads                : 4               
Optimizer  - solved problem         : the primal      
Optimizer  - Constraints            : 31292           
Optimizer  - Cones                  : 31710           
Optimizer  - Scalar variables       : 104431            conic                  : 96340           
Optimizer  - Semi-definite variables: 0                 scalarized             : 0               
Factor     - setup time             : 0.31            
Factor     - dense det. time        : 0.00              GP order time          : 0.00            
Factor     - nonzeros before factor : 2.88e+05          after factor           : 4.55e+06        
Factor     - dense dim.             : 2                 flops                  : 1.80e+09        
ITE PFEAS    DFEAS    GFEAS    PRSTATUS   POBJ              DOBJ              MU       TIME  
0   8.5e+00  1.3e+00  2.3e+01  0.00e+00   -2.238942710e+01  4.000000000e-02   1.0e+00  0.81  
1   7.8e+00  1.2e+00  2.1e+01  4.75e+00   -5.939740956e+01  -4.337148095e+01  9.2e-01  1.02  
2   4.6e+00  7.0e-01  7.8e+00  3.57e+00   -3.275320054e+01  -2.744786650e+01  5.5e-01  1.29  
3   4.2e+00  6.3e-01  7.5e+00  1.64e+00   9.715977949e+00   1.490276567e+01   4.9e-01  1.51  
4   3.1e+00  4.6e-01  9.8e+00  6.14e-01   5.933313598e+02   6.025479614e+02   3.6e-01  1.72  
5   4.4e-01  6.6e-02  2.1e+00  3.43e-01   4.964056079e+03   4.966798199e+03   5.2e-02  1.91  
6   2.9e-02  4.4e-03  4.6e-01  -9.12e-01  6.761159036e+04   6.758388336e+04   3.4e-03  2.34  
7   3.9e-03  5.8e-04  1.6e-01  -9.99e-01  5.035267461e+05   5.033153610e+05   4.6e-04  2.78  
8   6.9e-04  1.0e-04  6.2e-02  -1.00e+00  2.842257791e+06   2.841201126e+06   8.1e-05  3.00  
9   9.9e-05  1.5e-05  2.2e-02  -1.00e+00  1.999656982e+07   1.998981077e+07   1.2e-05  3.33  
10  1.1e-05  1.7e-06  7.5e-03  -1.00e+00  1.776765887e+08   1.776178664e+08   1.3e-06  3.78  
11  1.3e-06  1.9e-07  2.5e-03  -1.00e+00  1.586593014e+09   1.586091944e+09   1.5e-07  4.19  
12  2.0e-07  2.5e-08  8.7e-04  -1.00e+00  1.179443832e+10   1.179100357e+10   2.0e-08  4.55  
13  8.4e-08  1.1e-08  5.5e-04  -1.00e+00  2.798748933e+10   2.797995994e+10   8.5e-09  4.97  
14  5.2e-08  6.9e-09  4.3e-04  -1.00e+00  4.400802059e+10   4.399667083e+10   5.4e-09  5.14  
15  1.2e-08  1.7e-09  2.0e-04  -1.00e+00  1.838304399e+11   1.837856666e+11   1.3e-09  5.52  
16  2.7e-09  3.6e-10  9.3e-05  -1.00e+00  8.560430848e+11   8.558392133e+11   2.8e-10  5.88  
17  6.4e-10  9.4e-11  4.5e-05  -1.00e+00  3.238185214e+12   3.237449666e+12   7.4e-11  6.26  
Optimizer terminated. Time: 6.30    

PolyJuMP.Data(SumOfSquares.SDSOSCone, nothing)
168 modes
536 transitions
[3, 7, 11, 15, 19, 23, 27, 31, 35, 39, 43, 47, 51, 55, 59, 63, 67, 71, 75, 79, 83, 87, 91, 95, 99, 103, 107, 111, 115, 119, 123, 127, 131, 135, 139, 143, 147, 151, 155, 159, 163, 167]
[1, 5, 9, 13, 17, 21, 25, 29, 33, 37, 41, 45, 49, 53, 57, 61, 65, 69, 73, 77, 81, 85, 89, 93, 97, 101, 105, 109, 113, 117, 121, 125, 129, 133, 137, 141, 145, 149, 153, 157, 161, 165]
