Set parameter Username
Academic license - for non-commercial use only - expires 2025-04-09
Gurobi Optimizer version 11.0.2 build v11.0.2rc0 (linux64 - "Ubuntu 22.04.4 LTS")

CPU model: AMD Ryzen 7 5800X 8-Core Processor, instruction set [SSE2|AVX|AVX2]
Thread count: 8 physical cores, 16 logical processors, using up to 16 threads

Optimize a model with 3316 rows, 3240 columns and 20208 nonzeros
Model fingerprint: 0x98ef88c1
Model has 180 quadratic objective terms
Model has 10080 general constraints
Variable types: 180 continuous, 3060 integer (3060 binary)
Coefficient statistics:
  Matrix range     [3e-01, 1e+00]
  Objective range  [0e+00, 0e+00]
  QObjective range [6e-01, 6e-01]
  Bounds range     [0e+00, 0e+00]
  RHS range        [9e-01, 1e+00]
  GenCon rhs range [9e-16, 4e+00]
  GenCon coe range [3e-17, 7e+00]
Warning for adding constraints: zero or small (< 1e-13) coefficients, ignored
Presolve added 4926 rows and 5054 columns
Presolve time: 0.07s
Presolved: 8242 rows, 8294 columns, 25095 nonzeros
Presolved model has 6162 SOS constraint(s)
Presolved model has 168 quadratic objective terms
Variable types: 6358 continuous, 1936 integer (1936 binary)
Found heuristic solution: objective 27.7893460
Found heuristic solution: objective 13.1116055

Root relaxation: objective 3.323499e+00, 6399 iterations, 0.05 seconds (0.08 work units)

    Nodes    |    Current Node    |     Objective Bounds      |     Work
 Expl Unexpl |  Obj  Depth IntInf | Incumbent    BestBd   Gap | It/Node Time

     0     0    3.32350    0   83   13.11161    3.32350  74.7%     -    0s
     0     0    3.32350    0  135   13.11161    3.32350  74.7%     -    0s
     0     0    3.32350    0  131   13.11161    3.32350  74.7%     -    0s
     0     0    3.32350    0  145   13.11161    3.32350  74.7%     -    0s
     0     0    3.32350    0  128   13.11161    3.32350  74.7%     -    0s
     0     0    3.32350    0  159   13.11161    3.32350  74.7%     -    0s
     0     0    3.32350    0  163   13.11161    3.32350  74.7%     -    0s
     0     0    3.32350    0  129   13.11161    3.32350  74.7%     -    0s
     0     0    3.32350    0   94   13.11161    3.32350  74.7%     -    0s
     0     0    3.32350    0  129   13.11161    3.32350  74.7%     -    0s
     0     0    3.32350    0  161   13.11161    3.32350  74.7%     -    0s
H    0     0                       8.0624321    3.32350  58.8%     -    0s
     0     0    3.32350    0  256    8.06243    3.32350  58.8%     -    0s
     0     0    3.32350    0  235    8.06243    3.32350  58.8%     -    0s
     0     0    3.32350    0  137    8.06243    3.32350  58.8%     -    0s
H    0     0                       7.7475992    3.32350  57.1%     -    0s
     0     0    3.32350    0  312    7.74760    3.32350  57.1%     -    0s
     0     0    3.32350    0  253    7.74760    3.32350  57.1%     -    0s
     0     0    3.32350    0  416    7.74760    3.32350  57.1%     -    0s
     0     0    3.32350    0  397    7.74760    3.32350  57.1%     -    0s
     0     0    3.32350    0  435    7.74760    3.32350  57.1%     -    0s
     0     0    3.32350    0  642    7.74760    3.32350  57.1%     -    0s
     0     0    3.32350    0  603    7.74760    3.32350  57.1%     -    0s
     0     0    3.32350    0  493    7.74760    3.32350  57.1%     -    0s
     0     0    3.32350    0  676    7.74760    3.32350  57.1%     -    1s
     0     2    3.32350    0  676    7.74760    3.32350  57.1%     -    1s
   332   162    3.32350   28  650    7.74760    3.32350  57.1%   296    5s
H  433   208                       7.4982978    3.32350  55.7%   334    6s
H  523   225                       5.3456089    3.32350  37.8%   345    7s
H  562   163                       4.8252041    3.32350  31.1%   330    7s
H  566   163                       4.6328862    3.32350  28.3%   329    7s
H  591   163                       4.4531713    3.32350  25.4%   316    7s
H  652    78                       4.3397050    3.32350  23.4%   289    7s
H  741    33                       4.1372423    3.32350  19.7%   258    8s
H  949     3                       4.0385756    3.32350  17.7%   210    9s
   951     1     cutoff   86         4.03858    3.32350  17.7%   210   10s
H  978     2                       4.0204255    3.32350  17.3%   208   11s
  1181     3     cutoff  182         4.02043    3.32350  17.3%   182   15s
H 1495    21                       4.0071875    3.32350  17.1%   159   17s
H 1911    27                       4.0021668    3.32350  17.0%   139   19s
H 1915    27                       4.0015929    3.32350  16.9%   139   19s
H 1920    27                       3.9795057    3.32350  16.5%   139   19s
  1921    87    3.89387  288  247    3.97951    3.32350  16.5%   139   20s
H 2498   217                       3.9445871    3.32350  15.7%   119   21s
  3397   522    3.32350  353  194    3.94459    3.32350  15.7%   101   25s
  3453   526    3.32350   44  646    3.94459    3.32350  15.7%   105   30s
  3701   481    3.32350   74  277    3.94459    3.32350  15.7%   126   35s
H 4122   371                       3.9445869    3.32350  15.7%   127   36s
H 4235   309                       3.9445868    3.32350  15.7%   127   37s
H 4314   262                       3.9445866    3.32350  15.7%   125   37s
H 4372   250                       3.9445771    3.32350  15.7%   124   38s
H 4423   211                       3.9439891    3.32350  15.7%   124   38s
H 4477   134                       3.9439554    3.32350  15.7%   123   40s
H 4511   103                       3.9436955    3.32350  15.7%   122   40s
  5574     7    3.47842   52  138    3.94370    3.32350  15.7%   111   45s
  5633    22    3.82634  136   54    3.94370    3.32350  15.7%   113   50s
  6652   627     cutoff  169         3.94370    3.32350  15.7%   111   55s
  9013   450     cutoff  247         3.94370    3.76498  4.53%   103   60s

Cutting planes:
  Gomory: 1
  Implied bound: 1694
  Clique: 3
  MIR: 1
  Flow cover: 4
  Zero half: 4

Explored 11151 nodes (1118437 simplex iterations) in 62.76 seconds (107.12 work units)
Thread count was 16 (of 16 available processors)

Solution count 10: 3.9437 3.94396 3.94399 ... 4.00217

Optimal solution found (tolerance 1.00e-04)
Best objective 3.943695524753e+00, best bound 3.943695524753e+00, gap 0.0000%

User-callback calls 37623, time in user-callback 0.01 sec
partitioning
constructing product automaton vertices
constructing product automaton edges
removing redundant constraints
merging equivalent modes
102 modes
368 transitions
[56, 35, 79, 30, 75, 17, 23, 19, 32, 49, 53, 43, 11, 45, 67, 69, 73, 82, 89, 99, 3, 39, 84, 7, 102, 59, 13, 93, 63, 86, 27, 97, 91, 62]
[5, 37, 1, 47, 41, 9, 51, 77, 33, 25, 95, 71, 57, 15, 21, 65, 87]
