Running HiGHS 1.7.1 (git hash: 43329e528): Copyright (c) 2024 HiGHS under MIT licence terms
Coefficient ranges:
  Matrix [1e+00, 1e+00]
  Cost   [6e-06, 1e+01]
  Bound  [1e+00, 1e+00]
  RHS    [1e+00, 1e+00]
Presolving model
61 rows, 174 cols, 348 nonzeros  0s
60 rows, 174 cols, 342 nonzeros  0s
Presolve : Reductions: rows 60(-12); columns 174(-30); elements 342(-66)
Solving the presolved LP
Using EKK dual simplex solver - serial
  Iteration        Objective     Infeasibilities num(sum)
          0     0.0000000000e+00 Ph1: 0(0) 0s
          8     1.4579979104e-01 Pr: 0(0) 0s
Solving the original LP from the solution after postsolve
Model   status      : Optimal
Simplex   iterations: 8
Objective value     :  1.4579979104e-01
HiGHS run time      :          0.00

******************************************************************************
This program contains Ipopt, a library for large-scale nonlinear optimization.
 Ipopt is released as open source code under the Eclipse Public License (EPL).
         For more information visit https://github.com/coin-or/Ipopt
******************************************************************************

This is Ipopt version 3.14.14, running with linear solver MUMPS 5.6.2.

Number of nonzeros in equality constraint Jacobian...:     2872
Number of nonzeros in inequality constraint Jacobian.:     1320
Number of nonzeros in Lagrangian Hessian.............:     5765

Total number of variables............................:     1269
                     variables with only lower bounds:        9
                variables with lower and upper bounds:      180
                     variables with only upper bounds:        0
Total number of equality constraints.................:      724
Total number of inequality constraints...............:      660
        inequality constraints with only lower bounds:        0
   inequality constraints with lower and upper bounds:        0
        inequality constraints with only upper bounds:      660

iter    objective    inf_pr   inf_du lg(mu)  ||d||  lg(rg) alpha_du alpha_pr  ls
   0  1.7996472e-03 9.00e-01 1.00e+00  -1.0 0.00e+00    -  0.00e+00 0.00e+00   0
   1  7.7678001e-02 8.70e-01 2.33e+01  -1.7 3.04e+00   0.0 4.50e-02 3.29e-02f  1
   2  1.9212202e-01 8.32e-01 2.57e+01  -1.7 8.70e-01   1.3 2.88e-02 4.44e-02h  1
   3  2.5882705e-01 8.25e-01 2.68e+01  -1.7 8.47e-01   1.8 9.83e-03 8.43e-03h  1
   4  5.3512646e-01 8.12e-01 3.41e+01  -1.7 8.25e-01   2.2 1.73e-02 1.54e-02h  1
   5  9.1456930e-01 8.04e-01 4.07e+01  -1.7 8.28e-01   2.6 1.50e-02 9.44e-03h  1
   6  1.0764842e+00 8.02e-01 4.23e+01  -1.7 4.31e+00   2.1 6.95e-03 3.45e-03h  1
   7  1.8304045e+00 7.93e-01 4.55e+01  -1.7 8.02e-01   2.6 1.78e-02 1.04e-02h  1
   8  2.5891931e+00 7.86e-01 4.68e+01  -1.7 1.84e+00   2.1 1.48e-02 9.16e-03h  1
   9  2.6435690e+00 7.86e-01 2.71e+02  -1.7 7.86e-01   2.5 1.88e-02 6.10e-04h  1
iter    objective    inf_pr   inf_du lg(mu)  ||d||  lg(rg) alpha_du alpha_pr  ls
  10  3.1285234e+00 7.80e-01 2.49e+02  -1.7 3.84e+00   2.0 4.89e-03 7.37e-03h  1
  11  3.1622337e+00 7.79e-01 5.17e+02  -1.7 1.27e+00   2.5 3.87e-03 4.36e-04h  1
  12  3.2619129e+00 7.79e-01 2.02e+04  -1.7 1.96e+00   2.9 3.40e-02 1.08e-03h  1
  13  5.2133399e+00 7.62e-01 1.92e+04  -1.7 1.72e+00   2.4 2.85e-03 2.11e-02h  1
  14  5.3750441e+00 7.61e-01 1.91e+04  -1.7 1.21e+00   2.8 4.03e-02 1.17e-03h  1
  15  5.6578669e+00 7.60e-01 2.76e+04  -1.7 9.15e-01   3.3 6.52e-02 2.11e-03h  1
  16  8.1119491e+00 7.39e-01 2.69e+04  -1.7 9.86e-01   2.8 3.41e-02 2.73e-02h  1
  17  8.2432658e+00 7.30e-01 2.54e+04  -1.7 1.53e+00   2.3 4.01e-02 1.16e-02h  1
  18  8.5381104e+00 7.22e-01 2.49e+04  -1.7 7.30e-01   2.7 4.54e-02 1.17e-02h  1
  19  8.5687534e+00 7.21e-01 2.63e+04  -1.7 7.22e-01   3.2 2.89e-02 7.82e-04h  1
iter    objective    inf_pr   inf_du lg(mu)  ||d||  lg(rg) alpha_du alpha_pr  ls
  20  9.2837568e+00 6.91e-01 2.52e+04  -1.7 7.21e-01   2.7 3.82e-02 4.25e-02h  1
  21  9.5526114e+00 6.85e-01 2.52e+04  -1.7 6.91e-01   3.1 1.90e-02 7.40e-03h  1
  22  9.6565353e+00 6.81e-01 2.40e+04  -1.7 1.54e+00   2.6 3.02e-02 6.72e-03h  1
  23  1.0116630e+01 6.70e-01 2.33e+04  -1.7 6.81e-01   3.0 3.87e-02 1.62e-02h  1
  24  1.1449521e+01 6.52e-01 2.23e+04  -1.7 6.70e-01   3.5 1.82e-02 2.63e-02h  1
  25  1.1568126e+01 6.51e-01 2.23e+04  -1.7 3.20e+00   3.0 1.97e-03 2.52e-03h  1
  26  1.1888818e+01 6.46e-01 2.25e+04  -1.7 6.51e-01   3.4 2.20e-02 6.39e-03h  1
  27  1.2379787e+01 6.42e-01 2.35e+04  -1.7 6.46e-01   3.9 1.64e-02 7.42e-03h  1
  28  1.2507952e+01 6.39e-01 2.37e+04  -1.7 6.42e-01   3.4 3.99e-02 3.62e-03h  1
  29  1.3434588e+01 6.28e-01 2.39e+04  -1.7 6.39e-01   3.8 2.56e-02 1.81e-02h  1
iter    objective    inf_pr   inf_du lg(mu)  ||d||  lg(rg) alpha_du alpha_pr  ls
  30  1.3548622e+01 6.25e-01 2.38e+04  -1.7 2.57e+00   3.3 2.36e-02 3.93e-03h  1
  31  1.3590711e+01 6.25e-01 2.58e+04  -1.7 6.25e-01   3.7 3.12e-02 1.10e-03h  1
  32  1.4102348e+01 6.11e-01 2.52e+04  -1.7 1.56e+00   3.3 3.72e-02 2.15e-02h  1
  33  1.4536373e+01 6.03e-01 2.71e+04  -1.7 7.44e-01   3.7 2.98e-02 1.39e-02h  1
  34  1.5003977e+01 5.96e-01 2.39e+04  -1.7 6.03e-01   4.1 3.47e-03 1.10e-02h  1
  35  1.5151310e+01 5.93e-01 2.41e+04  -1.7 2.16e+00   3.6 1.22e-02 5.51e-03h  1
  36  1.5160127e+01 5.93e-01 2.49e+04  -1.7 6.53e-01   4.1 4.44e-03 2.51e-04h  1
  37  1.5209697e+01 5.91e-01 2.57e+04  -1.7 1.31e+00   3.6 2.40e-02 2.23e-03h  1
  38  1.5720734e+01 5.81e-01 2.27e+04  -1.7 6.09e-01   4.0 5.09e-04 1.69e-02h  1
  39  1.5973183e+01 5.78e-01 2.61e+04  -1.7 5.81e-01   4.4 1.32e-02 5.81e-03h  1
iter    objective    inf_pr   inf_du lg(mu)  ||d||  lg(rg) alpha_du alpha_pr  ls
  40  1.6028957e+01 5.76e-01 2.57e+04  -1.7 7.35e-01   4.0 4.20e-04 2.53e-03h  1
  41  1.6058560e+01 5.76e-01 6.16e+04  -1.7 5.78e-01   4.4 6.30e-02 8.63e-04h  1
  42  1.6457010e+01 5.60e-01 6.01e+04  -1.7 7.36e-01   3.9 1.98e-03 2.79e-02h  1
  43  1.6573049e+01 5.57e-01 9.80e+04  -1.7 6.02e-01   4.3 1.09e-01 5.88e-03h  1
  44  1.6601512e+01 5.56e-01 1.16e+05  -1.7 5.57e-01   4.8 1.30e-02 1.32e-03h  1
  45  1.6748976e+01 5.49e-01 1.33e+05  -1.7 6.70e-01   4.3 4.38e-02 1.16e-02h  1
  46  1.6868621e+01 5.46e-01 1.51e+05  -1.7 5.49e-01   4.7 2.00e-02 6.92e-03h  1
  47  1.7150642e+01 5.33e-01 1.71e+05  -1.7 1.45e+00   4.2 5.52e-02 2.33e-02h  1
  48  1.7334372e+01 5.26e-01 1.51e+05  -1.7 8.55e-01   4.7 3.78e-04 1.24e-02h  1
  49  1.7367767e+01 5.25e-01 1.66e+05  -1.7 4.16e+00   4.2 2.33e-02 2.63e-03h  1
iter    objective    inf_pr   inf_du lg(mu)  ||d||  lg(rg) alpha_du alpha_pr  ls
  50  1.7494131e+01 5.20e-01 1.61e+05  -1.7 8.60e-01   4.6 6.36e-03 8.81e-03h  1
  51  1.7483289e+01 5.20e-01 1.63e+05  -1.7 3.37e+00   4.1 5.68e-03 1.30e-03h  1
  52  1.7493564e+01 5.19e-01 1.82e+05  -1.7 5.20e-01   4.6 1.65e-02 7.19e-04h  1
  53  1.7677256e+01 5.14e-01 1.81e+05  -1.7 5.19e-01   5.0 9.45e-03 9.50e-03h  1
  54  1.7862033e+01 5.06e-01 1.75e+05  -1.7 5.14e-01   4.5 1.24e-02 1.59e-02h  1
  55  1.7935263e+01 5.04e-01 1.63e+05  -1.7 5.06e-01   4.9 5.39e-04 4.95e-03h  1
  56  1.8055474e+01 4.99e-01 1.69e+05  -1.7 5.87e-01   4.5 2.04e-02 1.01e-02h  1
  57  1.8061186e+01 4.98e-01 1.71e+05  -1.7 4.99e-01   4.9 1.64e-03 4.12e-04h  1
  58  1.8171294e+01 4.94e-01 1.74e+05  -1.7 5.81e-01   4.4 1.83e-02 9.27e-03h  1
  59  1.8259912e+01 4.90e-01 2.72e+05  -1.7 4.94e-01   4.8 6.51e-02 6.61e-03h  1
iter    objective    inf_pr   inf_du lg(mu)  ||d||  lg(rg) alpha_du alpha_pr  ls
  60  1.8409993e+01 4.84e-01 2.66e+05  -1.7 5.35e-01   4.4 7.25e-03 1.36e-02h  1
  61  1.8577715e+01 4.77e-01 2.50e+05  -1.7 4.84e-01   4.8 3.11e-03 1.35e-02h  1
  62  1.8645189e+01 4.75e-01 3.28e+05  -1.7 4.77e-01   5.2 2.38e-02 4.50e-03h  1
  63  1.8757121e+01 4.71e-01 3.40e+05  -1.7 4.75e-01   4.7 2.54e-02 9.37e-03h  1
  64  1.8830161e+01 4.68e-01 4.51e+05  -1.7 4.71e-01   5.2 3.87e-02 5.44e-03h  1
  65  1.9143177e+01 4.56e-01 4.25e+05  -1.7 4.68e-01   4.7 2.56e-03 2.59e-02h  1
  66  1.9228935e+01 4.53e-01 4.68e+05  -1.7 4.56e-01   5.1 2.37e-02 6.60e-03h  1
  67  1.9314580e+01 4.50e-01 5.06e+05  -1.7 4.53e-01   4.6 1.01e-01 6.85e-03h  1
  68  1.9627304e+01 4.39e-01 5.28e+05  -1.7 4.50e-01   5.1 4.04e-02 2.46e-02h  1
  69  1.9801980e+01 4.33e-01 6.25e+05  -1.7 4.39e-01   5.5 2.77e-02 1.23e-02h  1
iter    objective    inf_pr   inf_du lg(mu)  ||d||  lg(rg) alpha_du alpha_pr  ls
  70  1.9922489e+01 4.29e-01 6.08e+05  -1.7 4.33e-01   5.0 1.82e-03 9.45e-03h  1
  71  2.0050000e+01 4.25e-01 6.25e+05  -1.7 4.29e-01   5.4 1.35e-02 9.46e-03h  1
  72  2.0130036e+01 4.23e-01 6.19e+05  -1.7 4.25e-01   5.0 4.63e-03 6.17e-03h  1
  73  2.0171602e+01 4.21e-01 7.40e+05  -1.7 4.23e-01   5.4 3.04e-02 3.17e-03h  1
  74  2.0311525e+01 4.17e-01 7.26e+05  -1.7 5.45e-01   4.9 9.10e-04 1.07e-02h  1
  75  2.0316674e+01 4.17e-01 9.43e+05  -1.7 4.17e-01   5.3 6.32e-02 3.90e-04h  1
  76  2.0485297e+01 4.12e-01 8.14e+05  -1.7 4.17e-01   5.8 1.67e-03 1.19e-02h  1
  77  2.0611861e+01 4.08e-01 8.92e+05  -1.7 4.12e-01   5.3 4.46e-02 9.81e-03h  1
  78  2.0852695e+01 4.00e-01 8.33e+05  -1.7 4.08e-01   5.7 1.36e-02 1.81e-02h  1
  79  2.1062402e+01 3.94e-01 8.46e+05  -1.7 4.00e-01   5.2 3.81e-02 1.55e-02h  1
iter    objective    inf_pr   inf_du lg(mu)  ||d||  lg(rg) alpha_du alpha_pr  ls
  80  2.1139458e+01 3.92e-01 9.37e+05  -1.7 3.94e-01   5.7 1.97e-02 5.81e-03h  1
  81  2.1146841e+01 3.91e-01 8.83e+05  -1.7 1.45e+00   5.2 2.42e-02 5.09e-04h  1
  82  2.1357647e+01 3.85e-01 8.56e+05  -1.7 3.91e-01   5.6 1.38e-02 1.59e-02h  1
  83  2.1503407e+01 3.81e-01 6.56e+05  -1.7 3.85e-01   6.0 1.02e-04 1.05e-02h  1
  84  2.1528012e+01 3.81e-01 7.16e+05  -1.7 3.81e-01   5.6 1.78e-02 1.82e-03h  1
  85  2.1529155e+01 3.80e-01 1.02e+06  -1.7 3.81e-01   6.0 1.95e-02 8.52e-05h  1
  86  2.1574168e+01 3.79e-01 1.16e+06  -1.7 3.80e-01   5.5 5.94e-02 3.37e-03h  1
  87  2.2098130e+01 3.64e-01 6.78e+05  -1.7 3.79e-01   5.9 5.46e-03 3.91e-02h  1
  88  2.2145468e+01 3.63e-01 6.88e+05  -1.7 1.08e+00   5.5 5.37e-04 2.85e-03h  1
  89  2.2170588e+01 3.63e-01 8.74e+05  -1.7 3.63e-01   5.9 2.35e-02 1.84e-03h  1
iter    objective    inf_pr   inf_du lg(mu)  ||d||  lg(rg) alpha_du alpha_pr  ls
  90  2.2346581e+01 3.58e-01 4.93e+05  -1.7 3.63e-01   6.3 3.63e-04 1.27e-02h  1
  91  2.2427619e+01 3.56e-01 4.99e+05  -1.7 3.58e-01   5.8 7.40e-03 5.82e-03h  1
  92  2.2437750e+01 3.56e-01 6.70e+05  -1.7 3.56e-01   6.3 7.80e-03 7.60e-04h  1
  93  2.2573843e+01 3.52e-01 6.83e+05  -1.7 3.56e-01   5.8 1.53e-02 9.87e-03h  1
  94  2.2588867e+01 3.52e-01 6.68e+05  -1.7 3.52e-01   6.2 4.46e-04 1.14e-03h  1
  95  2.2691416e+01 3.49e-01 6.70e+05  -1.7 4.69e-01   5.7 1.83e-02 7.19e-03h  1
  96  2.2740621e+01 3.48e-01 7.96e+05  -1.7 3.49e-01   6.1 1.16e-02 3.72e-03h  1
  97  2.2793776e+01 3.47e-01 7.52e+05  -1.7 1.25e+00   5.7 1.00e-02 3.21e-03h  1
  98  2.2879261e+01 3.45e-01 6.73e+05  -1.7 3.47e-01   6.1 5.47e-04 6.38e-03h  1
  99  2.2888900e+01 3.44e-01 7.23e+05  -1.7 3.45e-01   6.5 1.90e-03 7.08e-04h  1
iter    objective    inf_pr   inf_du lg(mu)  ||d||  lg(rg) alpha_du alpha_pr  ls
 100  2.2973359e+01 3.42e-01 9.93e+05  -1.7 3.44e-01   6.0 3.59e-02 6.22e-03h  1
 101  2.3186234e+01 3.37e-01 6.68e+05  -1.7 3.42e-01   6.5 6.96e-03 1.58e-02h  1
 102  2.3262454e+01 3.35e-01 6.47e+05  -1.7 5.10e-01   6.0 2.38e-04 5.27e-03h  1
 103  2.3300752e+01 3.34e-01 6.95e+05  -1.7 3.35e-01   6.4 4.66e-03 2.84e-03h  1
 104  2.3389570e+01 3.32e-01 6.98e+05  -1.7 9.08e-01   5.9 3.57e-04 5.65e-03h  1
 105  2.3462893e+01 3.30e-01 6.31e+05  -1.7 3.32e-01   6.4 2.47e-03 5.34e-03h  1
 106  2.3468540e+01 3.30e-01 6.03e+05  -1.7 2.11e+01   5.9 2.76e-04 8.76e-05h  1
 107  2.3516118e+01 3.29e-01 6.75e+05  -1.7 3.30e-01   6.3 7.55e-03 3.42e-03h  1
 108  2.3517195e+01 3.29e-01 6.95e+05  -1.7 3.29e-01   6.7 4.47e-04 7.76e-05h  1
 109  2.3524065e+01 3.29e-01 7.27e+05  -1.7 3.29e-01   6.3 4.25e-03 4.92e-04h  1
iter    objective    inf_pr   inf_du lg(mu)  ||d||  lg(rg) alpha_du alpha_pr  ls
 110  2.3539387e+01 3.29e-01 7.25e+05  -1.7 3.29e-01   6.7 1.08e-03 1.11e-03h  1
 111  2.3613717e+01 3.27e-01 7.79e+05  -1.7 3.57e-01   6.2 1.70e-02 5.28e-03h  1
 112  2.3691135e+01 3.25e-01 6.02e+05  -1.7 3.27e-01   6.6 8.88e-05 5.67e-03h  1
 113  2.3701086e+01 3.25e-01 6.02e+05  -1.7 5.41e-01   6.2 2.48e-03 6.94e-04h  1
 114  2.3724243e+01 3.24e-01 8.65e+05  -1.7 3.25e-01   6.6 1.09e-02 1.72e-03h  1
 115  2.3811599e+01 3.22e-01 8.43e+05  -1.7 7.47e-01   6.1 2.17e-04 5.90e-03h  1
 116  2.3848120e+01 3.22e-01 1.03e+06  -1.7 3.22e-01   6.5 1.10e-02 2.71e-03h  1
 117  2.3941678e+01 3.20e-01 1.08e+06  -1.7 1.26e+00   6.1 2.20e-02 5.87e-03h  1
 118  2.3963853e+01 3.19e-01 1.11e+06  -1.7 3.20e-01   6.5 3.29e-03 1.64e-03h  1
 119  2.3995115e+01 3.19e-01 1.12e+06  -1.7 3.45e+00   6.0 1.37e-04 1.50e-03h  1
iter    objective    inf_pr   inf_du lg(mu)  ||d||  lg(rg) alpha_du alpha_pr  ls
 120  2.4023184e+01 3.18e-01 1.08e+06  -1.7 3.55e-01   6.4 4.80e-05 2.06e-03h  1
 121  2.4051124e+01 3.17e-01 1.44e+06  -1.7 3.18e-01   6.9 8.82e-03 2.06e-03h  1
 122  2.4174518e+01 3.14e-01 1.31e+06  -1.7 3.82e-01   6.4 2.79e-04 8.97e-03h  1
 123  2.4230751e+01 3.13e-01 2.22e+06  -1.7 3.14e-01   6.8 2.40e-02 4.17e-03h  1
 124  2.4269668e+01 3.12e-01 2.19e+06  -1.7 4.73e-01   6.3 5.45e-04 2.77e-03h  1
 125  2.4279840e+01 3.12e-01 2.16e+06  -1.7 3.12e-01   6.8 8.46e-06 7.57e-04h  1
 126  2.4349385e+01 3.11e-01 2.13e+06  -1.7 5.78e-01   6.3 2.61e-03 4.83e-03h  1
 127  2.4361329e+01 3.10e-01 2.54e+06  -1.7 3.11e-01   6.7 1.35e-02 8.82e-04h  1
 128  2.4535832e+01 3.07e-01 2.58e+06  -1.7 6.23e-01   6.2 3.07e-02 1.19e-02h  1
 129  2.4635677e+01 3.04e-01 2.80e+06  -1.7 3.07e-01   6.7 1.66e-02 7.34e-03h  1
iter    objective    inf_pr   inf_du lg(mu)  ||d||  lg(rg) alpha_du alpha_pr  ls
 130  2.4761815e+01 3.02e-01 2.77e+06  -1.7 7.87e-01   6.2 5.41e-04 8.27e-03h  1
 131  2.4773062e+01 3.02e-01 2.95e+06  -1.7 3.26e-01   6.6 9.80e-03 8.19e-04h  1
 132  2.4895790e+01 2.99e-01 2.93e+06  -1.7 8.62e-01   6.1 6.50e-03 7.81e-03h  1
 133  2.5066281e+01 2.96e-01 3.26e+06  -1.7 3.33e-01   6.6 3.55e-02 1.23e-02h  1
 134  2.5070040e+01 2.95e-01 3.09e+06  -1.7 9.61e-01   6.1 3.94e-02 2.31e-04h  1
 135  2.5081455e+01 2.95e-01 3.08e+06  -1.7 2.95e-01   6.5 2.53e-04 8.51e-04h  1
 136  2.5220128e+01 2.93e-01 3.05e+06  -1.7 2.95e-01   6.0 5.21e-05 9.23e-03h  1
 137  2.5342386e+01 2.90e-01 3.04e+06  -1.7 2.93e-01   6.5 1.05e-02 8.97e-03h  1
 138  2.5419193e+01 2.88e-01 3.03e+06  -1.7 3.09e-01   6.0 1.78e-03 4.89e-03h  1
 139  2.5536128e+01 2.86e-01 3.23e+06  -1.7 2.88e-01   6.4 3.23e-02 8.50e-03h  1
iter    objective    inf_pr   inf_du lg(mu)  ||d||  lg(rg) alpha_du alpha_pr  ls
 140  2.5589482e+01 2.85e-01 3.15e+06  -1.7 2.96e-01   5.9 2.56e-02 3.37e-03h  1
 141  2.5692947e+01 2.83e-01 3.39e+06  -1.7 2.85e-01   6.4 4.72e-02 7.73e-03h  1
 142  2.5970167e+01 2.78e-01 3.26e+06  -1.7 3.63e-01   5.9 3.11e-02 1.70e-02h  1
 143  2.6085106e+01 2.76e-01 3.41e+06  -1.7 2.78e-01   6.3 4.80e-02 8.41e-03h  1
 144  2.6378748e+01 2.70e-01 4.25e+06  -1.7 2.76e-01   6.7 5.91e-02 2.22e-02h  1
 145  2.6416384e+01 2.69e-01 4.24e+06  -1.7 2.70e-01   6.3 2.44e-03 2.70e-03h  1
 146  2.6429924e+01 2.69e-01 4.32e+06  -1.7 2.69e-01   6.7 5.39e-03 1.04e-03h  1
 147  2.6633229e+01 2.65e-01 4.27e+06  -1.7 2.69e-01   6.2 1.48e-04 1.45e-02h  1
 148  2.6662578e+01 2.64e-01 4.68e+06  -1.7 2.65e-01   6.6 3.01e-02 2.24e-03h  1
 149  2.6887658e+01 2.60e-01 4.58e+06  -1.7 2.64e-01   6.1 2.32e-02 1.56e-02h  1
iter    objective    inf_pr   inf_du lg(mu)  ||d||  lg(rg) alpha_du alpha_pr  ls
 150  2.6907842e+01 2.60e-01 5.96e+06  -1.7 2.60e-01   6.6 1.24e-01 1.54e-03h  1
 151  2.7312007e+01 2.53e-01 5.98e+06  -1.7 4.20e-01   6.1 2.96e-03 2.69e-02h  1
 152  2.7422237e+01 2.51e-01 5.88e+06  -1.7 2.53e-01   6.5 8.56e-05 8.25e-03h  1
 153  2.7433354e+01 2.50e-01 6.33e+06  -1.7 2.51e-01   6.9 1.33e-02 8.58e-04h  1
 154  2.7811737e+01 2.43e-01 6.14e+06  -1.7 2.50e-01   6.5 2.65e-02 2.79e-02h  1
 155  2.7821273e+01 2.43e-01 6.16e+06  -1.7 2.43e-01   6.9 1.56e-03 7.36e-04h  1
 156  2.8014085e+01 2.40e-01 6.06e+06  -1.7 2.43e-01   6.4 9.67e-05 1.40e-02h  1
 157  2.8034933e+01 2.39e-01 7.79e+06  -1.7 2.40e-01   6.8 7.42e-02 1.60e-03h  1
 158  2.8239991e+01 2.36e-01 7.68e+06  -1.7 2.39e-01   6.4 1.31e-02 1.47e-02h  1
 159  2.8259318e+01 2.35e-01 8.55e+06  -1.7 2.36e-01   6.8 5.17e-02 1.50e-03h  1
iter    objective    inf_pr   inf_du lg(mu)  ||d||  lg(rg) alpha_du alpha_pr  ls
 160  2.8369323e+01 2.34e-01 8.51e+06  -1.7 2.76e-01   6.3 2.42e-03 8.02e-03h  1
 161  2.8389711e+01 2.33e-01 8.48e+06  -1.7 2.34e-01   6.7 8.98e-05 1.61e-03h  1
 162  2.8463079e+01 2.32e-01 8.22e+06  -1.7 3.59e-01   6.3 3.29e-02 5.38e-03h  1
 163  2.8469205e+01 2.32e-01 8.74e+06  -1.7 2.32e-01   6.7 5.41e-02 4.85e-04h  1
 164  2.8835841e+01 2.26e-01 8.27e+06  -1.7 5.18e-01   6.2 4.90e-02 2.60e-02h  1
 165  2.8905145e+01 2.25e-01 8.34e+06  -1.7 2.26e-01   6.6 2.32e-02 5.46e-03h  1
 166  2.8999338e+01 2.23e-01 8.36e+06  -1.7 7.80e-01   6.2 2.78e-04 6.43e-03h  1
 167  2.9095822e+01 2.21e-01 8.85e+06  -1.7 2.23e-01   6.6 1.65e-01 7.56e-03h  1
 168  2.9317422e+01 2.18e-01 8.92e+06  -1.7 1.36e+00   6.1 3.27e-03 1.43e-02h  1
 169  2.9351423e+01 2.18e-01 8.89e+06  -1.7 2.18e-01   6.5 6.90e-04 2.67e-03h  1
iter    objective    inf_pr   inf_du lg(mu)  ||d||  lg(rg) alpha_du alpha_pr  ls
 170  2.9373755e+01 2.17e-01 8.87e+06  -1.7 7.80e-01   6.1 2.18e-03 1.47e-03h  1
 171  2.9472251e+01 2.16e-01 8.81e+06  -1.7 2.17e-01   6.5 1.97e-04 7.68e-03h  1
 172  2.9507617e+01 2.15e-01 8.57e+06  -1.7 1.60e+00   6.0 1.32e-02 2.13e-03h  1
 173  2.9643288e+01 2.13e-01 8.15e+06  -1.7 2.15e-01   6.4 1.41e-01 1.06e-02h  1
 174  2.9709854e+01 2.12e-01 7.79e+06  -1.7 6.68e+00   6.0 8.78e-03 2.88e-03h  1
 175  2.9768852e+01 2.11e-01 7.74e+06  -1.7 2.12e-01   6.4 8.90e-03 4.59e-03h  1
 176  2.9916567e+01 2.09e-01 8.24e+06  -1.7 2.11e-01   6.8 5.33e-02 1.20e-02h  1
 177  3.0470895e+01 2.00e-01 8.12e+06  -1.7 2.09e-01   6.3 1.01e-03 4.21e-02h  1
 178  3.0477814e+01 2.00e-01 8.20e+06  -1.7 2.00e-01   6.8 1.05e-02 5.68e-04h  1
 179  3.0483469e+01 2.00e-01 7.95e+06  -1.7 2.00e-01   6.3 3.97e-02 4.32e-04h  1
iter    objective    inf_pr   inf_du lg(mu)  ||d||  lg(rg) alpha_du alpha_pr  ls
 180  3.0766650e+01 1.95e-01 7.61e+06  -1.7 2.00e-01   6.7 2.30e-03 2.31e-02h  1
 181  3.0832087e+01 1.94e-01 6.87e+06  -1.7 1.95e-01   6.2 1.03e-01 5.00e-03h  1
 182  3.1041620e+01 1.91e-01 6.69e+06  -1.7 1.94e-01   6.7 7.27e-03 1.76e-02h  1
 183  3.1080267e+01 1.90e-01 6.65e+06  -1.7 1.91e-01   6.2 6.26e-03 2.94e-03h  1
 184  3.1092264e+01 1.90e-01 6.73e+06  -1.7 1.90e-01   6.6 3.23e-02 1.01e-03h  1
 185  3.1292139e+01 1.87e-01 6.73e+06  -1.7 1.91e-01   6.1 3.15e-03 1.46e-02h  1
 186  3.1343088e+01 1.86e-01 6.71e+06  -1.7 1.87e-01   6.6 2.21e-02 4.28e-03h  1
 187  3.1539358e+01 1.84e-01 6.75e+06  -1.7 2.77e-01   6.1 2.41e-04 1.39e-02h  1
 188  3.1586658e+01 1.83e-01 6.71e+06  -1.7 1.84e-01   6.5 1.90e-02 4.02e-03h  1
 189  3.1677637e+01 1.82e-01 6.76e+06  -1.7 7.94e-01   6.0 2.60e-04 5.70e-03h  1
iter    objective    inf_pr   inf_du lg(mu)  ||d||  lg(rg) alpha_du alpha_pr  ls
 190  3.1693800e+01 1.82e-01 7.14e+06  -1.7 1.82e-01   6.5 1.04e-01 1.37e-03h  1
 191  3.1914346e+01 1.78e-01 6.05e+06  -1.7 1.82e-01   6.9 5.34e-04 1.94e-02h  1
 192  3.2020095e+01 1.77e-01 6.97e+06  -1.7 1.78e-01   6.4 9.37e-02 9.09e-03h  1
 193  3.2685751e+01 1.66e-01 4.65e+06  -1.7 1.77e-01   6.8 1.20e-03 5.93e-02h  1
 194  3.2698434e+01 1.66e-01 4.32e+06  -1.7 1.66e-01   6.4 6.14e-02 1.10e-03h  1
 195  3.2777134e+01 1.65e-01 4.72e+06  -1.7 1.66e-01   6.8 3.13e-02 7.29e-03h  1
 196  3.2889554e+01 1.63e-01 4.75e+06  -1.7 1.65e-01   6.3 4.04e-03 9.56e-03h  1
 197  3.3118024e+01 1.60e-01 4.64e+06  -1.7 1.63e-01   6.7 1.53e-02 2.11e-02h  1
 198  3.3210040e+01 1.59e-01 4.07e+06  -1.7 1.60e-01   6.3 2.22e-01 7.79e-03h  1
 199  3.3491962e+01 1.54e-01 4.12e+06  -1.7 1.59e-01   6.7 3.26e-02 2.64e-02h  1
iter    objective    inf_pr   inf_du lg(mu)  ||d||  lg(rg) alpha_du alpha_pr  ls
 200  3.3563941e+01 1.53e-01 4.33e+06  -1.7 2.17e-01   6.2 2.14e-02 5.87e-03h  1
 201  3.3746533e+01 1.51e-01 4.01e+06  -1.7 1.53e-01   6.6 3.06e-04 1.72e-02h  1
 202  3.3784101e+01 1.51e-01 4.06e+06  -1.7 1.57e+00   6.1 2.94e-04 2.17e-03h  1
 203  3.3823491e+01 1.50e-01 3.29e+06  -1.7 1.51e-01   6.6 4.78e-02 3.73e-03h  1
 204  3.4046289e+01 1.47e-01 3.84e+06  -1.7 1.50e-01   7.0 2.30e-03 2.18e-02h  1
 205  3.4339440e+01 1.43e-01 3.68e+06  -1.7 1.47e-01   6.5 2.17e-01 2.76e-02h  1
 206  3.4628800e+01 1.39e-01 3.09e+06  -1.7 1.43e-01   6.9 1.94e-03 2.90e-02h  1
 207  3.5020359e+01 1.33e-01 2.83e+06  -1.7 1.39e-01   6.5 9.76e-05 3.68e-02h  1
 208  3.5034514e+01 1.33e-01 2.74e+06  -1.7 1.33e-01   6.9 1.92e-02 1.47e-03h  1
 209  3.5355474e+01 1.29e-01 2.87e+06  -1.7 1.60e-01   6.4 2.10e-03 3.04e-02h  1
iter    objective    inf_pr   inf_du lg(mu)  ||d||  lg(rg) alpha_du alpha_pr  ls
 210  3.5462894e+01 1.28e-01 4.72e+06  -1.7 1.29e-01   6.8 1.92e-01 1.13e-02h  1
 211  3.5518148e+01 1.27e-01 4.68e+06  -1.7 1.28e-01   6.4 4.68e-03 5.39e-03h  1
 212  3.5626158e+01 1.26e-01 4.42e+06  -1.7 1.27e-01   6.8 2.08e-04 1.15e-02h  1
 213  3.5777163e+01 1.24e-01 4.69e+06  -1.7 1.26e-01   6.3 5.87e-02 1.44e-02h  1
 214  3.5838108e+01 1.23e-01 4.57e+06  -1.7 1.24e-01   6.7 5.12e-04 6.55e-03h  1
 215  3.6063079e+01 1.20e-01 4.53e+06  -1.7 1.59e-01   6.3 3.18e-05 2.04e-02h  1
 216  3.6074974e+01 1.20e-01 3.88e+06  -1.7 1.20e-01   6.7 8.38e-02 1.29e-03h  1
 217  3.6348844e+01 1.17e-01 2.56e+06  -1.7 2.41e-01   6.2 1.22e-01 2.46e-02h  1
 218  3.6397259e+01 1.17e-01 2.56e+06  -1.7 1.17e-01   6.6 1.78e-02 5.29e-03h  1
 219  3.6841635e+01 1.13e-01 2.48e+06  -1.7 7.41e-01   6.2 4.80e-05 3.46e-02h  1
iter    objective    inf_pr   inf_du lg(mu)  ||d||  lg(rg) alpha_du alpha_pr  ls
 220  3.7035168e+01 1.10e-01 2.37e+06  -1.7 1.13e-01   6.6 1.04e-01 2.12e-02h  1
 221  3.7317754e+01 1.07e-01 2.79e+06  -1.7 1.10e-01   7.0 5.38e-02 3.28e-02h  1
 222  3.7335063e+01 1.06e-01 2.78e+06  -1.7 1.11e-01   6.5 1.40e-03 1.94e-03h  1
 223  3.7689469e+01 1.02e-01 3.43e+06  -1.7 1.06e-01   7.0 8.31e-02 4.19e-02h  1
 224  3.7721622e+01 1.02e-01 3.41e+06  -1.7 1.22e-01   6.5 1.79e-03 3.71e-03h  1
 225  3.7746970e+01 1.01e-01 3.38e+06  -1.7 1.02e-01   6.9 8.73e-05 3.14e-03h  1
 226  3.7770727e+01 1.01e-01 3.27e+06  -1.7 1.32e-01   6.4 2.93e-02 2.69e-03h  1
 227  3.7793367e+01 1.01e-01 3.27e+06  -1.7 1.01e-01   6.9 9.11e-03 2.82e-03h  1
 228  3.8007273e+01 9.83e-02 3.25e+06  -1.7 1.03e-01   6.4 1.25e-02 2.42e-02h  1
 229  3.8039049e+01 9.79e-02 2.58e+06  -1.7 9.83e-02   6.8 8.42e-02 4.03e-03h  1
iter    objective    inf_pr   inf_du lg(mu)  ||d||  lg(rg) alpha_du alpha_pr  ls
 230  3.8365976e+01 9.42e-02 2.52e+06  -1.7 1.23e-01   6.3 2.36e-02 3.73e-02h  1
 231  3.8460641e+01 9.31e-02 1.98e+06  -1.7 9.42e-02   6.8 1.23e-01 1.23e-02h  1
 232  3.8856312e+01 8.89e-02 2.10e+06  -1.7 1.49e-01   6.3 1.52e-02 4.53e-02h  1
 233  3.8888228e+01 8.85e-02 3.92e+06  -1.7 8.89e-02   6.7 2.80e-01 4.30e-03h  1
 234  3.9436465e+01 8.30e-02 3.60e+06  -1.7 1.96e-01   6.2 5.53e-03 6.21e-02h  1
 235  3.9614642e+01 8.09e-02 3.90e+06  -1.7 8.30e-02   6.7 1.09e-01 2.49e-02h  1
 236  3.9697684e+01 8.01e-02 3.86e+06  -1.7 2.89e-01   6.2 1.60e-03 9.39e-03h  1
 237  3.9773868e+01 7.93e-02 3.84e+06  -1.7 8.01e-02   6.6 9.14e-04 1.08e-02h  1
 238  3.9908724e+01 7.83e-02 3.81e+06  -1.7 7.30e-01   6.1 8.35e-03 1.23e-02h  1
 239  3.9929674e+01 7.81e-02 2.94e+06  -1.7 7.98e-02   6.6 9.97e-02 3.01e-03h  1
iter    objective    inf_pr   inf_du lg(mu)  ||d||  lg(rg) alpha_du alpha_pr  ls
 240  4.0110419e+01 7.59e-02 3.14e+06  -1.7 7.81e-02   7.0 6.09e-03 2.72e-02h  1
 241  4.0228786e+01 7.46e-02 3.22e+06  -1.7 8.46e-02   6.5 1.33e-03 1.73e-02h  1
 242  4.0247609e+01 7.44e-02 2.50e+06  -1.7 7.46e-02   6.9 6.25e-02 2.94e-03h  1
 243  4.0875570e+01 6.76e-02 2.94e+06  -1.7 9.04e-02   6.5 1.22e-03 9.13e-02h  1
 244  4.1126676e+01 6.48e-02 5.20e+06  -1.7 6.76e-02   6.9 3.45e-01 4.22e-02h  1
 245  4.1159423e+01 6.44e-02 5.16e+06  -1.7 8.90e-02   6.4 1.13e-02 5.34e-03h  1
 246  4.1176436e+01 6.42e-02 5.14e+06  -1.7 6.44e-02   6.8 1.41e-04 3.02e-03h  1
 247  4.1332749e+01 6.26e-02 4.99e+06  -1.7 9.91e-02   6.4 3.01e-02 2.54e-02h  1
 248  4.1341477e+01 6.25e-02 4.97e+06  -1.7 6.26e-02   6.8 4.77e-02 1.61e-03h  1
 249  4.1380030e+01 6.21e-02 4.52e+06  -1.7 9.24e-02   6.3 1.06e-01 6.59e-03h  1
iter    objective    inf_pr   inf_du lg(mu)  ||d||  lg(rg) alpha_du alpha_pr  ls
 250  4.1591859e+01 5.96e-02 4.33e+06  -1.7 6.21e-02   6.7 1.23e-01 3.95e-02h  1
 251  4.1864673e+01 5.68e-02 4.30e+06  -1.7 8.46e-02   6.2 2.90e-03 4.80e-02h  1
 252  4.1886949e+01 5.65e-02 4.18e+06  -1.7 5.68e-02   6.7 7.18e-02 4.47e-03h  1
 253  4.2080215e+01 5.45e-02 4.17e+06  -1.7 9.33e-02   6.2 5.59e-03 3.49e-02h  1
 254  4.2100892e+01 5.43e-02 2.94e+06  -1.7 5.45e-02   6.6 1.93e-01 4.29e-03h  1
 255  4.2849306e+01 4.68e-02 3.38e+06  -1.7 1.11e-01   6.1 6.25e-03 1.37e-01h  1
 256  4.3126342e+01 4.38e-02 3.45e+06  -1.7 4.68e-02   6.6 1.83e-02 6.51e-02h  1
 257  4.3182729e+01 4.33e-02 3.19e+06  -1.7 9.05e-02   6.1 4.67e-02 1.25e-02h  1
 258  4.3998678e+01 3.45e-02 1.41e+06  -1.7 4.33e-02   6.5 4.00e-01 2.03e-01h  1
 259  4.4154457e+01 3.30e-02 1.60e+06  -1.7 7.06e-02   6.0 1.51e-01 4.25e-02h  1
iter    objective    inf_pr   inf_du lg(mu)  ||d||  lg(rg) alpha_du alpha_pr  ls
 260  4.4160727e+01 3.29e-02 2.23e+06  -1.7 3.30e-02   6.5 4.05e-01 2.05e-03h  1
 261  4.4526019e+01 2.95e-02 1.83e+06  -1.7 7.99e-02   6.0 9.18e-03 1.05e-01h  1
 262  4.4541111e+01 2.93e-02 2.17e+06  -1.7 2.95e-02   6.4 3.12e-01 5.47e-03h  1
 263  4.4799778e+01 2.69e-02 1.90e+06  -1.7 7.37e-02   5.9 1.85e-02 8.20e-02h  1
 264  4.5230632e+01 2.24e-02 1.86e+06  -1.7 2.69e-02   6.4 4.61e-01 1.69e-01h  1
 265  4.5325660e+01 2.15e-02 1.76e+06  -1.7 4.57e-02   5.9 1.18e-02 3.98e-02f  1
 266  4.5341124e+01 2.13e-02 2.02e+06  -1.7 2.15e-02   6.3 3.66e-01 7.55e-03h  1
 267  4.5531687e+01 1.95e-02 1.84e+06  -1.7 4.59e-02   5.8 7.34e-02 8.32e-02f  1
 268  4.5713760e+01 1.76e-02 1.79e+06  -1.7 1.95e-02   6.3 2.78e-01 9.75e-02h  1
 269  4.6514932e+01 1.02e-02 7.42e+05  -1.7 3.50e-02   5.8 1.16e-02 4.23e-01f  1
iter    objective    inf_pr   inf_du lg(mu)  ||d||  lg(rg) alpha_du alpha_pr  ls
 270  4.6735801e+01 7.89e-03 9.41e+05  -1.7 1.02e-02   6.2 7.88e-01 2.25e-01f  1
 271  4.6750893e+01 7.74e-03 9.56e+05  -1.7 7.89e-03   5.7 1.12e-01 1.92e-02f  1
 272  4.7190326e+01 4.59e-03 4.30e+05  -1.7 2.93e-02   5.3 4.74e-02 4.06e-01f  1
 273  4.7219487e+01 4.30e-03 6.58e+05  -1.7 4.59e-03   5.7 8.44e-01 6.46e-02f  1
 274  4.7377285e+01 2.78e-03 4.35e+05  -1.7 5.92e-03   5.2 4.62e-01 3.53e-01f  1
 275  4.7521768e+01 2.68e-03 4.18e+05  -1.7 7.35e-01   4.7 3.26e-02 3.67e-02f  1
 276  4.7538355e+01 2.50e-03 3.97e+05  -1.7 2.68e-03   5.2 2.56e-01 6.58e-02f  1
 277  4.7576454e+01 2.22e-03 3.55e+05  -1.7 1.75e-02   4.7 1.52e-01 1.11e-01f  1
 278  4.7775004e+01 1.93e-06 1.46e+04  -1.7 2.22e-03   5.1 3.90e-01 1.00e+00f  1
 279  4.7732201e+01 4.11e-08 4.51e+03  -1.7 5.20e-04   4.6 7.47e-01 1.00e+00f  1
iter    objective    inf_pr   inf_du lg(mu)  ||d||  lg(rg) alpha_du alpha_pr  ls
 280  4.7585590e+01 2.76e-07 2.96e+03  -1.7 6.28e-04   4.2 3.89e-01 1.00e+00f  1
 281  4.7307483e+01 1.79e-06 8.09e+02  -1.7 1.88e-03   3.7 7.07e-01 1.00e+00f  1
 282  4.6503478e+01 1.31e-05 4.61e+02  -1.7 5.72e-03   3.2 4.54e-01 8.95e-01f  1
 283  4.4602518e+01 1.39e-04 1.56e+02  -1.7 1.67e-02   2.7 6.10e-01 1.00e+00f  1
 284  3.9438491e+01 1.15e-03 8.39e+01  -1.7 4.70e-02   2.2 4.24e-01 1.00e+00f  1
 285  3.1058782e+01 6.29e-03 5.14e+01  -1.7 1.12e-01   1.8 3.81e-01 9.33e-01f  1
 286  2.0241876e+01 1.69e-02 3.92e+01  -1.7 1.60e-01   1.3 2.43e-01 1.00e+00f  1
 287  1.6968534e+01 1.37e-02 3.00e+01  -1.7 2.27e-01   0.8 2.90e-01 5.10e-01f  1
 288  1.2280555e+01 3.81e-02 2.70e+01  -1.7 4.28e-01   0.3 1.48e-01 5.37e-01f  1
 289  1.1632056e+01 6.48e-02 2.62e+01  -1.7 1.20e+00  -0.1 1.72e-01 4.53e-01f  1
iter    objective    inf_pr   inf_du lg(mu)  ||d||  lg(rg) alpha_du alpha_pr  ls
 290  8.5058537e+00 4.47e-02 2.38e+01  -1.7 5.42e-01  -0.6 2.68e-01 9.72e-01f  1
 291  8.2665624e+00 2.33e-02 2.33e+01  -1.7 2.60e-01  -0.2 1.87e-01 5.03e-01f  1
 292  8.5759588e+00 1.31e-02 1.50e+01  -1.7 7.44e-02   1.1 3.55e-01 4.37e-01f  1
 293  8.5292412e+00 4.29e-04 3.52e+00  -1.7 5.75e-02   0.7 7.65e-01 1.00e+00f  1
 294  6.9158525e+00 4.42e-03 6.23e+00  -1.7 1.06e-01   0.2 8.52e-01 1.00e+00f  1
 295  6.5457308e+00 2.18e-03 4.17e+00  -1.7 2.09e-01  -0.3 1.00e+00 1.00e+00f  1
 296  5.7604880e+00 5.89e-03 1.44e+01  -1.7 1.47e+00    -  4.89e-01 6.63e-01F  1
 297  5.8297992e+00 2.33e-03 2.43e+00  -1.7 2.34e-01  -0.8 1.00e+00 1.00e+00f  1
 298  5.9224898e+00 8.57e-03 1.37e+01  -1.7 1.06e+00    -  1.00e+00 1.00e+00h  1
 299  5.3994509e+00 1.36e-02 2.82e+00  -1.7 8.10e-01    -  9.06e-01 5.46e-01h  1
iter    objective    inf_pr   inf_du lg(mu)  ||d||  lg(rg) alpha_du alpha_pr  ls
 300  5.7108261e+00 3.26e-03 5.84e-01  -1.7 2.62e-01  -1.2 8.64e-01 1.00e+00h  1
 301  5.6507470e+00 4.48e-03 8.24e+00  -1.7 6.12e-01    -  1.00e+00 1.00e+00h  1
 302  5.7246974e+00 1.58e-04 1.26e+00  -1.7 2.61e-01    -  1.00e+00 1.00e+00h  1
 303  5.7239169e+00 1.66e-05 2.10e-02  -1.7 2.03e-02    -  1.00e+00 1.00e+00h  1
 304  4.2389244e+00 3.32e-03 2.57e+00  -3.8 2.46e-01    -  8.04e-01 1.00e+00f  1
 305  3.5600585e+00 1.64e-02 6.21e-01  -3.8 1.77e-01    -  6.60e-01 1.00e+00f  1
 306  3.3725402e+00 1.11e-02 1.81e+00  -3.8 1.58e-01    -  2.34e-01 1.00e+00h  1
 307  3.2873395e+00 1.08e-03 6.66e-02  -3.8 8.84e-02    -  9.71e-01 9.70e-01h  1
 308  3.2625624e+00 6.89e-05 3.57e-02  -3.8 2.31e-02    -  1.00e+00 1.00e+00f  1
 309  3.2592499e+00 1.57e-06 6.94e-04  -3.8 3.56e-03    -  1.00e+00 1.00e+00h  1
iter    objective    inf_pr   inf_du lg(mu)  ||d||  lg(rg) alpha_du alpha_pr  ls
 310  3.2408139e+00 1.10e-05 1.35e-01  -5.7 2.09e-02    -  8.51e-01 6.48e-01f  1
 311  3.2331234e+00 6.99e-06 9.40e-01  -5.7 1.36e-02    -  1.00e+00 6.70e-01h  1
 312  3.2306149e+00 3.25e-06 1.33e+00  -5.7 6.07e-03    -  1.00e+00 6.07e-01h  1
 313  3.2299077e+00 1.84e-06 9.94e-01  -5.7 1.92e-03    -  1.00e+00 4.38e-01f  1
 314  3.2292568e+00 3.01e-07 1.74e-01  -5.7 8.45e-04    -  1.00e+00 8.35e-01f  1
 315  3.2291491e+00 1.17e-09 4.53e-06  -5.7 8.05e-05    -  1.00e+00 1.00e+00f  1
 316  3.2289651e+00 6.61e-08 4.91e-02  -8.6 7.14e-04    -  8.66e-01 7.44e-01h  1
 317  3.2289120e+00 3.06e-08 3.90e-02  -8.6 3.45e-04    -  9.57e-01 7.67e-01h  1
 318  3.2288960e+00 7.72e-09 1.57e-02  -8.6 7.31e-05    -  1.00e+00 7.70e-01f  1
 319  3.2288903e+00 4.43e-10 1.20e-03  -8.6 1.12e-05    -  1.00e+00 9.45e-01f  1
iter    objective    inf_pr   inf_du lg(mu)  ||d||  lg(rg) alpha_du alpha_pr  ls
 320  3.2288893e+00 1.46e-12 2.17e-09  -8.6 2.58e-06    -  1.00e+00 1.00e+00f  1

Number of Iterations....: 320

                                   (scaled)                 (unscaled)
Objective...............:   3.2288893146767235e+00    3.2288893146767235e+00
Dual infeasibility......:   2.1668142835551407e-09    2.1668142835551407e-09
Constraint violation....:   1.4625403752660526e-12    1.4625403752660526e-12
Variable bound violation:   9.6788392068175881e-09    9.6788392068175881e-09
Complementarity.........:   6.4933906147571836e-09    6.4933906147571836e-09
Overall NLP error.......:   6.4933906147571836e-09    6.4933906147571836e-09


Number of objective function evaluations             = 322
Number of objective gradient evaluations             = 321
Number of equality constraint evaluations            = 322
Number of inequality constraint evaluations          = 322
Number of equality constraint Jacobian evaluations   = 321
Number of inequality constraint Jacobian evaluations = 321
Number of Lagrangian Hessian evaluations             = 320
Total seconds in IPOPT                               = 1.612

EXIT: Optimal Solution Found.
partitioning
constructing product automaton vertices
constructing product automaton edges
removing redundant constraints
formulating GMP
formulating SDP
Problem
  Name                   :                 
  Objective sense        : maximize        
  Type                   : CONIC (conic optimization problem)
  Constraints            : 17136           
  Affine conic cons.     : 0               
  Disjunctive cons.      : 0               
  Cones                  : 12852           
  Scalar variables       : 45180           
  Matrix variables       : 0               
  Integer variables      : 0               

Optimizer started.
Presolve started.
Linear dependency checker started.
Linear dependency checker terminated.
Eliminator started.
Freed constraints in eliminator : 574
Eliminator terminated.
Eliminator started.
Freed constraints in eliminator : 0
Eliminator terminated.
Eliminator - tries                  : 2                 time                   : 0.00            
Lin. dep.  - tries                  : 1                 time                   : 0.00            
Lin. dep.  - primal attempts        : 1                 successes              : 1               
Lin. dep.  - dual attempts          : 0                 successes              : 0               
Lin. dep.  - primal deps.           : 0                 dual deps.             : 0               
Presolve terminated. Time: 0.04    
Optimizer  - threads                : 8               
Optimizer  - solved problem         : the primal      
Optimizer  - Constraints            : 7081            
Optimizer  - Cones                  : 7384            
Optimizer  - Scalar variables       : 27004             conic                  : 22491           
Optimizer  - Semi-definite variables: 0                 scalarized             : 0               
Factor     - setup time             : 0.04            
Factor     - dense det. time        : 0.00              GP order time          : 0.00            
Factor     - nonzeros before factor : 6.73e+04          after factor           : 8.83e+05        
Factor     - dense dim.             : 2                 flops                  : 1.90e+08        
ITE PFEAS    DFEAS    GFEAS    PRSTATUS   POBJ              DOBJ              MU       TIME  
0   5.6e+00  1.3e+00  1.0e+01  0.00e+00   -9.322093783e+00  4.000000000e-02   1.0e+00  0.10  
1   4.4e+00  1.0e+00  8.2e+00  5.19e+00   -2.935503674e+01  -2.572555557e+01  7.9e-01  0.12  
2   3.1e+00  7.1e-01  4.8e+00  2.86e+00   -1.811422331e+01  -1.641907725e+01  5.6e-01  0.13  
3   6.5e-01  1.5e-01  3.1e-01  2.08e+00   -1.678839791e+00  -1.428056390e+00  1.1e-01  0.15  
4   1.8e-01  4.0e-02  3.1e-02  1.35e+00   9.417920658e-01   1.005510476e+00   3.1e-02  0.17  
5   7.8e-02  1.8e-02  7.8e-03  1.19e+00   1.432393158e+00   1.459424977e+00   1.4e-02  0.19  
6   3.4e-02  7.6e-03  2.0e-03  1.10e+00   1.886367978e+00   1.898035326e+00   6.0e-03  0.21  
7   1.7e-02  3.8e-03  6.4e-04  1.02e+00   2.121132235e+00   2.127016896e+00   3.0e-03  0.23  
8   1.3e-02  3.0e-03  4.4e-04  1.00e+00   2.166607554e+00   2.171279827e+00   2.4e-03  0.24  
9   7.4e-03  1.7e-03  1.7e-04  1.00e+00   2.237200889e+00   2.239833086e+00   1.3e-03  0.26  
10  3.6e-03  8.0e-04  5.2e-05  1.01e+00   2.267818546e+00   2.269083113e+00   6.3e-04  0.28  
11  1.6e-03  3.6e-04  1.4e-05  1.00e+00   2.280816779e+00   2.281390956e+00   2.8e-04  0.30  
12  1.2e-03  2.8e-04  9.8e-06  9.84e-01   2.283365226e+00   2.283815418e+00   2.2e-04  0.32  
13  4.6e-04  1.0e-04  2.0e-06  9.78e-01   2.287270384e+00   2.287439944e+00   8.1e-05  0.34  
14  2.6e-04  6.0e-05  8.8e-07  9.35e-01   2.287420478e+00   2.287521439e+00   4.7e-05  0.35  
15  1.3e-04  2.9e-05  3.0e-07  9.19e-01   2.287335885e+00   2.287387059e+00   2.3e-05  0.37  
16  6.7e-05  1.5e-05  1.2e-07  8.73e-01   2.287048995e+00   2.287077623e+00   1.2e-05  0.39  
17  4.8e-05  1.1e-05  7.3e-08  7.99e-01   2.286852289e+00   2.286874120e+00   8.5e-06  0.40  
18  2.4e-05  5.5e-06  2.9e-08  7.70e-01   2.286502402e+00   2.286514829e+00   4.3e-06  0.42  
19  1.6e-05  3.5e-06  1.6e-08  6.58e-01   2.286264466e+00   2.286273396e+00   2.8e-06  0.44  
20  1.3e-05  3.0e-06  1.3e-08  6.13e-01   2.286178161e+00   2.286186212e+00   2.4e-06  0.45  
21  5.1e-06  9.2e-07  2.7e-09  6.30e-01   2.285701617e+00   2.285704648e+00   7.2e-07  0.47  
22  2.4e-06  4.4e-07  1.0e-09  5.56e-01   2.285449949e+00   2.285451710e+00   3.5e-07  0.50  
23  1.1e-06  2.1e-07  3.9e-10  6.29e-01   2.285276434e+00   2.285277405e+00   1.6e-07  0.53  
24  7.5e-07  1.4e-07  2.4e-10  4.62e-01   2.285206218e+00   2.285206953e+00   1.0e-07  0.55  
25  6.7e-07  1.2e-07  2.1e-10  3.53e-01   2.285193390e+00   2.285194080e+00   9.2e-08  0.58  
26  5.8e-07  1.0e-07  1.7e-10  3.83e-01   2.285173295e+00   2.285173922e+00   7.7e-08  0.61  
27  5.8e-07  1.0e-07  1.7e-10  3.83e-01   2.285173295e+00   2.285173922e+00   7.7e-08  0.65  
28  5.8e-07  1.0e-07  1.7e-10  3.83e-01   2.285173295e+00   2.285173922e+00   7.7e-08  0.69  
Optimizer terminated. Time: 0.75    

reconstructing trajectory
70 modes
200 transitions
[2, 4, 6, 8, 10, 12, 14, 16, 18, 20, 22, 24, 26, 28, 30, 32, 34, 36, 38, 40, 42, 44, 46, 48, 50, 52, 54, 56, 58, 60, 62, 64, 66, 68, 70]
[1, 3, 5, 7, 9, 11, 13, 15, 17, 19, 21, 23, 25, 27, 29, 31, 33, 35, 37, 39, 41, 43, 45, 47, 49, 51, 53, 55, 57, 59, 61, 63, 65, 67, 69]
