Running HiGHS 1.7.2 (git hash: 5ce7a2753): Copyright (c) 2024 HiGHS under MIT licence terms
Coefficient ranges:
  Matrix [1e+00, 1e+00]
  Cost   [4e-06, 1e+01]
  Bound  [1e+00, 1e+00]
  RHS    [1e+00, 1e+00]
Presolving model
150 rows, 474 cols, 948 nonzeros  0s
149 rows, 474 cols, 937 nonzeros  0s
Presolve : Reductions: rows 149(-21); columns 474(-66); elements 937(-143)
Solving the presolved LP
Using EKK dual simplex solver - serial
  Iteration        Objective     Infeasibilities num(sum)
          0     0.0000000000e+00 Ph1: 0(0) 0s
          9     6.9855356296e-01 Pr: 0(0) 0s
Solving the original LP from the solution after postsolve
Model   status      : Optimal
Simplex   iterations: 9
Objective value     :  6.9855356296e-01
HiGHS run time      :          0.00

******************************************************************************
This program contains Ipopt, a library for large-scale nonlinear optimization.
 Ipopt is released as open source code under the Eclipse Public License (EPL).
         For more information visit https://github.com/coin-or/Ipopt
******************************************************************************

This is Ipopt version 3.14.16, running with linear solver MUMPS 5.7.3.

Number of nonzeros in equality constraint Jacobian...:     3192
Number of nonzeros in inequality constraint Jacobian.:     1520
Number of nonzeros in Lagrangian Hessian.............:     6406

Total number of variables............................:     1410
                     variables with only lower bounds:       10
                variables with lower and upper bounds:      200
                     variables with only upper bounds:        0
Total number of equality constraints.................:      804
Total number of inequality constraints...............:      760
        inequality constraints with only lower bounds:        0
   inequality constraints with lower and upper bounds:        0
        inequality constraints with only upper bounds:      760

iter    objective    inf_pr   inf_du lg(mu)  ||d||  lg(rg) alpha_du alpha_pr  ls
   0  1.9996080e-03 9.00e-01 1.00e+00  -1.0 0.00e+00    -  0.00e+00 0.00e+00   0
   1  6.4359210e-02 8.76e-01 4.17e+00  -1.7 1.88e+01    -  5.89e-02 2.69e-02f  1
   2  7.6767201e-01 7.76e-01 2.90e+01  -1.7 1.14e+01    -  2.68e-02 1.14e-01f  1
   3  1.1646164e+00 6.84e-01 2.57e+01  -1.7 8.14e-01   0.0 5.67e-02 1.19e-01h  1
   4  1.9050715e+00 5.32e-01 1.93e+01  -1.7 1.31e+00  -0.5 3.31e-01 2.22e-01f  1
   5  3.8587069e+00 2.83e-01 1.03e+01  -1.7 5.32e-01  -0.1 8.71e-01 4.69e-01h  1
   6  3.9100666e+00 2.78e-01 1.01e+01  -1.7 5.55e-01   0.4 7.11e-02 1.78e-02h  1
   7  4.1998362e+00 2.48e-01 2.21e+01  -1.7 1.66e+00  -0.1 1.95e-01 1.05e-01h  1
   8  4.3571317e+00 2.30e-01 2.41e+02  -1.7 1.31e+00   0.3 5.97e-01 7.32e-02h  1
   9  5.0743710e+00 1.02e-01 1.20e+02  -1.7 1.56e+00  -0.2 5.05e-01 5.59e-01h  1
iter    objective    inf_pr   inf_du lg(mu)  ||d||  lg(rg) alpha_du alpha_pr  ls
  10  6.1494814e+00 3.94e-02 1.52e+02  -1.7 1.82e+00  -0.6 2.97e-02 6.13e-01h  1
  11  5.9087528e+00 2.15e-02 7.89e+01  -1.7 4.18e-01  -0.2 4.77e-01 4.55e-01h  1
  12  6.0683919e+00 1.07e-02 6.14e+01  -1.7 3.07e-01   0.2 3.51e-01 5.00e-01h  1
  13  6.1672316e+00 2.52e-02 4.73e+01  -1.7 2.65e-01  -0.3 2.84e-01 1.00e+00h  1
  14  6.1339172e+00 1.45e-02 9.64e+00  -1.7 2.03e-01  -0.7 1.00e+00 1.00e+00h  1
  15  6.1471136e+00 2.53e-02 3.29e+00  -1.7 1.28e+00    -  7.05e-01 5.00e-01h  2
  16  6.0784634e+00 1.97e-02 8.42e-01  -1.7 1.88e-01    -  1.00e+00 1.00e+00h  1
  17  6.0870752e+00 9.09e-03 8.05e-02  -1.7 1.20e-01    -  1.00e+00 1.00e+00h  1
  18  4.5943686e+00 2.88e-03 4.04e+00  -2.5 3.32e-01    -  9.04e-01 1.00e+00f  1
  19  4.0529198e+00 1.36e-03 4.59e-01  -2.5 1.12e-01    -  1.00e+00 1.00e+00h  1
iter    objective    inf_pr   inf_du lg(mu)  ||d||  lg(rg) alpha_du alpha_pr  ls
  20  3.9569544e+00 4.00e-04 2.70e-02  -2.5 4.13e-02    -  1.00e+00 1.00e+00h  1
  21  3.6259832e+00 2.70e-03 2.13e-01  -3.8 1.02e-01    -  8.71e-01 1.00e+00f  1
  22  3.4953049e+00 9.36e-03 1.92e-01  -3.8 2.04e-01    -  5.41e-01 8.09e-01h  1
  23  3.4885763e+00 4.62e-03 1.21e+00  -3.8 6.86e-02    -  5.46e-01 1.00e+00h  1
  24  3.4813809e+00 2.30e-04 5.57e-03  -3.8 2.11e-02    -  1.00e+00 1.00e+00h  1
  25  3.4805960e+00 2.57e-05 3.27e-04  -3.8 5.76e-03    -  1.00e+00 1.00e+00h  1
  26  3.4646877e+00 1.09e-05 2.83e-01  -5.7 1.82e-02    -  8.57e-01 6.05e-01h  1
  27  3.4569905e+00 1.55e-05 3.70e-01  -5.7 1.39e-02    -  7.68e-01 6.74e-01h  1
  28  3.4540722e+00 1.33e-05 6.75e-01  -5.7 8.14e-03    -  1.00e+00 8.12e-01f  1
  29  3.4535005e+00 6.27e-06 4.71e-01  -5.7 3.91e-03    -  1.00e+00 6.63e-01f  1
iter    objective    inf_pr   inf_du lg(mu)  ||d||  lg(rg) alpha_du alpha_pr  ls
  30  3.4531966e+00 1.08e-06 3.78e-05  -5.7 2.02e-03    -  1.00e+00 1.00e+00f  1
  31  3.4531754e+00 5.12e-09 8.83e-08  -5.7 1.24e-04    -  1.00e+00 1.00e+00h  1
  32  3.4530007e+00 3.03e-07 9.79e-02  -8.6 1.50e-03    -  9.84e-01 7.42e-01h  1
  33  3.4529460e+00 1.30e-07 3.62e-02  -8.6 5.39e-04    -  9.34e-01 7.33e-01h  1
  34  3.4529276e+00 2.85e-08 1.24e-02  -8.6 3.10e-04    -  1.00e+00 7.83e-01f  1
  35  3.4529212e+00 3.19e-09 8.03e-08  -8.6 1.36e-04    -  1.00e+00 1.00e+00f  1
  36  3.4529203e+00 1.96e-10 8.07e-09  -8.6 3.21e-05    -  1.00e+00 1.00e+00h  1

Number of Iterations....: 36

                                   (scaled)                 (unscaled)
Objective...............:   3.4529202542004080e+00    3.4529202542004080e+00
Dual infeasibility......:   8.0718302583587733e-09    8.0718302583587733e-09
Constraint violation....:   1.9646189509210307e-10    1.9646189509210307e-10
Variable bound violation:   9.7351490935840236e-09    9.7351490935840236e-09
Complementarity.........:   5.9359448398487047e-09    5.9359448398487047e-09
Overall NLP error.......:   8.0718302583587733e-09    8.0718302583587733e-09


Number of objective function evaluations             = 40
Number of objective gradient evaluations             = 37
Number of equality constraint evaluations            = 40
Number of inequality constraint evaluations          = 40
Number of equality constraint Jacobian evaluations   = 37
Number of inequality constraint Jacobian evaluations = 37
Number of Lagrangian Hessian evaluations             = 36
Total seconds in IPOPT                               = 0.578

EXIT: Optimal Solution Found.
partitioning
constructing product automaton vertices
constructing product automaton edges
removing redundant constraints
formulating GMP
formulating SDP
Problem
  Name                   :                 
  Objective sense        : minimize        
  Type                   : CONIC (conic optimization problem)
  Constraints            : 19574           
  Affine conic cons.     : 1620 (45360 rows)
  Disjunctive cons.      : 0               
  Cones                  : 0               
  Scalar variables       : 45360           
  Matrix variables       : 0               
  Integer variables      : 0               

Optimizer started.
Presolve started.
Linear dependency checker started.
Linear dependency checker terminated.
Eliminator started.
Freed constraints in eliminator : 15560
Eliminator terminated.
Eliminator started.
Freed constraints in eliminator : 0
Eliminator terminated.
Eliminator - tries                  : 2                 time                   : 0.00            
Lin. dep.  - tries                  : 1                 time                   : 0.01            
Lin. dep.  - primal attempts        : 1                 successes              : 1               
Lin. dep.  - dual attempts          : 0                 successes              : 0               
Lin. dep.  - primal deps.           : 1                 dual deps.             : 0               
Presolve terminated. Time: 0.06    
Optimizer  - threads                : 8               
Optimizer  - solved problem         : the primal      
Optimizer  - Constraints            : 47779           
Optimizer  - Cones                  : 1               
Optimizer  - Scalar variables       : 34853             conic                  : 28845           
Optimizer  - Semi-definite variables: 1620              scalarized             : 45360           
Factor     - setup time             : 0.17            
Factor     - dense det. time        : 0.00              GP order time          : 0.00            
Factor     - nonzeros before factor : 8.16e+05          after factor           : 3.28e+06        
Factor     - dense dim.             : 2                 flops                  : 4.36e+08        
ITE PFEAS    DFEAS    GFEAS    PRSTATUS   POBJ              DOBJ              MU       TIME  
0   1.9e+00  1.0e+00  1.0e+00  0.00e+00   4.000000000e-02   4.000000000e-02   1.0e+00  0.26  
1   1.7e+00  8.7e-01  8.1e-01  1.30e+00   -9.468668332e+00  -9.456022081e+00  8.7e-01  0.33  
2   3.4e-01  1.8e-01  5.9e-02  1.20e+00   -4.918086226e+01  -4.922191888e+01  1.8e-01  0.40  
3   6.0e-02  3.2e-02  2.7e-03  1.45e+00   -1.059154170e+01  -1.060309563e+01  3.2e-02  0.47  
4   1.6e-02  8.7e-03  3.7e-04  1.30e+00   8.421917777e-01   8.395534666e-01   8.7e-03  0.54  
5   6.0e-03  3.2e-03  8.2e-05  1.16e+00   1.484761025e+00   1.483889557e+00   3.2e-03  0.60  
6   2.2e-03  1.1e-03  1.9e-05  8.78e-01   2.641185530e+00   2.640874084e+00   1.1e-03  0.67  
7   1.7e-03  8.7e-04  1.3e-05  9.14e-01   2.784547765e+00   2.784307592e+00   8.7e-04  0.73  
8   6.3e-04  3.3e-04  3.2e-06  9.33e-01   3.063965038e+00   3.063872861e+00   3.3e-04  0.79  
9   3.6e-04  1.9e-04  1.4e-06  9.21e-01   3.162566196e+00   3.162515028e+00   1.9e-04  0.85  
10  2.4e-04  1.3e-04  8.0e-07  9.36e-01   3.202159251e+00   3.202124809e+00   1.3e-04  0.91  
11  8.9e-05  4.7e-05  1.8e-07  9.51e-01   3.254730175e+00   3.254717283e+00   4.7e-05  0.97  
12  4.6e-05  2.4e-05  6.9e-08  9.88e-01   3.267108418e+00   3.267101886e+00   2.4e-05  1.04  
13  2.9e-05  1.5e-05  3.5e-08  9.89e-01   3.270856336e+00   3.270852289e+00   1.5e-05  1.10  
14  2.3e-05  1.2e-05  2.4e-08  9.85e-01   3.271901466e+00   3.271898325e+00   1.2e-05  1.16  
15  5.5e-06  2.9e-06  3.0e-09  9.84e-01   3.275256013e+00   3.275255291e+00   2.9e-06  1.23  
16  2.0e-06  1.1e-06  6.9e-10  9.64e-01   3.275564506e+00   3.275564248e+00   1.1e-06  1.30  
17  7.2e-07  3.8e-07  1.5e-10  9.38e-01   3.275609747e+00   3.275609657e+00   3.8e-07  1.36  
18  3.1e-07  1.6e-07  4.4e-11  9.18e-01   3.275591643e+00   3.275591606e+00   1.6e-07  1.47  
19  2.4e-07  1.3e-07  3.1e-11  9.68e-01   3.275584746e+00   3.275584717e+00   1.3e-07  1.51  
20  2.4e-07  1.2e-07  3.0e-11  9.61e-01   3.275583661e+00   3.275583633e+00   1.2e-07  1.61  
21  2.2e-07  1.2e-07  2.8e-11  9.51e-01   3.275581386e+00   3.275581360e+00   1.2e-07  1.71  
22  2.0e-07  8.9e-08  1.8e-11  9.78e-01   3.275572034e+00   3.275572014e+00   9.0e-08  1.80  
23  2.0e-07  8.9e-08  1.8e-11  9.78e-01   3.275572034e+00   3.275572014e+00   9.0e-08  1.94  
24  2.0e-07  8.9e-08  1.8e-11  9.78e-01   3.275572034e+00   3.275572014e+00   9.0e-08  2.08  
Optimizer terminated. Time: 2.23    

168 modes
536 transitions
[3, 7, 11, 15, 19, 23, 27, 31, 35, 39, 43, 47, 51, 55, 59, 63, 67, 71, 75, 79, 83, 87, 91, 95, 99, 103, 107, 111, 115, 119, 123, 127, 131, 135, 139, 143, 147, 151, 155, 159, 163, 167]
[1, 5, 9, 13, 17, 21, 25, 29, 33, 37, 41, 45, 49, 53, 57, 61, 65, 69, 73, 77, 81, 85, 89, 93, 97, 101, 105, 109, 113, 117, 121, 125, 129, 133, 137, 141, 145, 149, 153, 157, 161, 165]
