Set parameter Username
Academic license - for non-commercial use only - expires 2025-04-09
Gurobi Optimizer version 11.0.2 build v11.0.2rc0 (linux64 - "Ubuntu 22.04.4 LTS")

CPU model: AMD Ryzen 7 5800X 8-Core Processor, instruction set [SSE2|AVX|AVX2]
Thread count: 8 physical cores, 16 logical processors, using up to 16 threads

Optimize a model with 3192 rows, 3120 columns and 20080 nonzeros
Model fingerprint: 0x5954c221
Model has 180 quadratic objective terms
Model has 10020 general constraints
Variable types: 180 continuous, 2940 integer (2940 binary)
Coefficient statistics:
  Matrix range     [3e-01, 1e+00]
  Objective range  [0e+00, 0e+00]
  QObjective range [6e-01, 6e-01]
  Bounds range     [0e+00, 0e+00]
  RHS range        [9e-01, 1e+00]
  GenCon rhs range [1e-01, 6e+00]
  GenCon coe range [3e-17, 1e+01]
Warning for adding constraints: zero or small (< 1e-13) coefficients, ignored
Presolve added 5312 rows and 5431 columns
Presolve time: 0.07s
Presolved: 8504 rows, 8551 columns, 26124 nonzeros
Presolved model has 6418 SOS constraint(s)
Presolved model has 168 quadratic objective terms
Variable types: 6614 continuous, 1937 integer (1937 binary)
Found heuristic solution: objective 14.3089360

Root relaxation: objective 3.323499e+00, 6647 iterations, 0.06 seconds (0.09 work units)

    Nodes    |    Current Node    |     Objective Bounds      |     Work
 Expl Unexpl |  Obj  Depth IntInf | Incumbent    BestBd   Gap | It/Node Time

     0     0    3.32350    0   79   14.30894    3.32350  76.8%     -    0s
     0     0    3.32350    0   48   14.30894    3.32350  76.8%     -    0s
     0     0    3.32350    0   48   14.30894    3.32350  76.8%     -    0s
     0     0    3.32350    0   48   14.30894    3.32350  76.8%     -    0s
     0     0    3.32350    0   48   14.30894    3.32350  76.8%     -    0s
     0     0    3.32350    0   48   14.30894    3.32350  76.8%     -    0s
     0     2    3.32350    0   48   14.30894    3.32350  76.8%     -    0s
H   36    29                      10.0730861    3.32350  67.0%   323    0s
H   71    37                       7.8710558    3.32350  57.8%   294    0s
H   76    37                       7.5777979    3.32350  56.1%   277    0s
H  115    36                       7.4831812    3.32350  55.6%   266    1s
H  158    51                       5.6441326    3.32350  41.1%   243    1s
H  217    44                       5.1700126    3.32350  35.7%   201    1s
*  271    40              18       4.6339832    3.32350  28.3%   211    1s
H  317    38                       4.5802509    3.32350  27.4%   185    1s
H  393    17                       4.5688251    3.32350  27.3%   158    1s
H  397    17                       4.5506501    3.32350  27.0%   156    1s
H  405    17                       4.5058530    3.32350  26.2%   153    1s
H  474    20                       4.4694982    3.32350  25.6%   135    1s
H  476    20                       4.3993718    3.32350  24.5%   135    1s
H  507    29                       4.2311070    3.32350  21.5%   131    2s
H  512    29                       4.1355325    3.32350  19.6%   130    2s
H  637    32                       4.1353172    3.32350  19.6%   115    2s
H  710    36                       4.0595613    3.32350  18.1%   107    2s
H 1139   265                       4.0506635    3.32350  18.0%  83.2    3s
H 1140   265                       3.9438048    3.32350  15.7%  83.1    3s
H 1818   495                       3.9437291    3.32350  15.7%  80.9    4s
H 1819   495                       3.9436957    3.32350  15.7%  82.7    4s
  1828   529    3.36352  168   87    3.94370    3.32350  15.7%  83.6    5s
  2362   708    3.32350   18  126    3.94370    3.32350  15.7%   126   10s
  2546   672    3.32350   46  171    3.94370    3.32350  15.7%   159   15s
H 2840   558                       3.9436957    3.32350  15.7%   186   18s
H 2906   511                       3.9436955    3.32350  15.7%   186   19s
  2976   503    3.32350   64  132    3.94370    3.32350  15.7%   186   21s
  3413   502     cutoff   79         3.94370    3.32350  15.7%   192   25s
  3784   506    3.32350   99  147    3.94370    3.32350  15.7%   222   30s
  3918   486    3.32350  107  196    3.94370    3.32350  15.7%   264   35s
  3989   475     cutoff  116         3.94370    3.32350  15.7%   284   40s
  4493   585     cutoff  130         3.94370    3.32350  15.7%   313   45s
  4973   835     cutoff  143         3.94370    3.32350  15.7%   340   51s
  5192   924     cutoff  152         3.94370    3.32350  15.7%   374   55s
  5517  1057    3.32350  167  128    3.94370    3.32350  15.7%   417   60s
  5861  1144    3.32350  180  248    3.94370    3.32350  15.7%   493   67s
  5973  1160     cutoff  187         3.94370    3.32350  15.7%   517   74s
  6025  1191    3.32350  189  201    3.94370    3.32350  15.7%   539   76s
  6195  1265    3.49486  202   81    3.94370    3.35620  14.9%   586   80s
  6406  1436    3.49486  231  162    3.94370    3.35620  14.9%   609   85s
  6698  1534    3.49486  279  259    3.94370    3.35620  14.9%   622   93s
  6771  1604    3.49486  289  261    3.94370    3.35620  14.9%   645   96s
  7145  1739    3.49486  331  223    3.94370    3.35620  14.9%   669  102s
  7547  1980    3.35620   80  107    3.94370    3.35620  14.9%   672  107s
  7830  2230    3.35620  110  136    3.94370    3.35620  14.9%   668  111s
  8226  2548    3.35620  154  177    3.94370    3.35620  14.9%   660  115s
  8859  2659    3.35620  218  376    3.94370    3.35620  14.9%   635  120s
 10288  3634    3.35620  257  290    3.94370    3.35620  14.9%   586  127s
 11585  3784    3.35620  304  278    3.94370    3.35620  14.9%   539  130s
 13239  4291    3.77876  379  100    3.94370    3.35620  14.9%   501  137s
 13883  4335     cutoff  384         3.94370    3.35620  14.9%   495  141s
 15534  4670     cutoff  179         3.94370    3.41290  13.5%   472  147s
 16321  4701     cutoff  209         3.94370    3.41290  13.5%   464  151s
 17835  5566     cutoff  241         3.94370    3.46613  12.1%   439  158s
 19839  6455    3.92540  219  106    3.94370    3.46613  12.1%   404  163s
 22300  6840    3.76312  206  132    3.94370    3.48579  11.6%   370  167s
 24565  8022    3.81237  269  305    3.94370    3.49499  11.4%   345  171s
 28314  8113    3.83945  188  272    3.94370    3.50804  11.0%   311  176s
 30749  8381     cutoff  115         3.94370    3.58411  9.12%   296  181s
 32814  8448    3.89186  277  119    3.94370    3.60349  8.63%   285  185s
 36794  8948    3.65218  159  242    3.94370    3.63309  7.88%   263  191s
 39448  9640     cutoff  318         3.94370    3.63530  7.82%   252  196s
 41684  9864    3.88451  243  124    3.94370    3.63530  7.82%   245  201s
 43605 10204     cutoff  112         3.94370    3.64913  7.47%   238  205s
 46654 11092    3.67343  115  106    3.94370    3.66762  7.00%   228  210s
 49232 11404    3.86323   73  110    3.94370    3.66773  7.00%   222  215s
 52359 11834    3.83942  160   91    3.94370    3.67373  6.85%   214  220s
 55363 11870    3.89140  190   97    3.94370    3.69869  6.21%   207  225s
 58114 12777     cutoff  374         3.94370    3.70226  6.12%   200  230s
 61937 12768     cutoff  248         3.94370    3.72233  5.61%   193  235s
 65357 13165    3.73683  169  115    3.94370    3.72834  5.46%   188  241s
 68478 13509    3.73877  159  128    3.94370    3.73877  5.20%   183  245s
 71717 13699     cutoff  239         3.94370    3.74166  5.12%   178  251s
 74597 13883    3.84521  260  138    3.94370    3.74951  4.92%   175  256s
 77826 14221     cutoff  156         3.94370    3.75648  4.75%   170  260s
 80513 14755    3.76642  148  282    3.94370    3.76218  4.60%   167  266s
 83377 14646    3.80194  158  104    3.94370    3.76545  4.52%   164  270s
 86792 14690    3.78830  121  144    3.94370    3.78266  4.08%   160  275s
 89597 14547     cutoff  249         3.94370    3.78830  3.94%   158  280s
 91639 14517    3.90152  166  294    3.94370    3.78875  3.93%   157  285s
 93339 14511    3.92304  247   76    3.94370    3.79141  3.86%   158  290s
 95470 14899    3.79359  208   29    3.94370    3.79176  3.85%   157  295s
 98493 15191     cutoff  107         3.94370    3.79705  3.72%   155  300s
 102159 15661    3.80685  168   77    3.94370    3.80247  3.58%   152  306s
 105835 15635    3.88750  132  209    3.94370    3.80282  3.57%   149  311s
 108919 15869    3.86622  207   99    3.94370    3.80793  3.44%   147  315s
 112425 15712     cutoff  168         3.94370    3.81275  3.32%   145  320s
 114969 15839    3.93032  227  209    3.94370    3.81546  3.25%   144  325s
 118512 15618    3.82283  143   37    3.94370    3.82069  3.12%   141  330s
 121613 15994     cutoff  140         3.94370    3.82293  3.06%   140  336s
 124314 15810    3.82432  228  234    3.94370    3.82432  3.03%   138  340s
 127457 16245     cutoff  101         3.94370    3.82898  2.91%   137  345s
 130472 15934     cutoff  227         3.94370    3.83299  2.81%   136  350s
 134288 15963    3.83684  228   43    3.94370    3.83684  2.71%   134  356s
 137832 15610    3.84101  164  107    3.94370    3.83880  2.66%   132  360s
 141434 15463    3.92701  211  111    3.94370    3.84293  2.56%   130  365s
 144761 14813     cutoff  202         3.94370    3.84572  2.48%   129  370s
 148255 14465    3.86040  173   70    3.94370    3.85063  2.36%   127  375s
 151812 14028     cutoff  177         3.94370    3.85676  2.20%   126  381s
 154766 13846    3.86709  125  125    3.94370    3.85987  2.13%   124  385s
 158181 13328    3.86859  198  129    3.94370    3.86323  2.04%   123  390s
 160846 12652    3.93077  177   93    3.94370    3.86726  1.94%   123  395s
 163511 11963     cutoff  259         3.94370    3.87158  1.83%   122  400s
 166427 11405    3.89795  233  104    3.94370    3.87158  1.83%   122  405s
 168998 10565    3.90450  196  103    3.94370    3.87158  1.83%   121  411s
 171579  9787    3.89391  356  150    3.94370    3.88380  1.52%   121  415s
 175126  9189    3.89612  138   27    3.94370    3.89096  1.34%   120  420s
 177768  8460     cutoff  168         3.94370    3.89680  1.19%   120  425s
 181251  7641     cutoff  132         3.94370    3.89959  1.12%   119  430s
 184149  7160     cutoff  175         3.94370    3.89959  1.12%   118  435s
 188134  6313     cutoff  199         3.94370    3.89959  1.12%   117  440s
 190907  5074     cutoff   91         3.94370    3.91215  0.80%   116  446s
 192077  5111    3.91683   95  109    3.94370    3.91215  0.80%   116  450s
 193907  4728    3.93592  255  137    3.94370    3.91215  0.80%   116  456s
 195270  4485     cutoff  237         3.94370    3.91215  0.80%   116  461s
 197618  4014     cutoff  217         3.94370    3.91804  0.65%   116  466s
 200531  3396     cutoff  127         3.94370    3.92353  0.51%   115  470s
 202532  2432    3.93851  200   81    3.94370    3.92685  0.43%   115  475s
 206316  1276     cutoff  240         3.94370    3.93184  0.30%   114  481s
 209670   263     cutoff  165         3.94370    3.93726  0.16%   114  485s

Cutting planes:
  Implied bound: 102

Explored 211458 nodes (24021117 simplex iterations) in 488.25 seconds (818.54 work units)
Thread count was 16 (of 16 available processors)

Solution count 10: 3.9437 3.9437 3.9437 ... 4.23111

Optimal solution found (tolerance 1.00e-04)
Best objective 3.943695524753e+00, best bound 3.943695524753e+00, gap 0.0000%

User-callback calls 508390, time in user-callback 0.11 sec
partitioning
constructing product automaton vertices
constructing product automaton edges
removing redundant constraints
merging equivalent modes
98 modes
376 transitions
[56, 81, 30, 37, 23, 19, 53, 47, 41, 43, 11, 45, 69, 31, 73, 83, 92, 98, 3, 51, 61, 77, 7, 95, 90, 57, 40, 34, 15, 65, 27, 87]
[5, 79, 35, 75, 17, 1, 49, 67, 9, 85, 25, 71, 59, 13, 93, 21, 63]
