Running HiGHS 1.7.2 (git hash: 5ce7a2753): Copyright (c) 2024 HiGHS under MIT licence terms
Coefficient ranges:
  Matrix [1e+00, 1e+00]
  Cost   [6e-06, 1e+01]
  Bound  [1e+00, 1e+00]
  RHS    [1e+00, 1e+00]
Presolving model
61 rows, 174 cols, 348 nonzeros  0s
60 rows, 174 cols, 343 nonzeros  0s
Presolve : Reductions: rows 60(-12); columns 174(-30); elements 343(-65)
Solving the presolved LP
Using EKK dual simplex solver - serial
  Iteration        Objective     Infeasibilities num(sum)
          0     0.0000000000e+00 Ph1: 0(0) 0s
          8     3.7402150427e-01 Pr: 0(0) 0s
Solving the original LP from the solution after postsolve
Model   status      : Optimal
Simplex   iterations: 8
Objective value     :  3.7402150427e-01
HiGHS run time      :          0.00

******************************************************************************
This program contains Ipopt, a library for large-scale nonlinear optimization.
 Ipopt is released as open source code under the Eclipse Public License (EPL).
         For more information visit https://github.com/coin-or/Ipopt
******************************************************************************

This is Ipopt version 3.14.16, running with linear solver MUMPS 5.7.3.

Number of nonzeros in equality constraint Jacobian...:     2872
Number of nonzeros in inequality constraint Jacobian.:     1320
Number of nonzeros in Lagrangian Hessian.............:     5765

Total number of variables............................:     1269
                     variables with only lower bounds:        9
                variables with lower and upper bounds:      180
                     variables with only upper bounds:        0
Total number of equality constraints.................:      724
Total number of inequality constraints...............:      660
        inequality constraints with only lower bounds:        0
   inequality constraints with lower and upper bounds:        0
        inequality constraints with only upper bounds:      660

iter    objective    inf_pr   inf_du lg(mu)  ||d||  lg(rg) alpha_du alpha_pr  ls
   0  1.7996472e-03 9.00e-01 1.00e+00  -1.0 0.00e+00    -  0.00e+00 0.00e+00   0
   1  7.7678001e-02 8.70e-01 2.33e+01  -1.7 3.04e+00   0.0 4.50e-02 3.29e-02f  1
   2  1.9212202e-01 8.32e-01 2.57e+01  -1.7 8.70e-01   1.3 2.88e-02 4.44e-02h  1
   3  2.5882705e-01 8.25e-01 2.68e+01  -1.7 8.47e-01   1.8 9.83e-03 8.43e-03h  1
   4  5.3512646e-01 8.12e-01 3.41e+01  -1.7 8.25e-01   2.2 1.73e-02 1.54e-02h  1
   5  9.1456930e-01 8.04e-01 4.07e+01  -1.7 8.28e-01   2.6 1.50e-02 9.44e-03h  1
   6  1.0764842e+00 8.02e-01 4.23e+01  -1.7 4.31e+00   2.1 6.95e-03 3.45e-03h  1
   7  1.8304045e+00 7.93e-01 4.55e+01  -1.7 8.02e-01   2.6 1.78e-02 1.04e-02h  1
   8  2.5891931e+00 7.86e-01 4.68e+01  -1.7 1.84e+00   2.1 1.48e-02 9.16e-03h  1
   9  2.6435690e+00 7.86e-01 2.71e+02  -1.7 7.86e-01   2.5 1.88e-02 6.10e-04h  1
iter    objective    inf_pr   inf_du lg(mu)  ||d||  lg(rg) alpha_du alpha_pr  ls
  10  3.1285234e+00 7.80e-01 2.49e+02  -1.7 3.84e+00   2.0 4.89e-03 7.37e-03h  1
  11  3.1622337e+00 7.79e-01 5.17e+02  -1.7 1.27e+00   2.5 3.87e-03 4.36e-04h  1
  12  3.2619129e+00 7.79e-01 2.02e+04  -1.7 1.96e+00   2.9 3.40e-02 1.08e-03h  1
  13  5.2133399e+00 7.62e-01 1.92e+04  -1.7 1.72e+00   2.4 2.85e-03 2.11e-02h  1
  14  5.3750441e+00 7.61e-01 1.91e+04  -1.7 1.21e+00   2.8 4.03e-02 1.17e-03h  1
  15  5.6578669e+00 7.60e-01 2.76e+04  -1.7 9.15e-01   3.3 6.52e-02 2.11e-03h  1
  16  8.1119491e+00 7.39e-01 2.69e+04  -1.7 9.86e-01   2.8 3.41e-02 2.73e-02h  1
  17  8.2432658e+00 7.30e-01 2.54e+04  -1.7 1.53e+00   2.3 4.01e-02 1.16e-02h  1
  18  8.5381104e+00 7.22e-01 2.49e+04  -1.7 7.30e-01   2.7 4.54e-02 1.17e-02h  1
  19  8.5687534e+00 7.21e-01 2.63e+04  -1.7 7.22e-01   3.2 2.89e-02 7.82e-04h  1
iter    objective    inf_pr   inf_du lg(mu)  ||d||  lg(rg) alpha_du alpha_pr  ls
  20  9.2837568e+00 6.91e-01 2.52e+04  -1.7 7.21e-01   2.7 3.82e-02 4.25e-02h  1
  21  9.5526114e+00 6.85e-01 2.52e+04  -1.7 6.91e-01   3.1 1.90e-02 7.40e-03h  1
  22  9.6565353e+00 6.81e-01 2.40e+04  -1.7 1.54e+00   2.6 3.02e-02 6.72e-03h  1
  23  1.0116630e+01 6.70e-01 2.33e+04  -1.7 6.81e-01   3.0 3.87e-02 1.62e-02h  1
  24  1.1449521e+01 6.52e-01 2.23e+04  -1.7 6.70e-01   3.5 1.82e-02 2.63e-02h  1
  25  1.1568126e+01 6.51e-01 2.23e+04  -1.7 3.20e+00   3.0 1.97e-03 2.52e-03h  1
  26  1.1888818e+01 6.46e-01 2.25e+04  -1.7 6.51e-01   3.4 2.20e-02 6.39e-03h  1
  27  1.2379787e+01 6.42e-01 2.35e+04  -1.7 6.46e-01   3.9 1.64e-02 7.42e-03h  1
  28  1.2507952e+01 6.39e-01 2.37e+04  -1.7 6.42e-01   3.4 3.99e-02 3.62e-03h  1
  29  1.3434588e+01 6.28e-01 2.39e+04  -1.7 6.39e-01   3.8 2.56e-02 1.81e-02h  1
iter    objective    inf_pr   inf_du lg(mu)  ||d||  lg(rg) alpha_du alpha_pr  ls
  30  1.3548622e+01 6.25e-01 2.38e+04  -1.7 2.57e+00   3.3 2.36e-02 3.93e-03h  1
  31  1.3590711e+01 6.25e-01 2.58e+04  -1.7 6.25e-01   3.7 3.12e-02 1.10e-03h  1
  32  1.4102348e+01 6.11e-01 2.52e+04  -1.7 1.56e+00   3.3 3.72e-02 2.15e-02h  1
  33  1.4536373e+01 6.03e-01 2.71e+04  -1.7 7.44e-01   3.7 2.98e-02 1.39e-02h  1
  34  1.5003977e+01 5.96e-01 2.39e+04  -1.7 6.03e-01   4.1 3.47e-03 1.10e-02h  1
  35  1.5151310e+01 5.93e-01 2.41e+04  -1.7 2.16e+00   3.6 1.22e-02 5.51e-03h  1
  36  1.5160127e+01 5.93e-01 2.49e+04  -1.7 6.53e-01   4.1 4.44e-03 2.51e-04h  1
  37  1.5209697e+01 5.91e-01 2.57e+04  -1.7 1.31e+00   3.6 2.40e-02 2.23e-03h  1
  38  1.5720734e+01 5.81e-01 2.27e+04  -1.7 6.09e-01   4.0 5.09e-04 1.69e-02h  1
  39  1.5973183e+01 5.78e-01 2.61e+04  -1.7 5.81e-01   4.4 1.32e-02 5.81e-03h  1
iter    objective    inf_pr   inf_du lg(mu)  ||d||  lg(rg) alpha_du alpha_pr  ls
  40  1.6028957e+01 5.76e-01 2.57e+04  -1.7 7.35e-01   4.0 4.20e-04 2.53e-03h  1
  41  1.6058560e+01 5.76e-01 6.16e+04  -1.7 5.78e-01   4.4 6.30e-02 8.63e-04h  1
  42  1.6457010e+01 5.60e-01 6.01e+04  -1.7 7.36e-01   3.9 1.98e-03 2.79e-02h  1
  43  1.6573049e+01 5.57e-01 9.80e+04  -1.7 6.02e-01   4.3 1.09e-01 5.88e-03h  1
  44  1.6601512e+01 5.56e-01 1.16e+05  -1.7 5.57e-01   4.8 1.30e-02 1.32e-03h  1
  45  1.6748976e+01 5.49e-01 1.33e+05  -1.7 6.70e-01   4.3 4.38e-02 1.16e-02h  1
  46  1.6868621e+01 5.46e-01 1.51e+05  -1.7 5.49e-01   4.7 2.00e-02 6.92e-03h  1
  47  1.7150642e+01 5.33e-01 1.71e+05  -1.7 1.45e+00   4.2 5.52e-02 2.33e-02h  1
  48  1.7334372e+01 5.26e-01 1.51e+05  -1.7 8.55e-01   4.7 3.78e-04 1.24e-02h  1
  49  1.7367767e+01 5.25e-01 1.66e+05  -1.7 4.16e+00   4.2 2.33e-02 2.63e-03h  1
iter    objective    inf_pr   inf_du lg(mu)  ||d||  lg(rg) alpha_du alpha_pr  ls
  50  1.7494131e+01 5.20e-01 1.61e+05  -1.7 8.60e-01   4.6 6.36e-03 8.81e-03h  1
  51  1.7483289e+01 5.20e-01 1.63e+05  -1.7 3.37e+00   4.1 5.68e-03 1.30e-03h  1
  52  1.7493564e+01 5.19e-01 1.82e+05  -1.7 5.20e-01   4.6 1.65e-02 7.19e-04h  1
  53  1.7677256e+01 5.14e-01 1.81e+05  -1.7 5.19e-01   5.0 9.45e-03 9.50e-03h  1
  54  1.7862033e+01 5.06e-01 1.75e+05  -1.7 5.14e-01   4.5 1.24e-02 1.59e-02h  1
  55  1.7935263e+01 5.04e-01 1.63e+05  -1.7 5.06e-01   4.9 5.39e-04 4.95e-03h  1
  56  1.8055474e+01 4.99e-01 1.69e+05  -1.7 5.87e-01   4.5 2.04e-02 1.01e-02h  1
  57  1.8061186e+01 4.98e-01 1.71e+05  -1.7 4.99e-01   4.9 1.64e-03 4.12e-04h  1
  58  1.8171294e+01 4.94e-01 1.74e+05  -1.7 5.81e-01   4.4 1.83e-02 9.27e-03h  1
  59  1.8259912e+01 4.90e-01 2.72e+05  -1.7 4.94e-01   4.8 6.51e-02 6.61e-03h  1
iter    objective    inf_pr   inf_du lg(mu)  ||d||  lg(rg) alpha_du alpha_pr  ls
  60  1.8409993e+01 4.84e-01 2.66e+05  -1.7 5.35e-01   4.4 7.25e-03 1.36e-02h  1
  61  1.8577715e+01 4.77e-01 2.50e+05  -1.7 4.84e-01   4.8 3.11e-03 1.35e-02h  1
  62  1.8645189e+01 4.75e-01 3.28e+05  -1.7 4.77e-01   5.2 2.38e-02 4.50e-03h  1
  63  1.8757121e+01 4.71e-01 3.40e+05  -1.7 4.75e-01   4.7 2.54e-02 9.37e-03h  1
  64  1.8830161e+01 4.68e-01 4.51e+05  -1.7 4.71e-01   5.2 3.87e-02 5.44e-03h  1
  65  1.9143177e+01 4.56e-01 4.25e+05  -1.7 4.68e-01   4.7 2.56e-03 2.59e-02h  1
  66  1.9228935e+01 4.53e-01 4.68e+05  -1.7 4.56e-01   5.1 2.37e-02 6.60e-03h  1
  67  1.9314580e+01 4.50e-01 5.06e+05  -1.7 4.53e-01   4.6 1.01e-01 6.85e-03h  1
  68  1.9627304e+01 4.39e-01 5.28e+05  -1.7 4.50e-01   5.1 4.04e-02 2.46e-02h  1
  69  1.9801980e+01 4.33e-01 6.25e+05  -1.7 4.39e-01   5.5 2.77e-02 1.23e-02h  1
iter    objective    inf_pr   inf_du lg(mu)  ||d||  lg(rg) alpha_du alpha_pr  ls
  70  1.9922489e+01 4.29e-01 6.08e+05  -1.7 4.33e-01   5.0 1.82e-03 9.45e-03h  1
  71  2.0050000e+01 4.25e-01 6.25e+05  -1.7 4.29e-01   5.4 1.35e-02 9.46e-03h  1
  72  2.0130036e+01 4.23e-01 6.19e+05  -1.7 4.25e-01   5.0 4.63e-03 6.17e-03h  1
  73  2.0171602e+01 4.21e-01 7.40e+05  -1.7 4.23e-01   5.4 3.04e-02 3.17e-03h  1
  74  2.0311525e+01 4.17e-01 7.26e+05  -1.7 5.45e-01   4.9 9.10e-04 1.07e-02h  1
  75  2.0316674e+01 4.17e-01 9.43e+05  -1.7 4.17e-01   5.3 6.32e-02 3.90e-04h  1
  76  2.0485297e+01 4.12e-01 8.14e+05  -1.7 4.17e-01   5.8 1.67e-03 1.19e-02h  1
  77  2.0611861e+01 4.08e-01 8.92e+05  -1.7 4.12e-01   5.3 4.46e-02 9.81e-03h  1
  78  2.0852695e+01 4.00e-01 8.33e+05  -1.7 4.08e-01   5.7 1.36e-02 1.81e-02h  1
  79  2.1062402e+01 3.94e-01 8.46e+05  -1.7 4.00e-01   5.2 3.81e-02 1.55e-02h  1
iter    objective    inf_pr   inf_du lg(mu)  ||d||  lg(rg) alpha_du alpha_pr  ls
  80  2.1139458e+01 3.92e-01 9.37e+05  -1.7 3.94e-01   5.7 1.97e-02 5.81e-03h  1
  81  2.1146841e+01 3.91e-01 8.83e+05  -1.7 1.45e+00   5.2 2.42e-02 5.09e-04h  1
  82  2.1357647e+01 3.85e-01 8.56e+05  -1.7 3.91e-01   5.6 1.38e-02 1.59e-02h  1
  83  2.1503407e+01 3.81e-01 6.56e+05  -1.7 3.85e-01   6.0 1.02e-04 1.05e-02h  1
  84  2.1528012e+01 3.81e-01 7.16e+05  -1.7 3.81e-01   5.6 1.78e-02 1.82e-03h  1
  85  2.1529155e+01 3.80e-01 1.02e+06  -1.7 3.81e-01   6.0 1.95e-02 8.52e-05h  1
  86  2.1574168e+01 3.79e-01 1.16e+06  -1.7 3.80e-01   5.5 5.94e-02 3.37e-03h  1
  87  2.2098130e+01 3.64e-01 6.78e+05  -1.7 3.79e-01   5.9 5.46e-03 3.91e-02h  1
  88  2.2145468e+01 3.63e-01 6.88e+05  -1.7 1.08e+00   5.5 5.37e-04 2.85e-03h  1
  89  2.2170588e+01 3.63e-01 8.74e+05  -1.7 3.63e-01   5.9 2.35e-02 1.84e-03h  1
iter    objective    inf_pr   inf_du lg(mu)  ||d||  lg(rg) alpha_du alpha_pr  ls
  90  2.2346581e+01 3.58e-01 4.93e+05  -1.7 3.63e-01   6.3 3.63e-04 1.27e-02h  1
  91  2.2427619e+01 3.56e-01 4.99e+05  -1.7 3.58e-01   5.8 7.40e-03 5.82e-03h  1
  92  2.2437750e+01 3.56e-01 6.70e+05  -1.7 3.56e-01   6.3 7.80e-03 7.60e-04h  1
  93  2.2573843e+01 3.52e-01 6.83e+05  -1.7 3.56e-01   5.8 1.53e-02 9.87e-03h  1
  94  2.2588867e+01 3.52e-01 6.68e+05  -1.7 3.52e-01   6.2 4.46e-04 1.14e-03h  1
  95  2.2691416e+01 3.49e-01 6.70e+05  -1.7 4.69e-01   5.7 1.83e-02 7.19e-03h  1
  96  2.2740621e+01 3.48e-01 7.96e+05  -1.7 3.49e-01   6.1 1.16e-02 3.72e-03h  1
  97  2.2793777e+01 3.47e-01 7.52e+05  -1.7 1.25e+00   5.7 1.00e-02 3.21e-03h  1
  98  2.2879259e+01 3.45e-01 6.73e+05  -1.7 3.47e-01   6.1 5.47e-04 6.38e-03h  1
  99  2.2888899e+01 3.44e-01 7.23e+05  -1.7 3.45e-01   6.5 1.90e-03 7.08e-04h  1
iter    objective    inf_pr   inf_du lg(mu)  ||d||  lg(rg) alpha_du alpha_pr  ls
 100  2.2973360e+01 3.42e-01 9.93e+05  -1.7 3.44e-01   6.0 3.59e-02 6.22e-03h  1
 101  2.3186233e+01 3.37e-01 6.68e+05  -1.7 3.42e-01   6.5 6.96e-03 1.58e-02h  1
 102  2.3262452e+01 3.35e-01 6.47e+05  -1.7 5.10e-01   6.0 2.38e-04 5.27e-03h  1
 103  2.3300750e+01 3.34e-01 6.95e+05  -1.7 3.35e-01   6.4 4.66e-03 2.84e-03h  1
 104  2.3389569e+01 3.32e-01 6.98e+05  -1.7 9.08e-01   5.9 3.57e-04 5.65e-03h  1
 105  2.3462891e+01 3.30e-01 6.31e+05  -1.7 3.32e-01   6.4 2.47e-03 5.34e-03h  1
 106  2.3468538e+01 3.30e-01 6.03e+05  -1.7 2.11e+01   5.9 2.76e-04 8.77e-05h  1
 107  2.3516115e+01 3.29e-01 6.75e+05  -1.7 3.30e-01   6.3 7.55e-03 3.42e-03h  1
 108  2.3517192e+01 3.29e-01 6.95e+05  -1.7 3.29e-01   6.7 4.47e-04 7.76e-05h  1
 109  2.3524062e+01 3.29e-01 7.27e+05  -1.7 3.29e-01   6.3 4.25e-03 4.92e-04h  1
iter    objective    inf_pr   inf_du lg(mu)  ||d||  lg(rg) alpha_du alpha_pr  ls
 110  2.3539384e+01 3.29e-01 7.25e+05  -1.7 3.29e-01   6.7 1.08e-03 1.11e-03h  1
 111  2.3613707e+01 3.27e-01 7.79e+05  -1.7 3.57e-01   6.2 1.70e-02 5.28e-03h  1
 112  2.3691135e+01 3.25e-01 6.02e+05  -1.7 3.27e-01   6.6 8.88e-05 5.67e-03h  1
 113  2.3701087e+01 3.25e-01 6.02e+05  -1.7 5.41e-01   6.2 2.48e-03 6.94e-04h  1
 114  2.3724234e+01 3.24e-01 8.65e+05  -1.7 3.25e-01   6.6 1.09e-02 1.71e-03h  1
 115  2.3811593e+01 3.22e-01 8.43e+05  -1.7 7.47e-01   6.1 2.17e-04 5.90e-03h  1
 116  2.3848115e+01 3.22e-01 1.03e+06  -1.7 3.22e-01   6.5 1.10e-02 2.71e-03h  1
 117  2.3941682e+01 3.20e-01 1.08e+06  -1.7 1.26e+00   6.1 2.20e-02 5.87e-03h  1
 118  2.3963854e+01 3.19e-01 1.11e+06  -1.7 3.20e-01   6.5 3.29e-03 1.64e-03h  1
 119  2.3995112e+01 3.19e-01 1.12e+06  -1.7 3.45e+00   6.0 1.37e-04 1.50e-03h  1
iter    objective    inf_pr   inf_du lg(mu)  ||d||  lg(rg) alpha_du alpha_pr  ls
 120  2.4023181e+01 3.18e-01 1.08e+06  -1.7 3.55e-01   6.4 4.80e-05 2.06e-03h  1
 121  2.4051125e+01 3.17e-01 1.44e+06  -1.7 3.18e-01   6.9 8.82e-03 2.06e-03h  1
 122  2.4174515e+01 3.14e-01 1.31e+06  -1.7 3.82e-01   6.4 2.79e-04 8.97e-03h  1
 123  2.4230746e+01 3.13e-01 2.22e+06  -1.7 3.14e-01   6.8 2.40e-02 4.17e-03h  1
 124  2.4269668e+01 3.12e-01 2.19e+06  -1.7 4.73e-01   6.3 5.45e-04 2.77e-03h  1
 125  2.4279837e+01 3.12e-01 2.16e+06  -1.7 3.12e-01   6.8 8.46e-06 7.56e-04h  1
 126  2.4349386e+01 3.11e-01 2.13e+06  -1.7 5.78e-01   6.3 2.61e-03 4.83e-03h  1
 127  2.4361329e+01 3.10e-01 2.54e+06  -1.7 3.11e-01   6.7 1.35e-02 8.82e-04h  1
 128  2.4535833e+01 3.07e-01 2.58e+06  -1.7 6.23e-01   6.2 3.07e-02 1.19e-02h  1
 129  2.4635676e+01 3.04e-01 2.80e+06  -1.7 3.07e-01   6.7 1.66e-02 7.34e-03h  1
iter    objective    inf_pr   inf_du lg(mu)  ||d||  lg(rg) alpha_du alpha_pr  ls
 130  2.4761815e+01 3.02e-01 2.77e+06  -1.7 7.87e-01   6.2 5.41e-04 8.27e-03h  1
 131  2.4773062e+01 3.02e-01 2.95e+06  -1.7 3.26e-01   6.6 9.80e-03 8.19e-04h  1
 132  2.4895788e+01 2.99e-01 2.93e+06  -1.7 8.62e-01   6.1 6.49e-03 7.81e-03h  1
 133  2.5066245e+01 2.96e-01 3.26e+06  -1.7 3.33e-01   6.6 3.55e-02 1.23e-02h  1
 134  2.5070019e+01 2.95e-01 3.09e+06  -1.7 9.62e-01   6.1 3.94e-02 2.32e-04h  1
 135  2.5081381e+01 2.95e-01 3.08e+06  -1.7 2.95e-01   6.5 2.53e-04 8.48e-04h  1
 136  2.5217794e+01 2.93e-01 3.05e+06  -1.7 2.95e-01   6.0 5.21e-05 9.08e-03h  1
 137  2.5341433e+01 2.90e-01 3.04e+06  -1.7 2.93e-01   6.5 1.04e-02 9.08e-03h  1
 138  2.5418819e+01 2.88e-01 3.03e+06  -1.7 3.09e-01   6.0 1.78e-03 4.93e-03h  1
 139  2.5534924e+01 2.86e-01 3.23e+06  -1.7 2.88e-01   6.4 3.23e-02 8.44e-03h  1
iter    objective    inf_pr   inf_du lg(mu)  ||d||  lg(rg) alpha_du alpha_pr  ls
 140  2.5589144e+01 2.85e-01 3.15e+06  -1.7 2.97e-01   5.9 2.55e-02 3.42e-03h  1
 141  2.5690267e+01 2.83e-01 3.40e+06  -1.7 2.85e-01   6.4 4.72e-02 7.56e-03h  1
 142  2.5968229e+01 2.78e-01 3.26e+06  -1.7 3.62e-01   5.9 3.11e-02 1.71e-02h  1
 143  2.6084062e+01 2.76e-01 3.41e+06  -1.7 2.78e-01   6.3 4.79e-02 8.48e-03h  1
 144  2.6375401e+01 2.70e-01 4.26e+06  -1.7 2.76e-01   6.7 5.91e-02 2.20e-02h  1
 145  2.6415035e+01 2.69e-01 4.24e+06  -1.7 2.70e-01   6.3 2.44e-03 2.84e-03h  1
 146  2.6428142e+01 2.69e-01 4.33e+06  -1.7 2.69e-01   6.7 5.95e-03 1.01e-03h  1
 147  2.6633800e+01 2.65e-01 4.28e+06  -1.7 2.69e-01   6.2 1.63e-04 1.46e-02h  1
 148  2.6663632e+01 2.64e-01 4.67e+06  -1.7 2.65e-01   6.6 2.89e-02 2.28e-03h  1
 149  2.6886836e+01 2.60e-01 4.58e+06  -1.7 2.64e-01   6.1 2.40e-02 1.55e-02h  1
iter    objective    inf_pr   inf_du lg(mu)  ||d||  lg(rg) alpha_du alpha_pr  ls
 150  2.6907218e+01 2.60e-01 5.97e+06  -1.7 2.60e-01   6.6 1.24e-01 1.55e-03h  1
 151  2.7313699e+01 2.53e-01 5.98e+06  -1.7 4.18e-01   6.1 2.97e-03 2.71e-02h  1
 152  2.7422092e+01 2.51e-01 5.88e+06  -1.7 2.53e-01   6.5 8.97e-05 8.11e-03h  1
 153  2.7433256e+01 2.50e-01 6.31e+06  -1.7 2.51e-01   6.9 1.27e-02 8.61e-04h  1
 154  2.7811162e+01 2.43e-01 6.14e+06  -1.7 2.50e-01   6.5 2.94e-02 2.79e-02h  1
 155  2.7821231e+01 2.43e-01 6.13e+06  -1.7 2.43e-01   6.9 8.17e-04 7.77e-04h  1
 156  2.8014037e+01 2.40e-01 6.04e+06  -1.7 2.43e-01   6.4 1.08e-04 1.40e-02h  1
 157  2.8034589e+01 2.39e-01 7.85e+06  -1.7 2.40e-01   6.8 7.77e-02 1.58e-03h  1
 158  2.8234818e+01 2.36e-01 7.73e+06  -1.7 2.39e-01   6.4 1.69e-02 1.43e-02h  1
 159  2.8258191e+01 2.35e-01 8.43e+06  -1.7 2.36e-01   6.8 4.27e-02 1.81e-03h  1
iter    objective    inf_pr   inf_du lg(mu)  ||d||  lg(rg) alpha_du alpha_pr  ls
 160  2.8367074e+01 2.34e-01 8.34e+06  -1.7 2.76e-01   6.3 1.22e-02 7.93e-03h  1
 161  2.8403731e+01 2.33e-01 8.28e+06  -1.7 2.34e-01   6.7 1.17e-04 2.91e-03h  1
 162  2.8468909e+01 2.32e-01 7.73e+06  -1.7 3.61e-01   6.3 7.17e-02 4.78e-03h  1
 163  2.8484161e+01 2.32e-01 8.20e+06  -1.7 2.32e-01   6.7 4.86e-02 1.21e-03h  1
 164  2.8783241e+01 2.27e-01 7.98e+06  -1.7 5.26e-01   6.2 2.60e-02 2.12e-02h  1
 165  2.8967421e+01 2.23e-01 7.78e+06  -1.7 2.27e-01   6.6 9.13e-04 1.45e-02h  1
 166  2.9030497e+01 2.22e-01 6.89e+06  -1.7 8.87e-01   6.2 6.70e-02 4.24e-03h  1
 167  2.9238818e+01 2.19e-01 7.24e+06  -1.7 2.22e-01   6.6 1.13e-01 1.63e-02h  1
 168  2.9420244e+01 2.16e-01 6.86e+06  -1.7 1.86e+00   6.1 2.54e-02 1.12e-02h  1
 169  2.9565308e+01 2.14e-01 6.79e+06  -1.7 2.16e-01   6.5 1.33e-02 1.14e-02h  1
iter    objective    inf_pr   inf_du lg(mu)  ||d||  lg(rg) alpha_du alpha_pr  ls
 170  2.9675245e+01 2.12e-01 6.83e+06  -1.7 7.78e-01   6.1 2.51e-04 7.21e-03h  1
 171  2.9685130e+01 2.12e-01 6.84e+06  -1.7 2.12e-01   6.5 6.09e-02 7.80e-04h  1
 172  2.9960123e+01 2.09e-01 6.97e+06  -1.7 1.10e+00   6.0 2.10e-03 1.69e-02h  1
 173  2.9992258e+01 2.08e-01 6.70e+06  -1.7 2.09e-01   6.4 1.75e-01 2.52e-03h  1
 174  3.0048948e+01 2.07e-01 6.72e+06  -1.7 2.85e+00   6.0 1.69e-03 2.67e-03h  1
 175  3.0089153e+01 2.07e-01 6.70e+06  -1.7 2.07e-01   6.4 5.30e-05 3.13e-03h  1
 176  3.0104189e+01 2.07e-01 6.37e+06  -1.7 1.63e+00   5.9 1.14e-02 7.15e-04h  1
 177  3.0592031e+01 1.99e-01 6.24e+06  -1.7 2.07e-01   6.3 7.78e-03 3.72e-02h  1
 178  3.0598301e+01 1.99e-01 6.34e+06  -1.7 1.99e-01   6.8 1.03e-02 5.16e-04h  1
 179  3.0616246e+01 1.99e-01 6.13e+06  -1.7 1.99e-01   6.3 4.70e-02 1.39e-03h  1
iter    objective    inf_pr   inf_du lg(mu)  ||d||  lg(rg) alpha_du alpha_pr  ls
 180  3.0810891e+01 1.95e-01 5.94e+06  -1.7 1.99e-01   6.7 5.76e-03 1.60e-02h  1
 181  3.1000828e+01 1.93e-01 5.58e+06  -1.7 1.95e-01   6.2 6.46e-02 1.47e-02h  1
 182  3.1141301e+01 1.90e-01 5.46e+06  -1.7 1.93e-01   6.7 3.31e-03 1.18e-02h  1
 183  3.1161369e+01 1.90e-01 5.41e+06  -1.7 2.07e-01   6.2 9.40e-03 1.54e-03h  1
 184  3.1259919e+01 1.88e-01 5.37e+06  -1.7 1.90e-01   6.6 1.15e-02 8.30e-03h  1
 185  3.1506385e+01 1.85e-01 5.41e+06  -1.7 2.66e-01   6.1 3.65e-04 1.84e-02h  1
 186  3.1514274e+01 1.85e-01 5.48e+06  -1.7 1.85e-01   6.6 4.39e-02 6.72e-04h  1
 187  3.1738997e+01 1.82e-01 5.51e+06  -1.7 4.25e-01   6.1 3.02e-03 1.59e-02h  1
 188  3.1749654e+01 1.82e-01 5.50e+06  -1.7 1.82e-01   6.5 1.80e-03 9.11e-04h  1
 189  3.1773295e+01 1.81e-01 5.03e+06  -1.7 2.48e-01   6.0 1.40e-01 1.73e-03h  1
iter    objective    inf_pr   inf_du lg(mu)  ||d||  lg(rg) alpha_du alpha_pr  ls
 190  3.2048439e+01 1.77e-01 4.51e+06  -1.7 1.81e-01   6.5 9.25e-04 2.38e-02h  1
 191  3.2302939e+01 1.74e-01 4.26e+06  -1.7 4.95e-01   6.0 9.59e-04 1.78e-02h  1
 192  3.2338440e+01 1.73e-01 5.88e+06  -1.7 1.74e-01   6.4 1.48e-01 3.09e-03h  1
 193  3.2695229e+01 1.68e-01 5.46e+06  -1.7 1.73e-01   6.8 1.74e-02 3.20e-02h  1
 194  3.3015564e+01 1.63e-01 5.05e+06  -1.7 1.68e-01   6.4 4.53e-02 2.76e-02h  1
 195  3.3023834e+01 1.63e-01 5.02e+06  -1.7 1.63e-01   6.8 1.68e-03 7.67e-04h  1
 196  3.3209994e+01 1.60e-01 5.32e+06  -1.7 1.64e-01   6.3 5.76e-05 1.61e-02h  1
 197  3.3214872e+01 1.60e-01 4.95e+06  -1.7 1.60e-01   6.7 1.73e-02 4.54e-04h  1
 198  3.3353488e+01 1.58e-01 4.87e+06  -1.7 1.96e-01   6.3 1.24e-02 1.18e-02h  1
 199  3.3897360e+01 1.51e-01 3.87e+06  -1.7 1.58e-01   6.7 1.63e-01 5.01e-02h  1
iter    objective    inf_pr   inf_du lg(mu)  ||d||  lg(rg) alpha_du alpha_pr  ls
 200  3.3941082e+01 1.50e-01 3.77e+06  -1.7 2.72e-01   6.2 1.49e-02 3.63e-03h  1
 201  3.3964470e+01 1.50e-01 3.80e+06  -1.7 1.50e-01   6.6 3.10e-02 2.23e-03h  1
 202  3.4286348e+01 1.46e-01 2.93e+06  -1.7 1.80e-01   6.1 2.29e-01 2.70e-02h  1
 203  3.4910129e+01 1.37e-01 3.30e+06  -1.7 1.46e-01   6.6 9.58e-02 5.95e-02h  1
 204  3.5397946e+01 1.32e-01 3.06e+06  -1.7 3.55e-01   6.1 1.43e-03 3.89e-02h  1
 205  3.5487043e+01 1.30e-01 2.38e+06  -1.7 1.32e-01   6.5 1.99e-01 8.91e-03h  1
 206  3.5578485e+01 1.30e-01 2.37e+06  -1.7 3.22e+00   6.0 2.42e-03 4.23e-03h  1
 207  3.5596250e+01 1.30e-01 2.35e+06  -1.7 1.30e-01   6.5 8.15e-04 1.77e-03h  1
 208  3.5605050e+01 1.30e-01 4.41e+06  -1.7 1.30e-01   6.9 8.54e-02 9.17e-04h  1
 209  3.6025219e+01 1.24e-01 4.00e+06  -1.7 1.33e-01   6.4 4.78e-03 4.11e-02h  1
iter    objective    inf_pr   inf_du lg(mu)  ||d||  lg(rg) alpha_du alpha_pr  ls
 210  3.6031797e+01 1.24e-01 4.16e+06  -1.7 1.24e-01   6.8 1.14e-02 7.01e-04h  1
 211  3.6096037e+01 1.23e-01 4.20e+06  -1.7 1.24e-01   6.4 2.66e-02 6.47e-03h  1
 212  3.6315789e+01 1.20e-01 3.95e+06  -1.7 1.23e-01   6.8 7.64e-03 2.35e-02h  1
 213  3.6640556e+01 1.17e-01 3.79e+06  -1.7 1.20e-01   6.3 4.73e-02 3.25e-02h  1
 214  3.6758823e+01 1.15e-01 2.85e+06  -1.7 1.17e-01   6.7 1.72e-01 1.31e-02h  1
 215  3.7219764e+01 1.10e-01 3.00e+06  -1.7 1.33e-01   6.3 3.73e-03 4.65e-02h  1
 216  3.7236271e+01 1.09e-01 3.87e+06  -1.7 1.10e-01   6.7 1.45e-01 1.89e-03h  1
 217  3.7552750e+01 1.06e-01 3.67e+06  -1.7 1.54e-01   6.2 5.09e-03 3.23e-02h  1
 218  3.7587284e+01 1.05e-01 3.87e+06  -1.7 1.06e-01   6.6 2.99e-02 4.08e-03h  1
 219  3.8081671e+01 1.00e-01 3.64e+06  -1.7 1.88e-01   6.2 3.02e-02 5.11e-02h  1
iter    objective    inf_pr   inf_du lg(mu)  ||d||  lg(rg) alpha_du alpha_pr  ls
 220  3.8158397e+01 9.91e-02 3.70e+06  -1.7 1.00e-01   6.6 3.11e-02 9.36e-03h  1
 221  3.8414471e+01 9.65e-02 3.70e+06  -1.7 2.50e-01   6.1 8.57e-04 2.65e-02h  1
 222  3.8479097e+01 9.57e-02 2.12e+06  -1.7 9.65e-02   6.5 2.51e-01 8.04e-03h  1
 223  3.9099121e+01 9.00e-02 2.43e+06  -1.7 3.95e-01   6.1 7.83e-03 6.05e-02h  1
 224  3.9115989e+01 8.98e-02 2.92e+06  -1.7 9.41e-02   6.5 2.10e-01 2.18e-03h  1
 225  3.9147116e+01 8.95e-02 2.91e+06  -1.7 2.76e-01   6.0 3.09e-02 3.25e-03h  1
 226  3.9624768e+01 8.40e-02 2.81e+06  -1.7 8.95e-02   6.4 8.40e-02 6.15e-02h  1
 227  3.9753394e+01 8.29e-02 2.78e+06  -1.7 4.90e-01   6.0 1.89e-03 1.25e-02h  1
 228  3.9906102e+01 8.12e-02 2.74e+06  -1.7 8.29e-02   6.4 9.59e-03 2.07e-02h  1
 229  3.9942795e+01 8.11e-02 2.74e+06  -1.7 6.36e+00   5.9 2.05e-03 1.15e-03h  1
iter    objective    inf_pr   inf_du lg(mu)  ||d||  lg(rg) alpha_du alpha_pr  ls
 230  4.0147676e+01 7.88e-02 2.67e+06  -1.7 8.77e-02   6.3 5.32e-04 2.79e-02h  1
 231  4.0169417e+01 7.86e-02 2.74e+06  -1.7 7.88e-02   6.8 8.46e-02 3.20e-03h  1
 232  4.0462570e+01 7.54e-02 2.69e+06  -1.7 9.12e-02   6.3 1.81e-02 4.03e-02h  1
 233  4.0487029e+01 7.51e-02 3.26e+06  -1.7 7.54e-02   6.7 2.84e-01 3.73e-03h  1
 234  4.0853287e+01 7.12e-02 3.03e+06  -1.7 9.57e-02   6.2 9.66e-03 5.31e-02h  1
 235  4.0969363e+01 6.98e-02 4.63e+06  -1.7 7.12e-02   6.7 2.80e-01 1.88e-02h  1
 236  4.1165183e+01 6.77e-02 4.51e+06  -1.7 9.72e-02   6.2 1.28e-02 3.08e-02h  1
 237  4.1644832e+01 6.21e-02 3.96e+06  -1.7 6.77e-02   6.6 1.57e-02 8.20e-02h  1
 238  4.1661050e+01 6.19e-02 3.88e+06  -1.7 9.61e-02   6.1 3.40e-02 2.76e-03h  1
 239  4.2307000e+01 5.46e-02 3.44e+06  -1.7 6.19e-02   6.6 5.46e-04 1.18e-01h  1
iter    objective    inf_pr   inf_du lg(mu)  ||d||  lg(rg) alpha_du alpha_pr  ls
 240  4.2530168e+01 5.24e-02 3.13e+06  -1.7 9.39e-02   6.1 8.55e-02 4.12e-02h  1
 241  4.2581292e+01 5.18e-02 2.41e+06  -1.7 5.24e-02   6.5 3.48e-01 1.08e-02h  1
 242  4.2865609e+01 4.90e-02 2.40e+06  -1.7 1.00e-01   6.0 1.92e-02 5.38e-02h  1
 243  4.2927875e+01 4.84e-02 1.99e+06  -1.7 4.90e-02   6.5 9.61e-02 1.39e-02h  1
 244  4.2995672e+01 4.77e-02 1.65e+06  -1.7 9.94e-02   6.0 7.90e-02 1.36e-02h  1
 245  4.3361503e+01 4.37e-02 1.39e+06  -1.7 4.77e-02   6.4 1.11e-01 8.32e-02h  1
 246  4.3729130e+01 4.03e-02 1.19e+06  -1.7 9.49e-02   5.9 1.02e-01 7.90e-02h  1
 247  4.3740147e+01 4.02e-02 1.17e+06  -1.7 4.03e-02   6.4 6.12e-03 2.96e-03h  1
 248  4.4244137e+01 3.54e-02 1.06e+06  -1.7 9.42e-02   5.9 2.81e-01 1.19e-01h  1
 249  4.4256126e+01 3.52e-02 1.55e+06  -1.7 3.54e-02   6.3 4.24e-01 3.65e-03h  1
iter    objective    inf_pr   inf_du lg(mu)  ||d||  lg(rg) alpha_du alpha_pr  ls
 250  4.4725199e+01 3.07e-02 1.20e+06  -1.7 5.68e-02   5.8 1.14e-02 1.29e-01h  1
 251  4.4817297e+01 2.97e-02 1.33e+06  -1.7 3.07e-02   6.2 2.39e-01 3.20e-02h  1
 252  4.5185411e+01 2.62e-02 1.07e+06  -1.7 4.55e-02   5.8 2.91e-02 1.19e-01h  1
 253  4.5694863e+01 2.08e-02 1.27e+06  -1.7 2.62e-02   6.2 6.56e-01 2.04e-01h  1
 254  4.5765965e+01 2.02e-02 1.24e+06  -1.7 2.73e-02   5.7 4.74e-02 3.33e-02f  1
 255  4.6031511e+01 1.74e-02 1.29e+06  -1.7 2.02e-02   6.1 5.96e-01 1.38e-01f  1
 256  4.7059150e+01 7.49e-03 4.75e+05  -1.7 2.21e-02   5.7 4.08e-01 5.69e-01f  1
 257  4.7113723e+01 7.00e-03 4.36e+05  -1.7 1.28e-02   5.2 4.33e-02 6.53e-02f  1
 258  4.7801388e+01 2.12e-05 1.46e+05  -1.7 7.00e-03   5.6 5.89e-01 1.00e+00f  1
 259  4.7793481e+01 6.17e-09 3.33e+04  -1.7 1.91e-04   5.1 8.25e-01 1.00e+00f  1
iter    objective    inf_pr   inf_du lg(mu)  ||d||  lg(rg) alpha_du alpha_pr  ls
 260  4.7761516e+01 2.77e-08 1.78e+04  -1.7 4.16e-04   4.7 4.26e-01 1.00e+00f  1
 261  4.7693213e+01 1.74e-07 7.75e+03  -1.7 5.78e-04   4.2 6.09e-01 1.00e+00f  1
 262  4.7510084e+01 1.56e-06 1.95e+03  -1.7 1.74e-03   3.7 7.23e-01 1.00e+00f  1
 263  4.6937844e+01 1.38e-05 1.33e+03  -1.7 5.21e-03   3.2 4.27e-01 1.00e+00f  1
 264  4.5721857e+01 1.16e-04 4.54e+02  -1.7 1.50e-02   2.8 5.79e-01 1.00e+00f  1
 265  4.2462075e+01 8.62e-04 2.45e+02  -1.7 4.02e-02   2.3 4.65e-01 1.00e+00f  1
 266  3.5817463e+01 4.63e-03 1.03e+02  -1.7 8.67e-02   1.8 4.33e-01 1.00e+00f  1
 267  2.9023427e+01 9.02e-03 7.33e+01  -1.7 1.41e-01   1.3 3.00e-01 6.72e-01f  1
 268  1.8163513e+01 4.61e-02 6.00e+01  -1.7 3.14e-01   0.8 2.00e-01 8.77e-01f  1
 269  1.5260914e+01 2.06e-02 4.52e+01  -1.7 2.73e-01   0.4 3.24e-01 6.19e-01f  1
iter    objective    inf_pr   inf_du lg(mu)  ||d||  lg(rg) alpha_du alpha_pr  ls
 270  1.1481627e+01 2.72e-02 4.21e+01  -1.7 4.53e-01  -0.1 1.57e-01 7.71e-01f  1
 271  1.1133903e+01 3.26e-02 4.18e+01  -1.7 8.83e+00    -  4.11e-02 6.56e-02f  1
 272  1.0164539e+01 3.12e-02 3.80e+01  -1.7 8.00e-01  -0.6 2.53e-01 9.14e-01f  1
 273  9.4776780e+00 1.91e-02 2.92e+01  -1.7 3.34e-01  -0.2 2.59e-01 3.96e-01f  1
 274  8.2492022e+00 9.31e-03 2.39e+01  -1.7 2.86e-01  -0.6 2.49e-01 1.00e+00f  1
 275  8.3573724e+00 1.27e-03 8.75e+00  -1.7 5.61e-02   0.7 7.15e-01 1.00e+00f  1
 276  7.2893036e+00 2.31e-03 3.28e+00  -1.7 1.06e-01   0.2 6.55e-01 1.00e+00f  1
 277  6.3168077e+00 2.29e-03 6.31e+00  -1.7 1.97e-01  -0.3 1.00e+00 1.00e+00f  1
 278  5.8524821e+00 1.14e-02 1.81e+01  -1.7 1.02e+00    -  6.70e-01 9.23e-01f  1
 279  5.7844867e+00 1.79e-03 2.76e+00  -1.7 1.53e-01  -0.7 1.00e+00 1.00e+00f  1
iter    objective    inf_pr   inf_du lg(mu)  ||d||  lg(rg) alpha_du alpha_pr  ls
 280  5.7117661e+00 1.74e-03 3.46e+00  -1.7 4.47e-01    -  1.00e+00 1.00e+00h  1
 281  5.7220180e+00 1.64e-04 6.41e-02  -1.7 1.25e-01    -  1.00e+00 1.00e+00h  1
 282  4.3934978e+00 2.48e-03 1.82e+00  -2.5 2.13e-01    -  9.27e-01 1.00e+00f  1
 283  3.8321144e+00 7.92e-03 2.76e-01  -2.5 1.24e-01    -  1.00e+00 1.00e+00f  1
 284  3.7483135e+00 1.56e-03 1.70e-02  -2.5 4.05e-02    -  1.00e+00 1.00e+00h  1
 285  3.4027545e+00 1.91e-03 2.48e-01  -3.8 9.90e-02    -  8.67e-01 1.00e+00f  1
 286  3.2862202e+00 9.46e-04 6.98e-02  -3.8 8.15e-02    -  9.67e-01 8.61e-01h  1
 287  3.2624873e+00 8.21e-05 3.60e-02  -3.8 2.79e-02    -  1.00e+00 1.00e+00h  1
 288  3.2592676e+00 4.64e-07 5.49e-04  -3.8 3.44e-03    -  1.00e+00 1.00e+00h  1
 289  3.2401853e+00 1.19e-05 1.18e-01  -5.7 2.09e-02    -  8.48e-01 6.73e-01f  1
iter    objective    inf_pr   inf_du lg(mu)  ||d||  lg(rg) alpha_du alpha_pr  ls
 290  3.2329726e+00 6.97e-06 9.71e-01  -5.7 1.31e-02    -  1.00e+00 6.67e-01h  1
 291  3.2304166e+00 2.98e-06 1.13e+00  -5.7 5.87e-03    -  1.00e+00 6.49e-01h  1
 292  3.2294159e+00 6.55e-07 2.95e-01  -5.7 1.43e-03    -  8.91e-01 7.78e-01f  1
 293  3.2291949e+00 9.80e-08 6.72e-02  -5.7 2.06e-04    -  1.00e+00 8.52e-01f  1
 294  3.2291470e+00 1.16e-10 1.50e-06  -5.7 2.48e-05    -  1.00e+00 1.00e+00f  1
 295  3.2289637e+00 6.64e-08 4.73e-02  -8.6 7.13e-04    -  8.66e-01 7.47e-01f  1
 296  3.2289114e+00 3.03e-08 3.76e-02  -8.6 3.42e-04    -  9.59e-01 7.71e-01h  1
 297  3.2288959e+00 7.72e-09 1.53e-02  -8.6 7.10e-05    -  1.00e+00 7.66e-01f  1
 298  3.2288903e+00 4.50e-10 1.17e-03  -8.6 1.11e-05    -  1.00e+00 9.44e-01f  1
 299  3.2288893e+00 1.42e-12 1.93e-09  -8.6 2.54e-06    -  1.00e+00 1.00e+00f  1

Number of Iterations....: 299

                                   (scaled)                 (unscaled)
Objective...............:   3.2288893098752336e+00    3.2288893098752336e+00
Dual infeasibility......:   1.9291306330160296e-09    1.9291306330160296e-09
Constraint violation....:   1.4150907008680935e-12    1.4150907008680935e-12
Variable bound violation:   9.6788390777297669e-09    9.6788390777297669e-09
Complementarity.........:   6.4031730285473637e-09    6.4031730285473637e-09
Overall NLP error.......:   6.4031730285473637e-09    6.4031730285473637e-09


Number of objective function evaluations             = 300
Number of objective gradient evaluations             = 300
Number of equality constraint evaluations            = 300
Number of inequality constraint evaluations          = 300
Number of equality constraint Jacobian evaluations   = 300
Number of inequality constraint Jacobian evaluations = 300
Number of Lagrangian Hessian evaluations             = 299
Total seconds in IPOPT                               = 1.516

EXIT: Optimal Solution Found.
partitioning
constructing product automaton vertices
constructing product automaton edges
removing redundant constraints
formulating GMP
formulating SDP
Problem
  Name                   :                 
  Objective sense        : minimize        
  Type                   : CONIC (conic optimization problem)
  Constraints            : 7560            
  Affine conic cons.     : 612 (17136 rows)
  Disjunctive cons.      : 0               
  Cones                  : 0               
  Scalar variables       : 17136           
  Matrix variables       : 0               
  Integer variables      : 0               

Optimizer started.
Presolve started.
Linear dependency checker started.
Linear dependency checker terminated.
Eliminator started.
Freed constraints in eliminator : 6054
Eliminator terminated.
Eliminator started.
Freed constraints in eliminator : 0
Eliminator terminated.
Eliminator - tries                  : 2                 time                   : 0.00            
Lin. dep.  - tries                  : 1                 time                   : 0.00            
Lin. dep.  - primal attempts        : 1                 successes              : 1               
Lin. dep.  - dual attempts          : 0                 successes              : 0               
Lin. dep.  - primal deps.           : 1                 dual deps.             : 0               
Presolve terminated. Time: 0.02    
Optimizer  - threads                : 8               
Optimizer  - solved problem         : the primal      
Optimizer  - Constraints            : 17953           
Optimizer  - Cones                  : 1               
Optimizer  - Scalar variables       : 12831             conic                  : 10675           
Optimizer  - Semi-definite variables: 612               scalarized             : 17136           
Factor     - setup time             : 0.06            
Factor     - dense det. time        : 0.00              GP order time          : 0.00            
Factor     - nonzeros before factor : 3.07e+05          after factor           : 1.19e+06        
Factor     - dense dim.             : 2                 flops                  : 1.37e+08        
ITE PFEAS    DFEAS    GFEAS    PRSTATUS   POBJ              DOBJ              MU       TIME  
0   1.9e+00  1.0e+00  1.0e+00  0.00e+00   4.000000000e-02   4.000000000e-02   1.0e+00  0.10  
1   1.5e+00  8.1e-01  7.3e-01  1.27e+00   -4.331312152e+00  -4.316004021e+00  8.1e-01  0.12  
2   3.2e-01  1.7e-01  5.3e-02  1.20e+00   -1.852668117e+01  -1.856636639e+01  1.7e-01  0.15  
3   4.9e-02  2.6e-02  1.9e-03  1.45e+00   -3.236495431e+00  -3.246573631e+00  2.6e-02  0.17  
4   1.4e-02  7.4e-03  3.1e-04  1.20e+00   1.278428497e+00   1.276005893e+00   7.4e-03  0.20  
5   5.4e-03  2.9e-03  7.8e-05  9.66e-01   2.508426352e+00   2.507530101e+00   2.9e-03  0.22  
6   3.3e-03  1.7e-03  3.8e-05  1.01e+00   2.789284213e+00   2.788754495e+00   1.7e-03  0.24  
7   2.2e-03  1.2e-03  2.1e-05  1.02e+00   2.897912117e+00   2.897567708e+00   1.2e-03  0.26  
8   8.7e-04  4.6e-04  5.3e-06  1.01e+00   3.040924285e+00   3.040795143e+00   4.6e-04  0.28  
9   6.5e-04  3.4e-04  3.4e-06  9.49e-01   3.062549586e+00   3.062454710e+00   3.4e-04  0.31  
10  1.7e-04  9.0e-05  5.0e-07  9.32e-01   3.120827673e+00   3.120803708e+00   9.0e-05  0.33  
11  6.3e-05  3.3e-05  1.1e-07  9.45e-01   3.137430462e+00   3.137421459e+00   3.3e-05  0.35  
12  2.9e-05  1.5e-05  3.6e-08  9.59e-01   3.142346953e+00   3.142342814e+00   1.5e-05  0.38  
13  1.7e-05  8.7e-06  1.6e-08  9.53e-01   3.143308660e+00   3.143306360e+00   8.7e-06  0.40  
14  1.0e-05  5.3e-06  7.8e-09  9.45e-01   3.143863356e+00   3.143861987e+00   5.3e-06  0.42  
15  4.3e-06  2.2e-06  2.2e-09  9.34e-01   3.144292617e+00   3.144292079e+00   2.2e-06  0.44  
16  1.3e-06  6.8e-07  4.1e-10  8.99e-01   3.144408489e+00   3.144408348e+00   6.8e-07  0.46  
17  5.7e-07  3.0e-07  1.3e-10  8.02e-01   3.144349141e+00   3.144349082e+00   3.0e-07  0.49  
18  2.3e-07  1.2e-07  3.7e-11  7.84e-01   3.144285823e+00   3.144285808e+00   1.2e-07  0.53  
19  2.2e-07  1.1e-07  3.4e-11  9.25e-01   3.144282860e+00   3.144282847e+00   1.1e-07  0.56  
20  2.2e-07  1.1e-07  3.4e-11  9.25e-01   3.144282860e+00   3.144282847e+00   1.1e-07  0.60  
21  2.2e-07  1.1e-07  3.4e-11  9.25e-01   3.144282860e+00   3.144282847e+00   1.1e-07  0.65  
Optimizer terminated. Time: 0.71    

70 modes
200 transitions
[2, 4, 6, 8, 10, 12, 14, 16, 18, 20, 22, 24, 26, 28, 30, 32, 34, 36, 38, 40, 42, 44, 46, 48, 50, 52, 54, 56, 58, 60, 62, 64, 66, 68, 70]
[1, 3, 5, 7, 9, 11, 13, 15, 17, 19, 21, 23, 25, 27, 29, 31, 33, 35, 37, 39, 41, 43, 45, 47, 49, 51, 53, 55, 57, 59, 61, 63, 65, 67, 69]
